#! /c/Source/iverilog-install/bin/vvp
:ivl_version "12.0 (devel)" "(s20150603-1539-g2693dd32b)";
:ivl_delay_selection "TYPICAL";
:vpi_time_precision + 0;
:vpi_module "C:\iverilog\lib\ivl\system.vpi";
:vpi_module "C:\iverilog\lib\ivl\vhdl_sys.vpi";
:vpi_module "C:\iverilog\lib\ivl\vhdl_textio.vpi";
:vpi_module "C:\iverilog\lib\ivl\v2005_math.vpi";
:vpi_module "C:\iverilog\lib\ivl\va_math.vpi";
S_000002975cfc66d0 .scope module, "elmnt_add_all" "elmnt_add_all" 2 5;
 .timescale 0 0;
    .port_info 0 /INPUT 992 "out_multiply";
    .port_info 1 /OUTPUT 32 "y";
P_000002975cfc6860 .param/l "FBITS" 0 2 7, +C4<00000000000000000000000000011000>;
P_000002975cfc6898 .param/l "N_REG" 0 2 8, +C4<00000000000000000000000000011111>;
P_000002975cfc68d0 .param/l "WIDTH" 0 2 6, +C4<00000000000000000000000000100000>;
v000002975cfc6cc0_0 .var/i "i", 31 0;
o000002975cee6fe8 .functor BUFZ 992, C4<zzzzzzzzzzzzzzzzzzzzzzzzzzzzzzzzzzzzzzzzzzzzzzzzzzzzzzzzzzzzzzzzzzzzzzzzzzzzzzzzzzzzzzzzzzzzzzzzzzzzzzzzzzzzzzzzzzzzzzzzzzzzzzzzzzzzzzzzzzzzzzzzzzzzzzzzzzzzzzzzzzzzzzzzzzzzzzzzzzzzzzzzzzzzzzzzzzzzzzzzzzzzzzzzzzzzzzzzzzzzzzzzzzzzzzzzzzzzzzzzzzzzzzzzzzzzzzzzzzzzzzzzzzzzzzzzzzzzzzzzzzzzzzzzzzzzzzzzzzzzzzzzzzzzzzzzzzzzzzzzzzzzzzzzzzzzzzzzzzzzzzzzzzzzzzzzzzzzzzzzzzzzzzzzzzzzzzzzzzzzzzzzzzzzzzzzzzzzzzzzzzzzzzzzzzzzzzzzzzzzzzzzzzzzzzzzzzzzzzzzzzzzzzzzzzzzzzzzzzzzzzzzzzzzzzzzzzzzzzzzzzzzzzzzzzzzzzzzzzzzzzzzzzzzzzzzzzzzzzzzzzzzzzzzzzzzzzzzzzzzzzzzzzzzzzzzzzzzzzzzzzzzzzzzzzzzzzzzzzzzzzzzzzzzzzzzzzzzzzzzzzzzzzzzzzzzzzzzzzzzzzzzzzzzzzzzzzzzzzzzzzzzzzzzzzzzzzzzzzzzzzzzzzzzzzzzzzzzzzzzzzzzzzzzzzzzzzzzzzzzzzzzzzzzzzzzzzzzzzzzzzzzzzzzzzzzzzzzzzzzzzzzzzzzzzzzzzzzzzzzzzzzzzzzzzzzzzzzzzzzzzzzzzzzzzzzzzzzzzzzzzzzzzzzzzzzzzzzzzzzzzzzzzzzzzzzzzzzzzzzzzzzzzzzzzzzzzzzzzzzzzzzzzzzzzzzzzzzzzzzzzzzzzzzzzzzzzzzzzzzzzzzzzzzzzzzzzzzzzzzzzzzzzzzzzzzzzzzzzzzzzzzzzzzzzzzzzzzzzzzzzzzzzzzzzzzzzzzzzzzzzzzzzzzzzzz>; HiZ drive
v000002975cee18e0_0 .net/s "out_multiply", 991 0, o000002975cee6fe8;  0 drivers
v000002975cee0ee0_0 .var/s "temp_sum", 31 0;
v000002975cee1de0_0 .var/s "y", 31 0;
E_000002975cee5ed0 .event anyedge, v000002975cee0ee0_0, v000002975cee18e0_0;
    .scope S_000002975cfc66d0;
T_0 ;
    %wait E_000002975cee5ed0;
    %pushi/vec4 0, 0, 32;
    %store/vec4 v000002975cee0ee0_0, 0, 32;
    %pushi/vec4 0, 0, 32;
    %store/vec4 v000002975cfc6cc0_0, 0, 32;
T_0.0 ;
    %load/vec4 v000002975cfc6cc0_0;
    %cmpi/s 31, 0, 32;
    %jmp/0xz T_0.1, 5;
    %load/vec4 v000002975cee0ee0_0;
    %load/vec4 v000002975cee18e0_0;
    %load/vec4 v000002975cfc6cc0_0;
    %muli 32, 0, 32;
    %part/s 32;
    %add;
    %store/vec4 v000002975cee0ee0_0, 0, 32;
    %load/vec4 v000002975cfc6cc0_0;
    %addi 1, 0, 32;
    %store/vec4 v000002975cfc6cc0_0, 0, 32;
    %jmp T_0.0;
T_0.1 ;
    %load/vec4 v000002975cee0ee0_0;
    %store/vec4 v000002975cee1de0_0, 0, 32;
    %jmp T_0;
    .thread T_0, $push;
# The file index is used to find the file name in the following table.
:file_names 3;
    "N/A";
    "<interactive>";
    "elmnt_add_all.v";
