#! /c/Source/iverilog-install/bin/vvp
:ivl_version "12.0 (devel)" "(s20150603-1539-g2693dd32b)";
:ivl_delay_selection "TYPICAL";
:vpi_time_precision + 0;
:vpi_module "C:\iverilog\lib\ivl\system.vpi";
:vpi_module "C:\iverilog\lib\ivl\vhdl_sys.vpi";
:vpi_module "C:\iverilog\lib\ivl\vhdl_textio.vpi";
:vpi_module "C:\iverilog\lib\ivl\v2005_math.vpi";
:vpi_module "C:\iverilog\lib\ivl\va_math.vpi";
S_000001e1e02a6600 .scope module, "elmnt_wise_mult" "elmnt_wise_mult" 2 6;
 .timescale 0 0;
    .port_info 0 /INPUT 992 "all_a";
    .port_info 1 /INPUT 992 "all_w";
    .port_info 2 /OUTPUT 992 "all_mult";
P_000001e1e0189fc0 .param/l "FBITS" 0 2 8, +C4<00000000000000000000000000011000>;
P_000001e1e0189ff8 .param/l "N_REG" 0 2 9, +C4<00000000000000000000000000011111>;
P_000001e1e018a030 .param/l "WIDTH" 0 2 7, +C4<00000000000000000000000000100000>;
o000001e1e01ad798 .functor BUFZ 992, C4<zzzzzzzzzzzzzzzzzzzzzzzzzzzzzzzzzzzzzzzzzzzzzzzzzzzzzzzzzzzzzzzzzzzzzzzzzzzzzzzzzzzzzzzzzzzzzzzzzzzzzzzzzzzzzzzzzzzzzzzzzzzzzzzzzzzzzzzzzzzzzzzzzzzzzzzzzzzzzzzzzzzzzzzzzzzzzzzzzzzzzzzzzzzzzzzzzzzzzzzzzzzzzzzzzzzzzzzzzzzzzzzzzzzzzzzzzzzzzzzzzzzzzzzzzzzzzzzzzzzzzzzzzzzzzzzzzzzzzzzzzzzzzzzzzzzzzzzzzzzzzzzzzzzzzzzzzzzzzzzzzzzzzzzzzzzzzzzzzzzzzzzzzzzzzzzzzzzzzzzzzzzzzzzzzzzzzzzzzzzzzzzzzzzzzzzzzzzzzzzzzzzzzzzzzzzzzzzzzzzzzzzzzzzzzzzzzzzzzzzzzzzzzzzzzzzzzzzzzzzzzzzzzzzzzzzzzzzzzzzzzzzzzzzzzzzzzzzzzzzzzzzzzzzzzzzzzzzzzzzzzzzzzzzzzzzzzzzzzzzzzzzzzzzzzzzzzzzzzzzzzzzzzzzzzzzzzzzzzzzzzzzzzzzzzzzzzzzzzzzzzzzzzzzzzzzzzzzzzzzzzzzzzzzzzzzzzzzzzzzzzzzzzzzzzzzzzzzzzzzzzzzzzzzzzzzzzzzzzzzzzzzzzzzzzzzzzzzzzzzzzzzzzzzzzzzzzzzzzzzzzzzzzzzzzzzzzzzzzzzzzzzzzzzzzzzzzzzzzzzzzzzzzzzzzzzzzzzzzzzzzzzzzzzzzzzzzzzzzzzzzzzzzzzzzzzzzzzzzzzzzzzzzzzzzzzzzzzzzzzzzzzzzzzzzzzzzzzzzzzzzzzzzzzzzzzzzzzzzzzzzzzzzzzzzzzzzzzzzzzzzzzzzzzzzzzzzzzzzzzzzzzzzzzzzzzzzzzzzzzzzzzzzzzzzzzzzzzzzzzzzzzzzzzzzzzzzzzzzzzzzzzzzzzzzzzz>; HiZ drive
v000001e1e02c8290_0 .net/s "all_a", 991 0, o000001e1e01ad798;  0 drivers
v000001e1e02c9e10_0 .net/s "all_mult", 991 0, L_000001e1e02cf100;  1 drivers
o000001e1e01ad7f8 .functor BUFZ 992, C4<zzzzzzzzzzzzzzzzzzzzzzzzzzzzzzzzzzzzzzzzzzzzzzzzzzzzzzzzzzzzzzzzzzzzzzzzzzzzzzzzzzzzzzzzzzzzzzzzzzzzzzzzzzzzzzzzzzzzzzzzzzzzzzzzzzzzzzzzzzzzzzzzzzzzzzzzzzzzzzzzzzzzzzzzzzzzzzzzzzzzzzzzzzzzzzzzzzzzzzzzzzzzzzzzzzzzzzzzzzzzzzzzzzzzzzzzzzzzzzzzzzzzzzzzzzzzzzzzzzzzzzzzzzzzzzzzzzzzzzzzzzzzzzzzzzzzzzzzzzzzzzzzzzzzzzzzzzzzzzzzzzzzzzzzzzzzzzzzzzzzzzzzzzzzzzzzzzzzzzzzzzzzzzzzzzzzzzzzzzzzzzzzzzzzzzzzzzzzzzzzzzzzzzzzzzzzzzzzzzzzzzzzzzzzzzzzzzzzzzzzzzzzzzzzzzzzzzzzzzzzzzzzzzzzzzzzzzzzzzzzzzzzzzzzzzzzzzzzzzzzzzzzzzzzzzzzzzzzzzzzzzzzzzzzzzzzzzzzzzzzzzzzzzzzzzzzzzzzzzzzzzzzzzzzzzzzzzzzzzzzzzzzzzzzzzzzzzzzzzzzzzzzzzzzzzzzzzzzzzzzzzzzzzzzzzzzzzzzzzzzzzzzzzzzzzzzzzzzzzzzzzzzzzzzzzzzzzzzzzzzzzzzzzzzzzzzzzzzzzzzzzzzzzzzzzzzzzzzzzzzzzzzzzzzzzzzzzzzzzzzzzzzzzzzzzzzzzzzzzzzzzzzzzzzzzzzzzzzzzzzzzzzzzzzzzzzzzzzzzzzzzzzzzzzzzzzzzzzzzzzzzzzzzzzzzzzzzzzzzzzzzzzzzzzzzzzzzzzzzzzzzzzzzzzzzzzzzzzzzzzzzzzzzzzzzzzzzzzzzzzzzzzzzzzzzzzzzzzzzzzzzzzzzzzzzzzzzzzzzzzzzzzzzzzzzzzzzzzzzzzzzzzzzzzzzzzzzzzzzzzzzzzzzzzzzzz>; HiZ drive
v000001e1e02c8d30_0 .net/s "all_w", 991 0, o000001e1e01ad7f8;  0 drivers
v000001e1e02c97d0 .array "out_mult", 0 30;
v000001e1e02c97d0_0 .net/s v000001e1e02c97d0 0, 31 0, L_000001e1e02c8790; 1 drivers
v000001e1e02c97d0_1 .net/s v000001e1e02c97d0 1, 31 0, L_000001e1e02c9f50; 1 drivers
v000001e1e02c97d0_2 .net/s v000001e1e02c97d0 2, 31 0, L_000001e1e02c9c30; 1 drivers
v000001e1e02c97d0_3 .net/s v000001e1e02c97d0 3, 31 0, L_000001e1e02c8970; 1 drivers
v000001e1e02c97d0_4 .net/s v000001e1e02c97d0 4, 31 0, L_000001e1e02c90f0; 1 drivers
v000001e1e02c97d0_5 .net/s v000001e1e02c97d0 5, 31 0, L_000001e1e02c9af0; 1 drivers
v000001e1e02c97d0_6 .net/s v000001e1e02c97d0 6, 31 0, L_000001e1e02ca980; 1 drivers
v000001e1e02c97d0_7 .net/s v000001e1e02c97d0 7, 31 0, L_000001e1e02cb240; 1 drivers
v000001e1e02c97d0_8 .net/s v000001e1e02c97d0 8, 31 0, L_000001e1e02ca8e0; 1 drivers
v000001e1e02c97d0_9 .net/s v000001e1e02c97d0 9, 31 0, L_000001e1e02cbd80; 1 drivers
v000001e1e02c97d0_10 .net/s v000001e1e02c97d0 10, 31 0, L_000001e1e02cb880; 1 drivers
v000001e1e02c97d0_11 .net/s v000001e1e02c97d0 11, 31 0, L_000001e1e02cb7e0; 1 drivers
v000001e1e02c97d0_12 .net/s v000001e1e02c97d0 12, 31 0, L_000001e1e02ca7a0; 1 drivers
v000001e1e02c97d0_13 .net/s v000001e1e02c97d0 13, 31 0, L_000001e1e02cb060; 1 drivers
v000001e1e02c97d0_14 .net/s v000001e1e02c97d0 14, 31 0, L_000001e1e02cda80; 1 drivers
v000001e1e02c97d0_15 .net/s v000001e1e02c97d0 15, 31 0, L_000001e1e02cd440; 1 drivers
v000001e1e02c97d0_16 .net/s v000001e1e02c97d0 16, 31 0, L_000001e1e02cc2c0; 1 drivers
v000001e1e02c97d0_17 .net/s v000001e1e02c97d0 17, 31 0, L_000001e1e02cc400; 1 drivers
v000001e1e02c97d0_18 .net/s v000001e1e02c97d0 18, 31 0, L_000001e1e02ccb80; 1 drivers
v000001e1e02c97d0_19 .net/s v000001e1e02c97d0 19, 31 0, L_000001e1e02cdee0; 1 drivers
v000001e1e02c97d0_20 .net/s v000001e1e02c97d0 20, 31 0, L_000001e1e02cdda0; 1 drivers
v000001e1e02c97d0_21 .net/s v000001e1e02c97d0 21, 31 0, L_000001e1e02cc900; 1 drivers
v000001e1e02c97d0_22 .net/s v000001e1e02c97d0 22, 31 0, L_000001e1e02cd260; 1 drivers
v000001e1e02c97d0_23 .net/s v000001e1e02c97d0 23, 31 0, L_000001e1e02cd580; 1 drivers
v000001e1e02c97d0_24 .net/s v000001e1e02c97d0 24, 31 0, L_000001e1e02cd080; 1 drivers
v000001e1e02c97d0_25 .net/s v000001e1e02c97d0 25, 31 0, L_000001e1e02cf9c0; 1 drivers
v000001e1e02c97d0_26 .net/s v000001e1e02c97d0 26, 31 0, L_000001e1e02cee80; 1 drivers
v000001e1e02c97d0_27 .net/s v000001e1e02c97d0 27, 31 0, L_000001e1e02cf740; 1 drivers
v000001e1e02c97d0_28 .net/s v000001e1e02c97d0 28, 31 0, L_000001e1e02ced40; 1 drivers
v000001e1e02c97d0_29 .net/s v000001e1e02c97d0 29, 31 0, L_000001e1e02cf060; 1 drivers
v000001e1e02c97d0_30 .net/s v000001e1e02c97d0 30, 31 0, L_000001e1e02cf7e0; 1 drivers
L_000001e1e02c8dd0 .part o000001e1e01ad798, 0, 32;
L_000001e1e02c8e70 .part o000001e1e01ad7f8, 0, 32;
L_000001e1e02c8f10 .part o000001e1e01ad798, 32, 32;
L_000001e1e02c99b0 .part o000001e1e01ad7f8, 32, 32;
L_000001e1e02c8830 .part o000001e1e01ad798, 64, 32;
L_000001e1e02c9230 .part o000001e1e01ad7f8, 64, 32;
L_000001e1e02c9ff0 .part o000001e1e01ad798, 96, 32;
L_000001e1e02c9410 .part o000001e1e01ad7f8, 96, 32;
L_000001e1e02c9190 .part o000001e1e01ad798, 128, 32;
L_000001e1e02c92d0 .part o000001e1e01ad7f8, 128, 32;
L_000001e1e02c95f0 .part o000001e1e01ad798, 160, 32;
L_000001e1e02c9b90 .part o000001e1e01ad7f8, 160, 32;
L_000001e1e02ca340 .part o000001e1e01ad798, 192, 32;
L_000001e1e02ca3e0 .part o000001e1e01ad7f8, 192, 32;
L_000001e1e02caac0 .part o000001e1e01ad798, 224, 32;
L_000001e1e02cbf60 .part o000001e1e01ad7f8, 224, 32;
L_000001e1e02cc000 .part o000001e1e01ad798, 256, 32;
L_000001e1e02cb9c0 .part o000001e1e01ad7f8, 256, 32;
L_000001e1e02ca660 .part o000001e1e01ad798, 288, 32;
L_000001e1e02cad40 .part o000001e1e01ad7f8, 288, 32;
L_000001e1e02cbc40 .part o000001e1e01ad798, 320, 32;
L_000001e1e02caf20 .part o000001e1e01ad7f8, 320, 32;
L_000001e1e02cb560 .part o000001e1e01ad798, 352, 32;
L_000001e1e02cb920 .part o000001e1e01ad7f8, 352, 32;
L_000001e1e02cafc0 .part o000001e1e01ad798, 384, 32;
L_000001e1e02cba60 .part o000001e1e01ad7f8, 384, 32;
L_000001e1e02ca200 .part o000001e1e01ad798, 416, 32;
L_000001e1e02cbb00 .part o000001e1e01ad7f8, 416, 32;
L_000001e1e02cdb20 .part o000001e1e01ad798, 448, 32;
L_000001e1e02cd4e0 .part o000001e1e01ad7f8, 448, 32;
L_000001e1e02ce7a0 .part o000001e1e01ad798, 480, 32;
L_000001e1e02cc360 .part o000001e1e01ad7f8, 480, 32;
L_000001e1e02ccae0 .part o000001e1e01ad798, 512, 32;
L_000001e1e02ce8e0 .part o000001e1e01ad7f8, 512, 32;
L_000001e1e02ce700 .part o000001e1e01ad798, 544, 32;
L_000001e1e02cd9e0 .part o000001e1e01ad7f8, 544, 32;
L_000001e1e02cdf80 .part o000001e1e01ad798, 576, 32;
L_000001e1e02cce00 .part o000001e1e01ad7f8, 576, 32;
L_000001e1e02ce160 .part o000001e1e01ad798, 608, 32;
L_000001e1e02ccea0 .part o000001e1e01ad7f8, 608, 32;
L_000001e1e02cd940 .part o000001e1e01ad798, 640, 32;
L_000001e1e02ce020 .part o000001e1e01ad7f8, 640, 32;
L_000001e1e02cd120 .part o000001e1e01ad798, 672, 32;
L_000001e1e02ce200 .part o000001e1e01ad7f8, 672, 32;
L_000001e1e02ce5c0 .part o000001e1e01ad798, 704, 32;
L_000001e1e02ce0c0 .part o000001e1e01ad7f8, 704, 32;
L_000001e1e02ce2a0 .part o000001e1e01ad798, 736, 32;
L_000001e1e02cd3a0 .part o000001e1e01ad7f8, 736, 32;
L_000001e1e02cd620 .part o000001e1e01ad798, 768, 32;
L_000001e1e02ce520 .part o000001e1e01ad7f8, 768, 32;
L_000001e1e02cf2e0 .part o000001e1e01ad798, 800, 32;
L_000001e1e02cfce0 .part o000001e1e01ad7f8, 800, 32;
L_000001e1e02cf4c0 .part o000001e1e01ad798, 832, 32;
L_000001e1e02cede0 .part o000001e1e01ad7f8, 832, 32;
L_000001e1e02cf420 .part o000001e1e01ad798, 864, 32;
L_000001e1e02cea20 .part o000001e1e01ad7f8, 864, 32;
L_000001e1e02d0000 .part o000001e1e01ad798, 896, 32;
L_000001e1e02cf560 .part o000001e1e01ad7f8, 896, 32;
L_000001e1e02ceca0 .part o000001e1e01ad798, 928, 32;
L_000001e1e02cfa60 .part o000001e1e01ad7f8, 928, 32;
LS_000001e1e02cf100_0_0 .concat8 [ 32 32 32 32], L_000001e1e019b680, L_000001e1e019b8b0, L_000001e1e019b6f0, L_000001e1e019aa40;
LS_000001e1e02cf100_0_4 .concat8 [ 32 32 32 32], L_000001e1e019b290, L_000001e1e019ac00, L_000001e1e019b300, L_000001e1e019b840;
LS_000001e1e02cf100_0_8 .concat8 [ 32 32 32 32], L_000001e1e019b610, L_000001e1e019b370, L_000001e1e019ab90, L_000001e1e019aab0;
LS_000001e1e02cf100_0_12 .concat8 [ 32 32 32 32], L_000001e1e019b760, L_000001e1e019aff0, L_000001e1e019b0d0, L_000001e1e019b7d0;
LS_000001e1e02cf100_0_16 .concat8 [ 32 32 32 32], L_000001e1e019b920, L_000001e1e019ac70, L_000001e1e019ab20, L_000001e1e019af10;
LS_000001e1e02cf100_0_20 .concat8 [ 32 32 32 32], L_000001e1e019ace0, L_000001e1e019ad50, L_000001e1e019b3e0, L_000001e1e019b450;
LS_000001e1e02cf100_0_24 .concat8 [ 32 32 32 32], L_000001e1e019b140, L_000001e1e019adc0, L_000001e1e019b4c0, L_000001e1e019af80;
LS_000001e1e02cf100_0_28 .concat8 [ 32 32 32 0], L_000001e1e019b530, L_000001e1e019b5a0, L_000001e1e02d57e0;
LS_000001e1e02cf100_1_0 .concat8 [ 128 128 128 128], LS_000001e1e02cf100_0_0, LS_000001e1e02cf100_0_4, LS_000001e1e02cf100_0_8, LS_000001e1e02cf100_0_12;
LS_000001e1e02cf100_1_4 .concat8 [ 128 128 128 96], LS_000001e1e02cf100_0_16, LS_000001e1e02cf100_0_20, LS_000001e1e02cf100_0_24, LS_000001e1e02cf100_0_28;
L_000001e1e02cf100 .concat8 [ 512 480 0 0], LS_000001e1e02cf100_1_0, LS_000001e1e02cf100_1_4;
L_000001e1e02cf880 .part o000001e1e01ad798, 960, 32;
L_000001e1e02cf920 .part o000001e1e01ad7f8, 960, 32;
S_000001e1e02a6790 .scope generate, "mult_all[0]" "mult_all[0]" 2 25, 2 25 0, S_000001e1e02a6600;
 .timescale 0 0;
P_000001e1e01a3690 .param/l "g" 0 2 25, +C4<00>;
L_000001e1e019b680 .functor BUFZ 32, L_000001e1e02c8790, C4<00000000000000000000000000000000>, C4<00000000000000000000000000000000>, C4<00000000000000000000000000000000>;
v000001e1e019f720_0 .net *"_ivl_2", 31 0, L_000001e1e019b680;  1 drivers
S_000001e1e0146ab0 .scope module, "u_mult" "mult_Q" 2 31, 3 4 0, S_000001e1e02a6790;
 .timescale 0 0;
    .port_info 0 /INPUT 32 "a";
    .port_info 1 /INPUT 32 "b";
    .port_info 2 /OUTPUT 32 "y";
P_000001e1e013d800 .param/l "FBITS" 0 3 6, +C4<00000000000000000000000000011000>;
P_000001e1e013d838 .param/l "WIDTH" 0 3 5, +C4<00000000000000000000000000100000>;
v000001e1e019f5e0_0 .net/s *"_ivl_0", 63 0, L_000001e1e02c8470;  1 drivers
v000001e1e019f220_0 .net/s *"_ivl_2", 63 0, L_000001e1e02c8a10;  1 drivers
v000001e1e019e6e0_0 .net/s "a", 31 0, L_000001e1e02c8dd0;  1 drivers
v000001e1e019ec80_0 .net/s "b", 31 0, L_000001e1e02c8e70;  1 drivers
v000001e1e019f680_0 .net/s "raw_y", 63 0, L_000001e1e02c85b0;  1 drivers
v000001e1e019e500_0 .net/s "y", 31 0, L_000001e1e02c8790;  alias, 1 drivers
L_000001e1e02c8470 .extend/s 64, L_000001e1e02c8dd0;
L_000001e1e02c8a10 .extend/s 64, L_000001e1e02c8e70;
L_000001e1e02c85b0 .arith/mult 64, L_000001e1e02c8470, L_000001e1e02c8a10;
L_000001e1e02c8790 .part L_000001e1e02c85b0, 24, 32;
S_000001e1e01a9680 .scope generate, "mult_all[1]" "mult_all[1]" 2 25, 2 25 0, S_000001e1e02a6600;
 .timescale 0 0;
P_000001e1e01a3910 .param/l "g" 0 2 25, +C4<01>;
L_000001e1e019b8b0 .functor BUFZ 32, L_000001e1e02c9f50, C4<00000000000000000000000000000000>, C4<00000000000000000000000000000000>, C4<00000000000000000000000000000000>;
v000001e1e019efa0_0 .net *"_ivl_2", 31 0, L_000001e1e019b8b0;  1 drivers
S_000001e1e0146c40 .scope module, "u_mult" "mult_Q" 2 31, 3 4 0, S_000001e1e01a9680;
 .timescale 0 0;
    .port_info 0 /INPUT 32 "a";
    .port_info 1 /INPUT 32 "b";
    .port_info 2 /OUTPUT 32 "y";
P_000001e1e013cf80 .param/l "FBITS" 0 3 6, +C4<00000000000000000000000000011000>;
P_000001e1e013cfb8 .param/l "WIDTH" 0 3 5, +C4<00000000000000000000000000100000>;
v000001e1e019ea00_0 .net/s *"_ivl_0", 63 0, L_000001e1e02c94b0;  1 drivers
v000001e1e019f7c0_0 .net/s *"_ivl_2", 63 0, L_000001e1e02c8510;  1 drivers
v000001e1e019dec0_0 .net/s "a", 31 0, L_000001e1e02c8f10;  1 drivers
v000001e1e019ed20_0 .net/s "b", 31 0, L_000001e1e02c99b0;  1 drivers
v000001e1e019db00_0 .net/s "raw_y", 63 0, L_000001e1e02c8650;  1 drivers
v000001e1e019ee60_0 .net/s "y", 31 0, L_000001e1e02c9f50;  alias, 1 drivers
L_000001e1e02c94b0 .extend/s 64, L_000001e1e02c8f10;
L_000001e1e02c8510 .extend/s 64, L_000001e1e02c99b0;
L_000001e1e02c8650 .arith/mult 64, L_000001e1e02c94b0, L_000001e1e02c8510;
L_000001e1e02c9f50 .part L_000001e1e02c8650, 24, 32;
S_000001e1e01fa630 .scope generate, "mult_all[2]" "mult_all[2]" 2 25, 2 25 0, S_000001e1e02a6600;
 .timescale 0 0;
P_000001e1e01a3210 .param/l "g" 0 2 25, +C4<010>;
L_000001e1e019b6f0 .functor BUFZ 32, L_000001e1e02c9c30, C4<00000000000000000000000000000000>, C4<00000000000000000000000000000000>, C4<00000000000000000000000000000000>;
v000001e1e019f400_0 .net *"_ivl_2", 31 0, L_000001e1e019b6f0;  1 drivers
S_000001e1e01fa7c0 .scope module, "u_mult" "mult_Q" 2 31, 3 4 0, S_000001e1e01fa630;
 .timescale 0 0;
    .port_info 0 /INPUT 32 "a";
    .port_info 1 /INPUT 32 "b";
    .port_info 2 /OUTPUT 32 "y";
P_000001e1e013e480 .param/l "FBITS" 0 3 6, +C4<00000000000000000000000000011000>;
P_000001e1e013e4b8 .param/l "WIDTH" 0 3 5, +C4<00000000000000000000000000100000>;
v000001e1e019dc40_0 .net/s *"_ivl_0", 63 0, L_000001e1e02c86f0;  1 drivers
v000001e1e019dce0_0 .net/s *"_ivl_2", 63 0, L_000001e1e02c8ab0;  1 drivers
v000001e1e019e000_0 .net/s "a", 31 0, L_000001e1e02c8830;  1 drivers
v000001e1e019dd80_0 .net/s "b", 31 0, L_000001e1e02c9230;  1 drivers
v000001e1e019e8c0_0 .net/s "raw_y", 63 0, L_000001e1e02c9a50;  1 drivers
v000001e1e019e5a0_0 .net/s "y", 31 0, L_000001e1e02c9c30;  alias, 1 drivers
L_000001e1e02c86f0 .extend/s 64, L_000001e1e02c8830;
L_000001e1e02c8ab0 .extend/s 64, L_000001e1e02c9230;
L_000001e1e02c9a50 .arith/mult 64, L_000001e1e02c86f0, L_000001e1e02c8ab0;
L_000001e1e02c9c30 .part L_000001e1e02c9a50, 24, 32;
S_000001e1e01fa950 .scope generate, "mult_all[3]" "mult_all[3]" 2 25, 2 25 0, S_000001e1e02a6600;
 .timescale 0 0;
P_000001e1e01a3250 .param/l "g" 0 2 25, +C4<011>;
L_000001e1e019aa40 .functor BUFZ 32, L_000001e1e02c8970, C4<00000000000000000000000000000000>, C4<00000000000000000000000000000000>, C4<00000000000000000000000000000000>;
v000001e1e019e280_0 .net *"_ivl_2", 31 0, L_000001e1e019aa40;  1 drivers
S_000001e1e01faae0 .scope module, "u_mult" "mult_Q" 2 31, 3 4 0, S_000001e1e01fa950;
 .timescale 0 0;
    .port_info 0 /INPUT 32 "a";
    .port_info 1 /INPUT 32 "b";
    .port_info 2 /OUTPUT 32 "y";
P_000001e1e013eb80 .param/l "FBITS" 0 3 6, +C4<00000000000000000000000000011000>;
P_000001e1e013ebb8 .param/l "WIDTH" 0 3 5, +C4<00000000000000000000000000100000>;
v000001e1e019df60_0 .net/s *"_ivl_0", 63 0, L_000001e1e02c9d70;  1 drivers
v000001e1e019f040_0 .net/s *"_ivl_2", 63 0, L_000001e1e02c9050;  1 drivers
v000001e1e019e320_0 .net/s "a", 31 0, L_000001e1e02c9ff0;  1 drivers
v000001e1e019f180_0 .net/s "b", 31 0, L_000001e1e02c9410;  1 drivers
v000001e1e019e3c0_0 .net/s "raw_y", 63 0, L_000001e1e02c9eb0;  1 drivers
v000001e1e019e1e0_0 .net/s "y", 31 0, L_000001e1e02c8970;  alias, 1 drivers
L_000001e1e02c9d70 .extend/s 64, L_000001e1e02c9ff0;
L_000001e1e02c9050 .extend/s 64, L_000001e1e02c9410;
L_000001e1e02c9eb0 .arith/mult 64, L_000001e1e02c9d70, L_000001e1e02c9050;
L_000001e1e02c8970 .part L_000001e1e02c9eb0, 24, 32;
S_000001e1e01fac70 .scope generate, "mult_all[4]" "mult_all[4]" 2 25, 2 25 0, S_000001e1e02a6600;
 .timescale 0 0;
P_000001e1e01a2b10 .param/l "g" 0 2 25, +C4<0100>;
L_000001e1e019b290 .functor BUFZ 32, L_000001e1e02c90f0, C4<00000000000000000000000000000000>, C4<00000000000000000000000000000000>, C4<00000000000000000000000000000000>;
v000001e1e0172750_0 .net *"_ivl_2", 31 0, L_000001e1e019b290;  1 drivers
S_000001e1e01fae00 .scope module, "u_mult" "mult_Q" 2 31, 3 4 0, S_000001e1e01fac70;
 .timescale 0 0;
    .port_info 0 /INPUT 32 "a";
    .port_info 1 /INPUT 32 "b";
    .port_info 2 /OUTPUT 32 "y";
P_000001e1e013d100 .param/l "FBITS" 0 3 6, +C4<00000000000000000000000000011000>;
P_000001e1e013d138 .param/l "WIDTH" 0 3 5, +C4<00000000000000000000000000100000>;
v000001e1e019f0e0_0 .net/s *"_ivl_0", 63 0, L_000001e1e02c8fb0;  1 drivers
v000001e1e019e460_0 .net/s *"_ivl_2", 63 0, L_000001e1e02c9cd0;  1 drivers
v000001e1e019e640_0 .net/s "a", 31 0, L_000001e1e02c9190;  1 drivers
v000001e1e019f360_0 .net/s "b", 31 0, L_000001e1e02c92d0;  1 drivers
v000001e1e01733d0_0 .net/s "raw_y", 63 0, L_000001e1e02c81f0;  1 drivers
v000001e1e0171670_0 .net/s "y", 31 0, L_000001e1e02c90f0;  alias, 1 drivers
L_000001e1e02c8fb0 .extend/s 64, L_000001e1e02c9190;
L_000001e1e02c9cd0 .extend/s 64, L_000001e1e02c92d0;
L_000001e1e02c81f0 .arith/mult 64, L_000001e1e02c8fb0, L_000001e1e02c9cd0;
L_000001e1e02c90f0 .part L_000001e1e02c81f0, 24, 32;
S_000001e1e01faf90 .scope generate, "mult_all[5]" "mult_all[5]" 2 25, 2 25 0, S_000001e1e02a6600;
 .timescale 0 0;
P_000001e1e01a2fd0 .param/l "g" 0 2 25, +C4<0101>;
L_000001e1e019ac00 .functor BUFZ 32, L_000001e1e02c9af0, C4<00000000000000000000000000000000>, C4<00000000000000000000000000000000>, C4<00000000000000000000000000000000>;
v000001e1e0171b70_0 .net *"_ivl_2", 31 0, L_000001e1e019ac00;  1 drivers
S_000001e1e01fb120 .scope module, "u_mult" "mult_Q" 2 31, 3 4 0, S_000001e1e01faf90;
 .timescale 0 0;
    .port_info 0 /INPUT 32 "a";
    .port_info 1 /INPUT 32 "b";
    .port_info 2 /OUTPUT 32 "y";
P_000001e1e013cc80 .param/l "FBITS" 0 3 6, +C4<00000000000000000000000000011000>;
P_000001e1e013ccb8 .param/l "WIDTH" 0 3 5, +C4<00000000000000000000000000100000>;
v000001e1e0172430_0 .net/s *"_ivl_0", 63 0, L_000001e1e02c9370;  1 drivers
v000001e1e0172070_0 .net/s *"_ivl_2", 63 0, L_000001e1e02c9550;  1 drivers
v000001e1e01717b0_0 .net/s "a", 31 0, L_000001e1e02c95f0;  1 drivers
v000001e1e0172a70_0 .net/s "b", 31 0, L_000001e1e02c9b90;  1 drivers
v000001e1e0172bb0_0 .net/s "raw_y", 63 0, L_000001e1e02c9690;  1 drivers
v000001e1e0172c50_0 .net/s "y", 31 0, L_000001e1e02c9af0;  alias, 1 drivers
L_000001e1e02c9370 .extend/s 64, L_000001e1e02c95f0;
L_000001e1e02c9550 .extend/s 64, L_000001e1e02c9b90;
L_000001e1e02c9690 .arith/mult 64, L_000001e1e02c9370, L_000001e1e02c9550;
L_000001e1e02c9af0 .part L_000001e1e02c9690, 24, 32;
S_000001e1e01fb2b0 .scope generate, "mult_all[6]" "mult_all[6]" 2 25, 2 25 0, S_000001e1e02a6600;
 .timescale 0 0;
P_000001e1e01a3010 .param/l "g" 0 2 25, +C4<0110>;
L_000001e1e019b300 .functor BUFZ 32, L_000001e1e02ca980, C4<00000000000000000000000000000000>, C4<00000000000000000000000000000000>, C4<00000000000000000000000000000000>;
v000001e1e01881d0_0 .net *"_ivl_2", 31 0, L_000001e1e019b300;  1 drivers
S_000001e1e01fb440 .scope module, "u_mult" "mult_Q" 2 31, 3 4 0, S_000001e1e01fb2b0;
 .timescale 0 0;
    .port_info 0 /INPUT 32 "a";
    .port_info 1 /INPUT 32 "b";
    .port_info 2 /OUTPUT 32 "y";
P_000001e1e013d200 .param/l "FBITS" 0 3 6, +C4<00000000000000000000000000011000>;
P_000001e1e013d238 .param/l "WIDTH" 0 3 5, +C4<00000000000000000000000000100000>;
v000001e1e0187f50_0 .net/s *"_ivl_0", 63 0, L_000001e1e02caca0;  1 drivers
v000001e1e0188590_0 .net/s *"_ivl_2", 63 0, L_000001e1e02cb1a0;  1 drivers
v000001e1e0189670_0 .net/s "a", 31 0, L_000001e1e02ca340;  1 drivers
v000001e1e01886d0_0 .net/s "b", 31 0, L_000001e1e02ca3e0;  1 drivers
v000001e1e01889f0_0 .net/s "raw_y", 63 0, L_000001e1e02cb600;  1 drivers
v000001e1e0189170_0 .net/s "y", 31 0, L_000001e1e02ca980;  alias, 1 drivers
L_000001e1e02caca0 .extend/s 64, L_000001e1e02ca340;
L_000001e1e02cb1a0 .extend/s 64, L_000001e1e02ca3e0;
L_000001e1e02cb600 .arith/mult 64, L_000001e1e02caca0, L_000001e1e02cb1a0;
L_000001e1e02ca980 .part L_000001e1e02cb600, 24, 32;
S_000001e1e01fb5d0 .scope generate, "mult_all[7]" "mult_all[7]" 2 25, 2 25 0, S_000001e1e02a6600;
 .timescale 0 0;
P_000001e1e01a2b90 .param/l "g" 0 2 25, +C4<0111>;
L_000001e1e019b840 .functor BUFZ 32, L_000001e1e02cb240, C4<00000000000000000000000000000000>, C4<00000000000000000000000000000000>, C4<00000000000000000000000000000000>;
v000001e1e01682b0_0 .net *"_ivl_2", 31 0, L_000001e1e019b840;  1 drivers
S_000001e1e01fb760 .scope module, "u_mult" "mult_Q" 2 31, 3 4 0, S_000001e1e01fb5d0;
 .timescale 0 0;
    .port_info 0 /INPUT 32 "a";
    .port_info 1 /INPUT 32 "b";
    .port_info 2 /OUTPUT 32 "y";
P_000001e1e013cd00 .param/l "FBITS" 0 3 6, +C4<00000000000000000000000000011000>;
P_000001e1e013cd38 .param/l "WIDTH" 0 3 5, +C4<00000000000000000000000000100000>;
v000001e1e01892b0_0 .net/s *"_ivl_0", 63 0, L_000001e1e02cbce0;  1 drivers
v000001e1e0189490_0 .net/s *"_ivl_2", 63 0, L_000001e1e02ca480;  1 drivers
v000001e1e0187cd0_0 .net/s "a", 31 0, L_000001e1e02caac0;  1 drivers
v000001e1e0167c70_0 .net/s "b", 31 0, L_000001e1e02cbf60;  1 drivers
v000001e1e0168210_0 .net/s "raw_y", 63 0, L_000001e1e02cb380;  1 drivers
v000001e1e0167d10_0 .net/s "y", 31 0, L_000001e1e02cb240;  alias, 1 drivers
L_000001e1e02cbce0 .extend/s 64, L_000001e1e02caac0;
L_000001e1e02ca480 .extend/s 64, L_000001e1e02cbf60;
L_000001e1e02cb380 .arith/mult 64, L_000001e1e02cbce0, L_000001e1e02ca480;
L_000001e1e02cb240 .part L_000001e1e02cb380, 24, 32;
S_000001e1e01fb940 .scope generate, "mult_all[8]" "mult_all[8]" 2 25, 2 25 0, S_000001e1e02a6600;
 .timescale 0 0;
P_000001e1e01a3050 .param/l "g" 0 2 25, +C4<01000>;
L_000001e1e019b610 .functor BUFZ 32, L_000001e1e02ca8e0, C4<00000000000000000000000000000000>, C4<00000000000000000000000000000000>, C4<00000000000000000000000000000000>;
v000001e1e01fcdb0_0 .net *"_ivl_2", 31 0, L_000001e1e019b610;  1 drivers
S_000001e1e01fc430 .scope module, "u_mult" "mult_Q" 2 31, 3 4 0, S_000001e1e01fb940;
 .timescale 0 0;
    .port_info 0 /INPUT 32 "a";
    .port_info 1 /INPUT 32 "b";
    .port_info 2 /OUTPUT 32 "y";
P_000001e1e013dc00 .param/l "FBITS" 0 3 6, +C4<00000000000000000000000000011000>;
P_000001e1e013dc38 .param/l "WIDTH" 0 3 5, +C4<00000000000000000000000000100000>;
v000001e1e0168350_0 .net/s *"_ivl_0", 63 0, L_000001e1e02cb2e0;  1 drivers
v000001e1e01fcf90_0 .net/s *"_ivl_2", 63 0, L_000001e1e02cb4c0;  1 drivers
v000001e1e01fd710_0 .net/s "a", 31 0, L_000001e1e02cc000;  1 drivers
v000001e1e01fd0d0_0 .net/s "b", 31 0, L_000001e1e02cb9c0;  1 drivers
v000001e1e01fd170_0 .net/s "raw_y", 63 0, L_000001e1e02cbba0;  1 drivers
v000001e1e01fe250_0 .net/s "y", 31 0, L_000001e1e02ca8e0;  alias, 1 drivers
L_000001e1e02cb2e0 .extend/s 64, L_000001e1e02cc000;
L_000001e1e02cb4c0 .extend/s 64, L_000001e1e02cb9c0;
L_000001e1e02cbba0 .arith/mult 64, L_000001e1e02cb2e0, L_000001e1e02cb4c0;
L_000001e1e02ca8e0 .part L_000001e1e02cbba0, 24, 32;
S_000001e1e01fbad0 .scope generate, "mult_all[9]" "mult_all[9]" 2 25, 2 25 0, S_000001e1e02a6600;
 .timescale 0 0;
P_000001e1e01a2e90 .param/l "g" 0 2 25, +C4<01001>;
L_000001e1e019b370 .functor BUFZ 32, L_000001e1e02cbd80, C4<00000000000000000000000000000000>, C4<00000000000000000000000000000000>, C4<00000000000000000000000000000000>;
v000001e1e01fe2f0_0 .net *"_ivl_2", 31 0, L_000001e1e019b370;  1 drivers
S_000001e1e01fc5c0 .scope module, "u_mult" "mult_Q" 2 31, 3 4 0, S_000001e1e01fbad0;
 .timescale 0 0;
    .port_info 0 /INPUT 32 "a";
    .port_info 1 /INPUT 32 "b";
    .port_info 2 /OUTPUT 32 "y";
P_000001e1e013d380 .param/l "FBITS" 0 3 6, +C4<00000000000000000000000000011000>;
P_000001e1e013d3b8 .param/l "WIDTH" 0 3 5, +C4<00000000000000000000000000100000>;
v000001e1e01fdf30_0 .net/s *"_ivl_0", 63 0, L_000001e1e02ca5c0;  1 drivers
v000001e1e01fe430_0 .net/s *"_ivl_2", 63 0, L_000001e1e02cab60;  1 drivers
v000001e1e01fe750_0 .net/s "a", 31 0, L_000001e1e02ca660;  1 drivers
v000001e1e01fdfd0_0 .net/s "b", 31 0, L_000001e1e02cad40;  1 drivers
v000001e1e01fe1b0_0 .net/s "raw_y", 63 0, L_000001e1e02cac00;  1 drivers
v000001e1e01fdad0_0 .net/s "y", 31 0, L_000001e1e02cbd80;  alias, 1 drivers
L_000001e1e02ca5c0 .extend/s 64, L_000001e1e02ca660;
L_000001e1e02cab60 .extend/s 64, L_000001e1e02cad40;
L_000001e1e02cac00 .arith/mult 64, L_000001e1e02ca5c0, L_000001e1e02cab60;
L_000001e1e02cbd80 .part L_000001e1e02cac00, 24, 32;
S_000001e1e01fc750 .scope generate, "mult_all[10]" "mult_all[10]" 2 25, 2 25 0, S_000001e1e02a6600;
 .timescale 0 0;
P_000001e1e01a3290 .param/l "g" 0 2 25, +C4<01010>;
L_000001e1e019ab90 .functor BUFZ 32, L_000001e1e02cb880, C4<00000000000000000000000000000000>, C4<00000000000000000000000000000000>, C4<00000000000000000000000000000000>;
v000001e1e01fca90_0 .net *"_ivl_2", 31 0, L_000001e1e019ab90;  1 drivers
S_000001e1e01fbdf0 .scope module, "u_mult" "mult_Q" 2 31, 3 4 0, S_000001e1e01fc750;
 .timescale 0 0;
    .port_info 0 /INPUT 32 "a";
    .port_info 1 /INPUT 32 "b";
    .port_info 2 /OUTPUT 32 "y";
P_000001e1e013cd80 .param/l "FBITS" 0 3 6, +C4<00000000000000000000000000011000>;
P_000001e1e013cdb8 .param/l "WIDTH" 0 3 5, +C4<00000000000000000000000000100000>;
v000001e1e01fcb30_0 .net/s *"_ivl_0", 63 0, L_000001e1e02cade0;  1 drivers
v000001e1e01fd210_0 .net/s *"_ivl_2", 63 0, L_000001e1e02cb420;  1 drivers
v000001e1e01fcd10_0 .net/s "a", 31 0, L_000001e1e02cbc40;  1 drivers
v000001e1e01fe070_0 .net/s "b", 31 0, L_000001e1e02caf20;  1 drivers
v000001e1e01fe110_0 .net/s "raw_y", 63 0, L_000001e1e02cae80;  1 drivers
v000001e1e01fd670_0 .net/s "y", 31 0, L_000001e1e02cb880;  alias, 1 drivers
L_000001e1e02cade0 .extend/s 64, L_000001e1e02cbc40;
L_000001e1e02cb420 .extend/s 64, L_000001e1e02caf20;
L_000001e1e02cae80 .arith/mult 64, L_000001e1e02cade0, L_000001e1e02cb420;
L_000001e1e02cb880 .part L_000001e1e02cae80, 24, 32;
S_000001e1e01fbf80 .scope generate, "mult_all[11]" "mult_all[11]" 2 25, 2 25 0, S_000001e1e02a6600;
 .timescale 0 0;
P_000001e1e01a2c90 .param/l "g" 0 2 25, +C4<01011>;
L_000001e1e019aab0 .functor BUFZ 32, L_000001e1e02cb7e0, C4<00000000000000000000000000000000>, C4<00000000000000000000000000000000>, C4<00000000000000000000000000000000>;
v000001e1e01fd990_0 .net *"_ivl_2", 31 0, L_000001e1e019aab0;  1 drivers
S_000001e1e01fc110 .scope module, "u_mult" "mult_Q" 2 31, 3 4 0, S_000001e1e01fbf80;
 .timescale 0 0;
    .port_info 0 /INPUT 32 "a";
    .port_info 1 /INPUT 32 "b";
    .port_info 2 /OUTPUT 32 "y";
P_000001e1e013d400 .param/l "FBITS" 0 3 6, +C4<00000000000000000000000000011000>;
P_000001e1e013d438 .param/l "WIDTH" 0 3 5, +C4<00000000000000000000000000100000>;
v000001e1e01fc9f0_0 .net/s *"_ivl_0", 63 0, L_000001e1e02cbe20;  1 drivers
v000001e1e01fe570_0 .net/s *"_ivl_2", 63 0, L_000001e1e02cbec0;  1 drivers
v000001e1e01fe390_0 .net/s "a", 31 0, L_000001e1e02cb560;  1 drivers
v000001e1e01fce50_0 .net/s "b", 31 0, L_000001e1e02cb920;  1 drivers
v000001e1e01fd5d0_0 .net/s "raw_y", 63 0, L_000001e1e02ca160;  1 drivers
v000001e1e01fd7b0_0 .net/s "y", 31 0, L_000001e1e02cb7e0;  alias, 1 drivers
L_000001e1e02cbe20 .extend/s 64, L_000001e1e02cb560;
L_000001e1e02cbec0 .extend/s 64, L_000001e1e02cb920;
L_000001e1e02ca160 .arith/mult 64, L_000001e1e02cbe20, L_000001e1e02cbec0;
L_000001e1e02cb7e0 .part L_000001e1e02ca160, 24, 32;
S_000001e1e01fbc60 .scope generate, "mult_all[12]" "mult_all[12]" 2 25, 2 25 0, S_000001e1e02a6600;
 .timescale 0 0;
P_000001e1e01a3190 .param/l "g" 0 2 25, +C4<01100>;
L_000001e1e019b760 .functor BUFZ 32, L_000001e1e02ca7a0, C4<00000000000000000000000000000000>, C4<00000000000000000000000000000000>, C4<00000000000000000000000000000000>;
v000001e1e01fd030_0 .net *"_ivl_2", 31 0, L_000001e1e019b760;  1 drivers
S_000001e1e01fc2a0 .scope module, "u_mult" "mult_Q" 2 31, 3 4 0, S_000001e1e01fbc60;
 .timescale 0 0;
    .port_info 0 /INPUT 32 "a";
    .port_info 1 /INPUT 32 "b";
    .port_info 2 /OUTPUT 32 "y";
P_000001e1e013dc80 .param/l "FBITS" 0 3 6, +C4<00000000000000000000000000011000>;
P_000001e1e013dcb8 .param/l "WIDTH" 0 3 5, +C4<00000000000000000000000000100000>;
v000001e1e01fcc70_0 .net/s *"_ivl_0", 63 0, L_000001e1e02ca520;  1 drivers
v000001e1e01fe7f0_0 .net/s *"_ivl_2", 63 0, L_000001e1e02caa20;  1 drivers
v000001e1e01fcbd0_0 .net/s "a", 31 0, L_000001e1e02cafc0;  1 drivers
v000001e1e01fcef0_0 .net/s "b", 31 0, L_000001e1e02cba60;  1 drivers
v000001e1e01fe610_0 .net/s "raw_y", 63 0, L_000001e1e02ca700;  1 drivers
v000001e1e01fdb70_0 .net/s "y", 31 0, L_000001e1e02ca7a0;  alias, 1 drivers
L_000001e1e02ca520 .extend/s 64, L_000001e1e02cafc0;
L_000001e1e02caa20 .extend/s 64, L_000001e1e02cba60;
L_000001e1e02ca700 .arith/mult 64, L_000001e1e02ca520, L_000001e1e02caa20;
L_000001e1e02ca7a0 .part L_000001e1e02ca700, 24, 32;
S_000001e1e02b2720 .scope generate, "mult_all[13]" "mult_all[13]" 2 25, 2 25 0, S_000001e1e02a6600;
 .timescale 0 0;
P_000001e1e01a31d0 .param/l "g" 0 2 25, +C4<01101>;
L_000001e1e019aff0 .functor BUFZ 32, L_000001e1e02cb060, C4<00000000000000000000000000000000>, C4<00000000000000000000000000000000>, C4<00000000000000000000000000000000>;
v000001e1e01fc950_0 .net *"_ivl_2", 31 0, L_000001e1e019aff0;  1 drivers
S_000001e1e02b39e0 .scope module, "u_mult" "mult_Q" 2 31, 3 4 0, S_000001e1e02b2720;
 .timescale 0 0;
    .port_info 0 /INPUT 32 "a";
    .port_info 1 /INPUT 32 "b";
    .port_info 2 /OUTPUT 32 "y";
P_000001e1e013dd80 .param/l "FBITS" 0 3 6, +C4<00000000000000000000000000011000>;
P_000001e1e013ddb8 .param/l "WIDTH" 0 3 5, +C4<00000000000000000000000000100000>;
v000001e1e01fd2b0_0 .net/s *"_ivl_0", 63 0, L_000001e1e02cb6a0;  1 drivers
v000001e1e01fd350_0 .net/s *"_ivl_2", 63 0, L_000001e1e02cb740;  1 drivers
v000001e1e01fdc10_0 .net/s "a", 31 0, L_000001e1e02ca200;  1 drivers
v000001e1e01fdd50_0 .net/s "b", 31 0, L_000001e1e02cbb00;  1 drivers
v000001e1e01fe6b0_0 .net/s "raw_y", 63 0, L_000001e1e02ca840;  1 drivers
v000001e1e01fd3f0_0 .net/s "y", 31 0, L_000001e1e02cb060;  alias, 1 drivers
L_000001e1e02cb6a0 .extend/s 64, L_000001e1e02ca200;
L_000001e1e02cb740 .extend/s 64, L_000001e1e02cbb00;
L_000001e1e02ca840 .arith/mult 64, L_000001e1e02cb6a0, L_000001e1e02cb740;
L_000001e1e02cb060 .part L_000001e1e02ca840, 24, 32;
S_000001e1e02b2270 .scope generate, "mult_all[14]" "mult_all[14]" 2 25, 2 25 0, S_000001e1e02a6600;
 .timescale 0 0;
P_000001e1e01a3310 .param/l "g" 0 2 25, +C4<01110>;
L_000001e1e019b0d0 .functor BUFZ 32, L_000001e1e02cda80, C4<00000000000000000000000000000000>, C4<00000000000000000000000000000000>, C4<00000000000000000000000000000000>;
v000001e1e01fda30_0 .net *"_ivl_2", 31 0, L_000001e1e019b0d0;  1 drivers
S_000001e1e02b3080 .scope module, "u_mult" "mult_Q" 2 31, 3 4 0, S_000001e1e02b2270;
 .timescale 0 0;
    .port_info 0 /INPUT 32 "a";
    .port_info 1 /INPUT 32 "b";
    .port_info 2 /OUTPUT 32 "y";
P_000001e1e013df80 .param/l "FBITS" 0 3 6, +C4<00000000000000000000000000011000>;
P_000001e1e013dfb8 .param/l "WIDTH" 0 3 5, +C4<00000000000000000000000000100000>;
v000001e1e01fd850_0 .net/s *"_ivl_0", 63 0, L_000001e1e02cb100;  1 drivers
v000001e1e01fe4d0_0 .net/s *"_ivl_2", 63 0, L_000001e1e02ca2a0;  1 drivers
v000001e1e01fd490_0 .net/s "a", 31 0, L_000001e1e02cdb20;  1 drivers
v000001e1e01fd530_0 .net/s "b", 31 0, L_000001e1e02cd4e0;  1 drivers
v000001e1e01fdcb0_0 .net/s "raw_y", 63 0, L_000001e1e02cc540;  1 drivers
v000001e1e01fd8f0_0 .net/s "y", 31 0, L_000001e1e02cda80;  alias, 1 drivers
L_000001e1e02cb100 .extend/s 64, L_000001e1e02cdb20;
L_000001e1e02ca2a0 .extend/s 64, L_000001e1e02cd4e0;
L_000001e1e02cc540 .arith/mult 64, L_000001e1e02cb100, L_000001e1e02ca2a0;
L_000001e1e02cda80 .part L_000001e1e02cc540, 24, 32;
S_000001e1e02b3e90 .scope generate, "mult_all[15]" "mult_all[15]" 2 25, 2 25 0, S_000001e1e02a6600;
 .timescale 0 0;
P_000001e1e01a2d90 .param/l "g" 0 2 25, +C4<01111>;
L_000001e1e019b7d0 .functor BUFZ 32, L_000001e1e02cd440, C4<00000000000000000000000000000000>, C4<00000000000000000000000000000000>, C4<00000000000000000000000000000000>;
v000001e1e02b71e0_0 .net *"_ivl_2", 31 0, L_000001e1e019b7d0;  1 drivers
S_000001e1e02b3850 .scope module, "u_mult" "mult_Q" 2 31, 3 4 0, S_000001e1e02b3e90;
 .timescale 0 0;
    .port_info 0 /INPUT 32 "a";
    .port_info 1 /INPUT 32 "b";
    .port_info 2 /OUTPUT 32 "y";
P_000001e1e02b42f0 .param/l "FBITS" 0 3 6, +C4<00000000000000000000000000011000>;
P_000001e1e02b4328 .param/l "WIDTH" 0 3 5, +C4<00000000000000000000000000100000>;
v000001e1e01fddf0_0 .net/s *"_ivl_0", 63 0, L_000001e1e02cc9a0;  1 drivers
v000001e1e01fde90_0 .net/s *"_ivl_2", 63 0, L_000001e1e02cc220;  1 drivers
v000001e1e02b76e0_0 .net/s "a", 31 0, L_000001e1e02ce7a0;  1 drivers
v000001e1e02b6560_0 .net/s "b", 31 0, L_000001e1e02cc360;  1 drivers
v000001e1e02b7aa0_0 .net/s "raw_y", 63 0, L_000001e1e02cc5e0;  1 drivers
v000001e1e02b7c80_0 .net/s "y", 31 0, L_000001e1e02cd440;  alias, 1 drivers
L_000001e1e02cc9a0 .extend/s 64, L_000001e1e02ce7a0;
L_000001e1e02cc220 .extend/s 64, L_000001e1e02cc360;
L_000001e1e02cc5e0 .arith/mult 64, L_000001e1e02cc9a0, L_000001e1e02cc220;
L_000001e1e02cd440 .part L_000001e1e02cc5e0, 24, 32;
S_000001e1e02b20e0 .scope generate, "mult_all[16]" "mult_all[16]" 2 25, 2 25 0, S_000001e1e02a6600;
 .timescale 0 0;
P_000001e1e01a3390 .param/l "g" 0 2 25, +C4<010000>;
L_000001e1e019b920 .functor BUFZ 32, L_000001e1e02cc2c0, C4<00000000000000000000000000000000>, C4<00000000000000000000000000000000>, C4<00000000000000000000000000000000>;
v000001e1e02b6880_0 .net *"_ivl_2", 31 0, L_000001e1e019b920;  1 drivers
S_000001e1e02b3b70 .scope module, "u_mult" "mult_Q" 2 31, 3 4 0, S_000001e1e02b20e0;
 .timescale 0 0;
    .port_info 0 /INPUT 32 "a";
    .port_info 1 /INPUT 32 "b";
    .port_info 2 /OUTPUT 32 "y";
P_000001e1e02b4370 .param/l "FBITS" 0 3 6, +C4<00000000000000000000000000011000>;
P_000001e1e02b43a8 .param/l "WIDTH" 0 3 5, +C4<00000000000000000000000000100000>;
v000001e1e02b61a0_0 .net/s *"_ivl_0", 63 0, L_000001e1e02ce660;  1 drivers
v000001e1e02b7dc0_0 .net/s *"_ivl_2", 63 0, L_000001e1e02cd8a0;  1 drivers
v000001e1e02b78c0_0 .net/s "a", 31 0, L_000001e1e02ccae0;  1 drivers
v000001e1e02b6ce0_0 .net/s "b", 31 0, L_000001e1e02ce8e0;  1 drivers
v000001e1e02b6380_0 .net/s "raw_y", 63 0, L_000001e1e02cd6c0;  1 drivers
v000001e1e02b6920_0 .net/s "y", 31 0, L_000001e1e02cc2c0;  alias, 1 drivers
L_000001e1e02ce660 .extend/s 64, L_000001e1e02ccae0;
L_000001e1e02cd8a0 .extend/s 64, L_000001e1e02ce8e0;
L_000001e1e02cd6c0 .arith/mult 64, L_000001e1e02ce660, L_000001e1e02cd8a0;
L_000001e1e02cc2c0 .part L_000001e1e02cd6c0, 24, 32;
S_000001e1e02b2400 .scope generate, "mult_all[17]" "mult_all[17]" 2 25, 2 25 0, S_000001e1e02a6600;
 .timescale 0 0;
P_000001e1e01a3410 .param/l "g" 0 2 25, +C4<010001>;
L_000001e1e019ac70 .functor BUFZ 32, L_000001e1e02cc400, C4<00000000000000000000000000000000>, C4<00000000000000000000000000000000>, C4<00000000000000000000000000000000>;
v000001e1e02b7d20_0 .net *"_ivl_2", 31 0, L_000001e1e019ac70;  1 drivers
S_000001e1e02b3210 .scope module, "u_mult" "mult_Q" 2 31, 3 4 0, S_000001e1e02b2400;
 .timescale 0 0;
    .port_info 0 /INPUT 32 "a";
    .port_info 1 /INPUT 32 "b";
    .port_info 2 /OUTPUT 32 "y";
P_000001e1e02b4770 .param/l "FBITS" 0 3 6, +C4<00000000000000000000000000011000>;
P_000001e1e02b47a8 .param/l "WIDTH" 0 3 5, +C4<00000000000000000000000000100000>;
v000001e1e02b7960_0 .net/s *"_ivl_0", 63 0, L_000001e1e02cc180;  1 drivers
v000001e1e02b7a00_0 .net/s *"_ivl_2", 63 0, L_000001e1e02cdbc0;  1 drivers
v000001e1e02b6600_0 .net/s "a", 31 0, L_000001e1e02ce700;  1 drivers
v000001e1e02b69c0_0 .net/s "b", 31 0, L_000001e1e02cd9e0;  1 drivers
v000001e1e02b62e0_0 .net/s "raw_y", 63 0, L_000001e1e02cd1c0;  1 drivers
v000001e1e02b6c40_0 .net/s "y", 31 0, L_000001e1e02cc400;  alias, 1 drivers
L_000001e1e02cc180 .extend/s 64, L_000001e1e02ce700;
L_000001e1e02cdbc0 .extend/s 64, L_000001e1e02cd9e0;
L_000001e1e02cd1c0 .arith/mult 64, L_000001e1e02cc180, L_000001e1e02cdbc0;
L_000001e1e02cc400 .part L_000001e1e02cd1c0, 24, 32;
S_000001e1e02b28b0 .scope generate, "mult_all[18]" "mult_all[18]" 2 25, 2 25 0, S_000001e1e02a6600;
 .timescale 0 0;
P_000001e1e01a2ed0 .param/l "g" 0 2 25, +C4<010010>;
L_000001e1e019ab20 .functor BUFZ 32, L_000001e1e02ccb80, C4<00000000000000000000000000000000>, C4<00000000000000000000000000000000>, C4<00000000000000000000000000000000>;
v000001e1e02b6420_0 .net *"_ivl_2", 31 0, L_000001e1e019ab20;  1 drivers
S_000001e1e02b3d00 .scope module, "u_mult" "mult_Q" 2 31, 3 4 0, S_000001e1e02b28b0;
 .timescale 0 0;
    .port_info 0 /INPUT 32 "a";
    .port_info 1 /INPUT 32 "b";
    .port_info 2 /OUTPUT 32 "y";
P_000001e1e02b5770 .param/l "FBITS" 0 3 6, +C4<00000000000000000000000000011000>;
P_000001e1e02b57a8 .param/l "WIDTH" 0 3 5, +C4<00000000000000000000000000100000>;
v000001e1e02b7780_0 .net/s *"_ivl_0", 63 0, L_000001e1e02ce840;  1 drivers
v000001e1e02b7140_0 .net/s *"_ivl_2", 63 0, L_000001e1e02ccc20;  1 drivers
v000001e1e02b6a60_0 .net/s "a", 31 0, L_000001e1e02cdf80;  1 drivers
v000001e1e02b6b00_0 .net/s "b", 31 0, L_000001e1e02cce00;  1 drivers
v000001e1e02b7be0_0 .net/s "raw_y", 63 0, L_000001e1e02cc4a0;  1 drivers
v000001e1e02b6ba0_0 .net/s "y", 31 0, L_000001e1e02ccb80;  alias, 1 drivers
L_000001e1e02ce840 .extend/s 64, L_000001e1e02cdf80;
L_000001e1e02ccc20 .extend/s 64, L_000001e1e02cce00;
L_000001e1e02cc4a0 .arith/mult 64, L_000001e1e02ce840, L_000001e1e02ccc20;
L_000001e1e02ccb80 .part L_000001e1e02cc4a0, 24, 32;
S_000001e1e02b2590 .scope generate, "mult_all[19]" "mult_all[19]" 2 25, 2 25 0, S_000001e1e02a6600;
 .timescale 0 0;
P_000001e1e01a3510 .param/l "g" 0 2 25, +C4<010011>;
L_000001e1e019af10 .functor BUFZ 32, L_000001e1e02cdee0, C4<00000000000000000000000000000000>, C4<00000000000000000000000000000000>, C4<00000000000000000000000000000000>;
v000001e1e02b6ec0_0 .net *"_ivl_2", 31 0, L_000001e1e019af10;  1 drivers
S_000001e1e02b2bd0 .scope module, "u_mult" "mult_Q" 2 31, 3 4 0, S_000001e1e02b2590;
 .timescale 0 0;
    .port_info 0 /INPUT 32 "a";
    .port_info 1 /INPUT 32 "b";
    .port_info 2 /OUTPUT 32 "y";
P_000001e1e02b5ef0 .param/l "FBITS" 0 3 6, +C4<00000000000000000000000000011000>;
P_000001e1e02b5f28 .param/l "WIDTH" 0 3 5, +C4<00000000000000000000000000100000>;
v000001e1e02b7820_0 .net/s *"_ivl_0", 63 0, L_000001e1e02cca40;  1 drivers
v000001e1e02b6d80_0 .net/s *"_ivl_2", 63 0, L_000001e1e02cde40;  1 drivers
v000001e1e02b7280_0 .net/s "a", 31 0, L_000001e1e02ce160;  1 drivers
v000001e1e02b7f00_0 .net/s "b", 31 0, L_000001e1e02ccea0;  1 drivers
v000001e1e02b6e20_0 .net/s "raw_y", 63 0, L_000001e1e02ce340;  1 drivers
v000001e1e02b7b40_0 .net/s "y", 31 0, L_000001e1e02cdee0;  alias, 1 drivers
L_000001e1e02cca40 .extend/s 64, L_000001e1e02ce160;
L_000001e1e02cde40 .extend/s 64, L_000001e1e02ccea0;
L_000001e1e02ce340 .arith/mult 64, L_000001e1e02cca40, L_000001e1e02cde40;
L_000001e1e02cdee0 .part L_000001e1e02ce340, 24, 32;
S_000001e1e02b2a40 .scope generate, "mult_all[20]" "mult_all[20]" 2 25, 2 25 0, S_000001e1e02a6600;
 .timescale 0 0;
P_000001e1e01a3590 .param/l "g" 0 2 25, +C4<010100>;
L_000001e1e019ace0 .functor BUFZ 32, L_000001e1e02cdda0, C4<00000000000000000000000000000000>, C4<00000000000000000000000000000000>, C4<00000000000000000000000000000000>;
v000001e1e02b6f60_0 .net *"_ivl_2", 31 0, L_000001e1e019ace0;  1 drivers
S_000001e1e02b33a0 .scope module, "u_mult" "mult_Q" 2 31, 3 4 0, S_000001e1e02b2a40;
 .timescale 0 0;
    .port_info 0 /INPUT 32 "a";
    .port_info 1 /INPUT 32 "b";
    .port_info 2 /OUTPUT 32 "y";
P_000001e1e02b4d70 .param/l "FBITS" 0 3 6, +C4<00000000000000000000000000011000>;
P_000001e1e02b4da8 .param/l "WIDTH" 0 3 5, +C4<00000000000000000000000000100000>;
v000001e1e02b7e60_0 .net/s *"_ivl_0", 63 0, L_000001e1e02ce3e0;  1 drivers
v000001e1e02b7fa0_0 .net/s *"_ivl_2", 63 0, L_000001e1e02cc680;  1 drivers
v000001e1e02b7000_0 .net/s "a", 31 0, L_000001e1e02cd940;  1 drivers
v000001e1e02b66a0_0 .net/s "b", 31 0, L_000001e1e02ce020;  1 drivers
v000001e1e02b6740_0 .net/s "raw_y", 63 0, L_000001e1e02cc720;  1 drivers
v000001e1e02b6100_0 .net/s "y", 31 0, L_000001e1e02cdda0;  alias, 1 drivers
L_000001e1e02ce3e0 .extend/s 64, L_000001e1e02cd940;
L_000001e1e02cc680 .extend/s 64, L_000001e1e02ce020;
L_000001e1e02cc720 .arith/mult 64, L_000001e1e02ce3e0, L_000001e1e02cc680;
L_000001e1e02cdda0 .part L_000001e1e02cc720, 24, 32;
S_000001e1e02b2d60 .scope generate, "mult_all[21]" "mult_all[21]" 2 25, 2 25 0, S_000001e1e02a6600;
 .timescale 0 0;
P_000001e1e01a36d0 .param/l "g" 0 2 25, +C4<010101>;
L_000001e1e019ad50 .functor BUFZ 32, L_000001e1e02cc900, C4<00000000000000000000000000000000>, C4<00000000000000000000000000000000>, C4<00000000000000000000000000000000>;
v000001e1e02b7640_0 .net *"_ivl_2", 31 0, L_000001e1e019ad50;  1 drivers
S_000001e1e02b3530 .scope module, "u_mult" "mult_Q" 2 31, 3 4 0, S_000001e1e02b2d60;
 .timescale 0 0;
    .port_info 0 /INPUT 32 "a";
    .port_info 1 /INPUT 32 "b";
    .port_info 2 /OUTPUT 32 "y";
P_000001e1e02b5df0 .param/l "FBITS" 0 3 6, +C4<00000000000000000000000000011000>;
P_000001e1e02b5e28 .param/l "WIDTH" 0 3 5, +C4<00000000000000000000000000100000>;
v000001e1e02b6240_0 .net/s *"_ivl_0", 63 0, L_000001e1e02cc7c0;  1 drivers
v000001e1e02b64c0_0 .net/s *"_ivl_2", 63 0, L_000001e1e02cccc0;  1 drivers
v000001e1e02b70a0_0 .net/s "a", 31 0, L_000001e1e02cd120;  1 drivers
v000001e1e02b67e0_0 .net/s "b", 31 0, L_000001e1e02ce200;  1 drivers
v000001e1e02b7320_0 .net/s "raw_y", 63 0, L_000001e1e02cc860;  1 drivers
v000001e1e02b73c0_0 .net/s "y", 31 0, L_000001e1e02cc900;  alias, 1 drivers
L_000001e1e02cc7c0 .extend/s 64, L_000001e1e02cd120;
L_000001e1e02cccc0 .extend/s 64, L_000001e1e02ce200;
L_000001e1e02cc860 .arith/mult 64, L_000001e1e02cc7c0, L_000001e1e02cccc0;
L_000001e1e02cc900 .part L_000001e1e02cc860, 24, 32;
S_000001e1e02b2ef0 .scope generate, "mult_all[22]" "mult_all[22]" 2 25, 2 25 0, S_000001e1e02a6600;
 .timescale 0 0;
P_000001e1e01a3650 .param/l "g" 0 2 25, +C4<010110>;
L_000001e1e019b3e0 .functor BUFZ 32, L_000001e1e02cd260, C4<00000000000000000000000000000000>, C4<00000000000000000000000000000000>, C4<00000000000000000000000000000000>;
v000001e1e02c0120_0 .net *"_ivl_2", 31 0, L_000001e1e019b3e0;  1 drivers
S_000001e1e02b36c0 .scope module, "u_mult" "mult_Q" 2 31, 3 4 0, S_000001e1e02b2ef0;
 .timescale 0 0;
    .port_info 0 /INPUT 32 "a";
    .port_info 1 /INPUT 32 "b";
    .port_info 2 /OUTPUT 32 "y";
P_000001e1e02b5f70 .param/l "FBITS" 0 3 6, +C4<00000000000000000000000000011000>;
P_000001e1e02b5fa8 .param/l "WIDTH" 0 3 5, +C4<00000000000000000000000000100000>;
v000001e1e02b7460_0 .net/s *"_ivl_0", 63 0, L_000001e1e02cdc60;  1 drivers
v000001e1e02b7500_0 .net/s *"_ivl_2", 63 0, L_000001e1e02cdd00;  1 drivers
v000001e1e02b75a0_0 .net/s "a", 31 0, L_000001e1e02ce5c0;  1 drivers
v000001e1e02c1520_0 .net/s "b", 31 0, L_000001e1e02ce0c0;  1 drivers
v000001e1e02c1ac0_0 .net/s "raw_y", 63 0, L_000001e1e02ccd60;  1 drivers
v000001e1e02c0bc0_0 .net/s "y", 31 0, L_000001e1e02cd260;  alias, 1 drivers
L_000001e1e02cdc60 .extend/s 64, L_000001e1e02ce5c0;
L_000001e1e02cdd00 .extend/s 64, L_000001e1e02ce0c0;
L_000001e1e02ccd60 .arith/mult 64, L_000001e1e02cdc60, L_000001e1e02cdd00;
L_000001e1e02cd260 .part L_000001e1e02ccd60, 24, 32;
S_000001e1e02c2450 .scope generate, "mult_all[23]" "mult_all[23]" 2 25, 2 25 0, S_000001e1e02a6600;
 .timescale 0 0;
P_000001e1e01a3790 .param/l "g" 0 2 25, +C4<010111>;
L_000001e1e019b450 .functor BUFZ 32, L_000001e1e02cd580, C4<00000000000000000000000000000000>, C4<00000000000000000000000000000000>, C4<00000000000000000000000000000000>;
v000001e1e02c10c0_0 .net *"_ivl_2", 31 0, L_000001e1e019b450;  1 drivers
S_000001e1e02c25e0 .scope module, "u_mult" "mult_Q" 2 31, 3 4 0, S_000001e1e02c2450;
 .timescale 0 0;
    .port_info 0 /INPUT 32 "a";
    .port_info 1 /INPUT 32 "b";
    .port_info 2 /OUTPUT 32 "y";
P_000001e1e02b51f0 .param/l "FBITS" 0 3 6, +C4<00000000000000000000000000011000>;
P_000001e1e02b5228 .param/l "WIDTH" 0 3 5, +C4<00000000000000000000000000100000>;
v000001e1e02c1200_0 .net/s *"_ivl_0", 63 0, L_000001e1e02ccf40;  1 drivers
v000001e1e02c15c0_0 .net/s *"_ivl_2", 63 0, L_000001e1e02cd760;  1 drivers
v000001e1e02c1c00_0 .net/s "a", 31 0, L_000001e1e02ce2a0;  1 drivers
v000001e1e02c1340_0 .net/s "b", 31 0, L_000001e1e02cd3a0;  1 drivers
v000001e1e02c0f80_0 .net/s "raw_y", 63 0, L_000001e1e02cd300;  1 drivers
v000001e1e02c1020_0 .net/s "y", 31 0, L_000001e1e02cd580;  alias, 1 drivers
L_000001e1e02ccf40 .extend/s 64, L_000001e1e02ce2a0;
L_000001e1e02cd760 .extend/s 64, L_000001e1e02cd3a0;
L_000001e1e02cd300 .arith/mult 64, L_000001e1e02ccf40, L_000001e1e02cd760;
L_000001e1e02cd580 .part L_000001e1e02cd300, 24, 32;
S_000001e1e02c3d50 .scope generate, "mult_all[24]" "mult_all[24]" 2 25, 2 25 0, S_000001e1e02a6600;
 .timescale 0 0;
P_000001e1e01a28d0 .param/l "g" 0 2 25, +C4<011000>;
L_000001e1e019b140 .functor BUFZ 32, L_000001e1e02cd080, C4<00000000000000000000000000000000>, C4<00000000000000000000000000000000>, C4<00000000000000000000000000000000>;
v000001e1e02c0940_0 .net *"_ivl_2", 31 0, L_000001e1e019b140;  1 drivers
S_000001e1e02c3bc0 .scope module, "u_mult" "mult_Q" 2 31, 3 4 0, S_000001e1e02c3d50;
 .timescale 0 0;
    .port_info 0 /INPUT 32 "a";
    .port_info 1 /INPUT 32 "b";
    .port_info 2 /OUTPUT 32 "y";
P_000001e1e02b4970 .param/l "FBITS" 0 3 6, +C4<00000000000000000000000000011000>;
P_000001e1e02b49a8 .param/l "WIDTH" 0 3 5, +C4<00000000000000000000000000100000>;
v000001e1e02c0440_0 .net/s *"_ivl_0", 63 0, L_000001e1e02cd800;  1 drivers
v000001e1e02c0e40_0 .net/s *"_ivl_2", 63 0, L_000001e1e02ce480;  1 drivers
v000001e1e02c09e0_0 .net/s "a", 31 0, L_000001e1e02cd620;  1 drivers
v000001e1e02c1ca0_0 .net/s "b", 31 0, L_000001e1e02ce520;  1 drivers
v000001e1e02c1a20_0 .net/s "raw_y", 63 0, L_000001e1e02ccfe0;  1 drivers
v000001e1e02c1b60_0 .net/s "y", 31 0, L_000001e1e02cd080;  alias, 1 drivers
L_000001e1e02cd800 .extend/s 64, L_000001e1e02cd620;
L_000001e1e02ce480 .extend/s 64, L_000001e1e02ce520;
L_000001e1e02ccfe0 .arith/mult 64, L_000001e1e02cd800, L_000001e1e02ce480;
L_000001e1e02cd080 .part L_000001e1e02ccfe0, 24, 32;
S_000001e1e02c3ee0 .scope generate, "mult_all[25]" "mult_all[25]" 2 25, 2 25 0, S_000001e1e02a6600;
 .timescale 0 0;
P_000001e1e01a25d0 .param/l "g" 0 2 25, +C4<011001>;
L_000001e1e019adc0 .functor BUFZ 32, L_000001e1e02cf9c0, C4<00000000000000000000000000000000>, C4<00000000000000000000000000000000>, C4<00000000000000000000000000000000>;
v000001e1e02c1700_0 .net *"_ivl_2", 31 0, L_000001e1e019adc0;  1 drivers
S_000001e1e02c2130 .scope module, "u_mult" "mult_Q" 2 31, 3 4 0, S_000001e1e02c3ee0;
 .timescale 0 0;
    .port_info 0 /INPUT 32 "a";
    .port_info 1 /INPUT 32 "b";
    .port_info 2 /OUTPUT 32 "y";
P_000001e1e02b4c70 .param/l "FBITS" 0 3 6, +C4<00000000000000000000000000011000>;
P_000001e1e02b4ca8 .param/l "WIDTH" 0 3 5, +C4<00000000000000000000000000100000>;
v000001e1e02c0800_0 .net/s *"_ivl_0", 63 0, L_000001e1e02cfd80;  1 drivers
v000001e1e02c1160_0 .net/s *"_ivl_2", 63 0, L_000001e1e02cff60;  1 drivers
v000001e1e02c0a80_0 .net/s "a", 31 0, L_000001e1e02cf2e0;  1 drivers
v000001e1e02c12a0_0 .net/s "b", 31 0, L_000001e1e02cfce0;  1 drivers
v000001e1e02c1d40_0 .net/s "raw_y", 63 0, L_000001e1e02cfe20;  1 drivers
v000001e1e02c1980_0 .net/s "y", 31 0, L_000001e1e02cf9c0;  alias, 1 drivers
L_000001e1e02cfd80 .extend/s 64, L_000001e1e02cf2e0;
L_000001e1e02cff60 .extend/s 64, L_000001e1e02cfce0;
L_000001e1e02cfe20 .arith/mult 64, L_000001e1e02cfd80, L_000001e1e02cff60;
L_000001e1e02cf9c0 .part L_000001e1e02cfe20, 24, 32;
S_000001e1e02c2db0 .scope generate, "mult_all[26]" "mult_all[26]" 2 25, 2 25 0, S_000001e1e02a6600;
 .timescale 0 0;
P_000001e1e01a2510 .param/l "g" 0 2 25, +C4<011010>;
L_000001e1e019b4c0 .functor BUFZ 32, L_000001e1e02cee80, C4<00000000000000000000000000000000>, C4<00000000000000000000000000000000>, C4<00000000000000000000000000000000>;
v000001e1e02c01c0_0 .net *"_ivl_2", 31 0, L_000001e1e019b4c0;  1 drivers
S_000001e1e02c2c20 .scope module, "u_mult" "mult_Q" 2 31, 3 4 0, S_000001e1e02c2db0;
 .timescale 0 0;
    .port_info 0 /INPUT 32 "a";
    .port_info 1 /INPUT 32 "b";
    .port_info 2 /OUTPUT 32 "y";
P_000001e1e02b4270 .param/l "FBITS" 0 3 6, +C4<00000000000000000000000000011000>;
P_000001e1e02b42a8 .param/l "WIDTH" 0 3 5, +C4<00000000000000000000000000100000>;
v000001e1e02c1de0_0 .net/s *"_ivl_0", 63 0, L_000001e1e02cfec0;  1 drivers
v000001e1e02c1fc0_0 .net/s *"_ivl_2", 63 0, L_000001e1e02cfb00;  1 drivers
v000001e1e02c1840_0 .net/s "a", 31 0, L_000001e1e02cf4c0;  1 drivers
v000001e1e02c13e0_0 .net/s "b", 31 0, L_000001e1e02cede0;  1 drivers
v000001e1e02c1e80_0 .net/s "raw_y", 63 0, L_000001e1e02cf240;  1 drivers
v000001e1e02c1f20_0 .net/s "y", 31 0, L_000001e1e02cee80;  alias, 1 drivers
L_000001e1e02cfec0 .extend/s 64, L_000001e1e02cf4c0;
L_000001e1e02cfb00 .extend/s 64, L_000001e1e02cede0;
L_000001e1e02cf240 .arith/mult 64, L_000001e1e02cfec0, L_000001e1e02cfb00;
L_000001e1e02cee80 .part L_000001e1e02cf240, 24, 32;
S_000001e1e02c22c0 .scope generate, "mult_all[27]" "mult_all[27]" 2 25, 2 25 0, S_000001e1e02a6600;
 .timescale 0 0;
P_000001e1e01a2010 .param/l "g" 0 2 25, +C4<011011>;
L_000001e1e019af80 .functor BUFZ 32, L_000001e1e02cf740, C4<00000000000000000000000000000000>, C4<00000000000000000000000000000000>, C4<00000000000000000000000000000000>;
v000001e1e02c1660_0 .net *"_ivl_2", 31 0, L_000001e1e019af80;  1 drivers
S_000001e1e02c2f40 .scope module, "u_mult" "mult_Q" 2 31, 3 4 0, S_000001e1e02c22c0;
 .timescale 0 0;
    .port_info 0 /INPUT 32 "a";
    .port_info 1 /INPUT 32 "b";
    .port_info 2 /OUTPUT 32 "y";
P_000001e1e02b5af0 .param/l "FBITS" 0 3 6, +C4<00000000000000000000000000011000>;
P_000001e1e02b5b28 .param/l "WIDTH" 0 3 5, +C4<00000000000000000000000000100000>;
v000001e1e02c0260_0 .net/s *"_ivl_0", 63 0, L_000001e1e02ce980;  1 drivers
v000001e1e02c0300_0 .net/s *"_ivl_2", 63 0, L_000001e1e02ceac0;  1 drivers
v000001e1e02c0b20_0 .net/s "a", 31 0, L_000001e1e02cf420;  1 drivers
v000001e1e02c03a0_0 .net/s "b", 31 0, L_000001e1e02cea20;  1 drivers
v000001e1e02c18e0_0 .net/s "raw_y", 63 0, L_000001e1e02cf380;  1 drivers
v000001e1e02c1480_0 .net/s "y", 31 0, L_000001e1e02cf740;  alias, 1 drivers
L_000001e1e02ce980 .extend/s 64, L_000001e1e02cf420;
L_000001e1e02ceac0 .extend/s 64, L_000001e1e02cea20;
L_000001e1e02cf380 .arith/mult 64, L_000001e1e02ce980, L_000001e1e02ceac0;
L_000001e1e02cf740 .part L_000001e1e02cf380, 24, 32;
S_000001e1e02c2770 .scope generate, "mult_all[28]" "mult_all[28]" 2 25, 2 25 0, S_000001e1e02a6600;
 .timescale 0 0;
P_000001e1e01a2550 .param/l "g" 0 2 25, +C4<011100>;
L_000001e1e019b530 .functor BUFZ 32, L_000001e1e02ced40, C4<00000000000000000000000000000000>, C4<00000000000000000000000000000000>, C4<00000000000000000000000000000000>;
v000001e1e02c06c0_0 .net *"_ivl_2", 31 0, L_000001e1e019b530;  1 drivers
S_000001e1e02c33f0 .scope module, "u_mult" "mult_Q" 2 31, 3 4 0, S_000001e1e02c2770;
 .timescale 0 0;
    .port_info 0 /INPUT 32 "a";
    .port_info 1 /INPUT 32 "b";
    .port_info 2 /OUTPUT 32 "y";
P_000001e1e02b49f0 .param/l "FBITS" 0 3 6, +C4<00000000000000000000000000011000>;
P_000001e1e02b4a28 .param/l "WIDTH" 0 3 5, +C4<00000000000000000000000000100000>;
v000001e1e02c04e0_0 .net/s *"_ivl_0", 63 0, L_000001e1e02cfc40;  1 drivers
v000001e1e02c0580_0 .net/s *"_ivl_2", 63 0, L_000001e1e02cf6a0;  1 drivers
v000001e1e02c0ee0_0 .net/s "a", 31 0, L_000001e1e02d0000;  1 drivers
v000001e1e02c0620_0 .net/s "b", 31 0, L_000001e1e02cf560;  1 drivers
v000001e1e02c17a0_0 .net/s "raw_y", 63 0, L_000001e1e02cef20;  1 drivers
v000001e1e02c0c60_0 .net/s "y", 31 0, L_000001e1e02ced40;  alias, 1 drivers
L_000001e1e02cfc40 .extend/s 64, L_000001e1e02d0000;
L_000001e1e02cf6a0 .extend/s 64, L_000001e1e02cf560;
L_000001e1e02cef20 .arith/mult 64, L_000001e1e02cfc40, L_000001e1e02cf6a0;
L_000001e1e02ced40 .part L_000001e1e02cef20, 24, 32;
S_000001e1e02c30d0 .scope generate, "mult_all[29]" "mult_all[29]" 2 25, 2 25 0, S_000001e1e02a6600;
 .timescale 0 0;
P_000001e1e01a2090 .param/l "g" 0 2 25, +C4<011101>;
L_000001e1e019b5a0 .functor BUFZ 32, L_000001e1e02cf060, C4<00000000000000000000000000000000>, C4<00000000000000000000000000000000>, C4<00000000000000000000000000000000>;
v000001e1e02c9910_0 .net *"_ivl_2", 31 0, L_000001e1e019b5a0;  1 drivers
S_000001e1e02c3260 .scope module, "u_mult" "mult_Q" 2 31, 3 4 0, S_000001e1e02c30d0;
 .timescale 0 0;
    .port_info 0 /INPUT 32 "a";
    .port_info 1 /INPUT 32 "b";
    .port_info 2 /OUTPUT 32 "y";
P_000001e1e02b5370 .param/l "FBITS" 0 3 6, +C4<00000000000000000000000000011000>;
P_000001e1e02b53a8 .param/l "WIDTH" 0 3 5, +C4<00000000000000000000000000100000>;
v000001e1e02c0760_0 .net/s *"_ivl_0", 63 0, L_000001e1e02cefc0;  1 drivers
v000001e1e02c08a0_0 .net/s *"_ivl_2", 63 0, L_000001e1e02ceb60;  1 drivers
v000001e1e02c0d00_0 .net/s "a", 31 0, L_000001e1e02ceca0;  1 drivers
v000001e1e02c0da0_0 .net/s "b", 31 0, L_000001e1e02cfa60;  1 drivers
v000001e1e02c9730_0 .net/s "raw_y", 63 0, L_000001e1e02cec00;  1 drivers
v000001e1e02c88d0_0 .net/s "y", 31 0, L_000001e1e02cf060;  alias, 1 drivers
L_000001e1e02cefc0 .extend/s 64, L_000001e1e02ceca0;
L_000001e1e02ceb60 .extend/s 64, L_000001e1e02cfa60;
L_000001e1e02cec00 .arith/mult 64, L_000001e1e02cefc0, L_000001e1e02ceb60;
L_000001e1e02cf060 .part L_000001e1e02cec00, 24, 32;
S_000001e1e02c2900 .scope generate, "mult_all[30]" "mult_all[30]" 2 25, 2 25 0, S_000001e1e02a6600;
 .timescale 0 0;
P_000001e1e01a23d0 .param/l "g" 0 2 25, +C4<011110>;
L_000001e1e02d57e0 .functor BUFZ 32, L_000001e1e02cf7e0, C4<00000000000000000000000000000000>, C4<00000000000000000000000000000000>, C4<00000000000000000000000000000000>;
v000001e1e02c83d0_0 .net *"_ivl_2", 31 0, L_000001e1e02d57e0;  1 drivers
S_000001e1e02c2a90 .scope module, "u_mult" "mult_Q" 2 31, 3 4 0, S_000001e1e02c2900;
 .timescale 0 0;
    .port_info 0 /INPUT 32 "a";
    .port_info 1 /INPUT 32 "b";
    .port_info 2 /OUTPUT 32 "y";
P_000001e1e02b5ff0 .param/l "FBITS" 0 3 6, +C4<00000000000000000000000000011000>;
P_000001e1e02b6028 .param/l "WIDTH" 0 3 5, +C4<00000000000000000000000000100000>;
v000001e1e02c8b50_0 .net/s *"_ivl_0", 63 0, L_000001e1e02cf1a0;  1 drivers
v000001e1e02c8150_0 .net/s *"_ivl_2", 63 0, L_000001e1e02cfba0;  1 drivers
v000001e1e02c9870_0 .net/s "a", 31 0, L_000001e1e02cf880;  1 drivers
v000001e1e02c8c90_0 .net/s "b", 31 0, L_000001e1e02cf920;  1 drivers
v000001e1e02c8bf0_0 .net/s "raw_y", 63 0, L_000001e1e02cf600;  1 drivers
v000001e1e02c8330_0 .net/s "y", 31 0, L_000001e1e02cf7e0;  alias, 1 drivers
L_000001e1e02cf1a0 .extend/s 64, L_000001e1e02cf880;
L_000001e1e02cfba0 .extend/s 64, L_000001e1e02cf920;
L_000001e1e02cf600 .arith/mult 64, L_000001e1e02cf1a0, L_000001e1e02cfba0;
L_000001e1e02cf7e0 .part L_000001e1e02cf600, 24, 32;
# The file index is used to find the file name in the following table.
:file_names 4;
    "N/A";
    "<interactive>";
    "elmnt_wise_mult.v";
    "./mult_Q.v";
