#! /c/Source/iverilog-install/bin/vvp
:ivl_version "12.0 (devel)" "(s20150603-1539-g2693dd32b)";
:ivl_delay_selection "TYPICAL";
:vpi_time_precision + 0;
:vpi_module "C:\iverilog\lib\ivl\system.vpi";
:vpi_module "C:\iverilog\lib\ivl\vhdl_sys.vpi";
:vpi_module "C:\iverilog\lib\ivl\vhdl_textio.vpi";
:vpi_module "C:\iverilog\lib\ivl\v2005_math.vpi";
:vpi_module "C:\iverilog\lib\ivl\va_math.vpi";
S_00000234dbd365c0 .scope module, "mult_Q" "mult_Q" 2 4;
 .timescale 0 0;
    .port_info 0 /INPUT 32 "a";
    .port_info 1 /INPUT 32 "b";
    .port_info 2 /OUTPUT 32 "y";
P_00000234dbd36ca0 .param/l "FBITS" 0 2 6, +C4<00000000000000000000000000011000>;
P_00000234dbd36cd8 .param/l "WIDTH" 0 2 5, +C4<00000000000000000000000000100000>;
v00000234dbd36b30_0 .net/s *"_ivl_0", 63 0, L_00000234dbd3d6a0;  1 drivers
v00000234dbd36750_0 .net/s *"_ivl_2", 63 0, L_00000234dbd3d740;  1 drivers
o00000234dbd87008 .functor BUFZ 32, C4<zzzzzzzzzzzzzzzzzzzzzzzzzzzzzzzz>; HiZ drive
v00000234dbd367f0_0 .net/s "a", 31 0, o00000234dbd87008;  0 drivers
o00000234dbd87038 .functor BUFZ 32, C4<zzzzzzzzzzzzzzzzzzzzzzzzzzzzzzzz>; HiZ drive
v00000234dbd36890_0 .net/s "b", 31 0, o00000234dbd87038;  0 drivers
v00000234dbd36930_0 .net/s "raw_y", 63 0, L_00000234dbd3d7e0;  1 drivers
v00000234dbd3d600_0 .net/s "y", 31 0, L_00000234dbd3d880;  1 drivers
L_00000234dbd3d6a0 .extend/s 64, o00000234dbd87008;
L_00000234dbd3d740 .extend/s 64, o00000234dbd87038;
L_00000234dbd3d7e0 .arith/mult 64, L_00000234dbd3d6a0, L_00000234dbd3d740;
L_00000234dbd3d880 .part L_00000234dbd3d7e0, 24, 32;
# The file index is used to find the file name in the following table.
:file_names 3;
    "N/A";
    "<interactive>";
    "mult_Q.v";
