#! /c/Source/iverilog-install/bin/vvp
:ivl_version "12.0 (devel)" "(s20150603-1539-g2693dd32b)";
:ivl_delay_selection "TYPICAL";
:vpi_time_precision + 0;
:vpi_module "C:\iverilog\lib\ivl\system.vpi";
:vpi_module "C:\iverilog\lib\ivl\vhdl_sys.vpi";
:vpi_module "C:\iverilog\lib\ivl\vhdl_textio.vpi";
:vpi_module "C:\iverilog\lib\ivl\v2005_math.vpi";
:vpi_module "C:\iverilog\lib\ivl\va_math.vpi";
S_00000194361e7ae0 .scope module, "PE" "PE" 2 8;
 .timescale 0 0;
    .port_info 0 /INPUT 992 "all_a";
    .port_info 1 /INPUT 992 "all_w";
    .port_info 2 /INPUT 32 "b";
    .port_info 3 /INPUT 32 "alpha";
    .port_info 4 /OUTPUT 32 "y";
P_00000194361e80b0 .param/l "FBITS" 0 2 10, +C4<00000000000000000000000000011000>;
P_00000194361e80e8 .param/l "N_REG" 0 2 11, +C4<00000000000000000000000000011111>;
P_00000194361e8120 .param/l "WIDTH" 0 2 9, +C4<00000000000000000000000000100000>;
L_000001943628e4f0 .functor BUFZ 32, L_0000019436297fa0, C4<00000000000000000000000000000000>, C4<00000000000000000000000000000000>, C4<00000000000000000000000000000000>;
o0000019436225668 .functor BUFZ 992, C4<zzzzzzzzzzzzzzzzzzzzzzzzzzzzzzzzzzzzzzzzzzzzzzzzzzzzzzzzzzzzzzzzzzzzzzzzzzzzzzzzzzzzzzzzzzzzzzzzzzzzzzzzzzzzzzzzzzzzzzzzzzzzzzzzzzzzzzzzzzzzzzzzzzzzzzzzzzzzzzzzzzzzzzzzzzzzzzzzzzzzzzzzzzzzzzzzzzzzzzzzzzzzzzzzzzzzzzzzzzzzzzzzzzzzzzzzzzzzzzzzzzzzzzzzzzzzzzzzzzzzzzzzzzzzzzzzzzzzzzzzzzzzzzzzzzzzzzzzzzzzzzzzzzzzzzzzzzzzzzzzzzzzzzzzzzzzzzzzzzzzzzzzzzzzzzzzzzzzzzzzzzzzzzzzzzzzzzzzzzzzzzzzzzzzzzzzzzzzzzzzzzzzzzzzzzzzzzzzzzzzzzzzzzzzzzzzzzzzzzzzzzzzzzzzzzzzzzzzzzzzzzzzzzzzzzzzzzzzzzzzzzzzzzzzzzzzzzzzzzzzzzzzzzzzzzzzzzzzzzzzzzzzzzzzzzzzzzzzzzzzzzzzzzzzzzzzzzzzzzzzzzzzzzzzzzzzzzzzzzzzzzzzzzzzzzzzzzzzzzzzzzzzzzzzzzzzzzzzzzzzzzzzzzzzzzzzzzzzzzzzzzzzzzzzzzzzzzzzzzzzzzzzzzzzzzzzzzzzzzzzzzzzzzzzzzzzzzzzzzzzzzzzzzzzzzzzzzzzzzzzzzzzzzzzzzzzzzzzzzzzzzzzzzzzzzzzzzzzzzzzzzzzzzzzzzzzzzzzzzzzzzzzzzzzzzzzzzzzzzzzzzzzzzzzzzzzzzzzzzzzzzzzzzzzzzzzzzzzzzzzzzzzzzzzzzzzzzzzzzzzzzzzzzzzzzzzzzzzzzzzzzzzzzzzzzzzzzzzzzzzzzzzzzzzzzzzzzzzzzzzzzzzzzzzzzzzzzzzzzzzzzzzzzzzzzzzzzzzzzzzzzzzzzzzzzzzzzzzzzzzzzzzzzzzzzzz>; HiZ drive
v000001943628b4e0_0 .net/s "all_a", 991 0, o0000019436225668;  0 drivers
o0000019436225698 .functor BUFZ 992, C4<zzzzzzzzzzzzzzzzzzzzzzzzzzzzzzzzzzzzzzzzzzzzzzzzzzzzzzzzzzzzzzzzzzzzzzzzzzzzzzzzzzzzzzzzzzzzzzzzzzzzzzzzzzzzzzzzzzzzzzzzzzzzzzzzzzzzzzzzzzzzzzzzzzzzzzzzzzzzzzzzzzzzzzzzzzzzzzzzzzzzzzzzzzzzzzzzzzzzzzzzzzzzzzzzzzzzzzzzzzzzzzzzzzzzzzzzzzzzzzzzzzzzzzzzzzzzzzzzzzzzzzzzzzzzzzzzzzzzzzzzzzzzzzzzzzzzzzzzzzzzzzzzzzzzzzzzzzzzzzzzzzzzzzzzzzzzzzzzzzzzzzzzzzzzzzzzzzzzzzzzzzzzzzzzzzzzzzzzzzzzzzzzzzzzzzzzzzzzzzzzzzzzzzzzzzzzzzzzzzzzzzzzzzzzzzzzzzzzzzzzzzzzzzzzzzzzzzzzzzzzzzzzzzzzzzzzzzzzzzzzzzzzzzzzzzzzzzzzzzzzzzzzzzzzzzzzzzzzzzzzzzzzzzzzzzzzzzzzzzzzzzzzzzzzzzzzzzzzzzzzzzzzzzzzzzzzzzzzzzzzzzzzzzzzzzzzzzzzzzzzzzzzzzzzzzzzzzzzzzzzzzzzzzzzzzzzzzzzzzzzzzzzzzzzzzzzzzzzzzzzzzzzzzzzzzzzzzzzzzzzzzzzzzzzzzzzzzzzzzzzzzzzzzzzzzzzzzzzzzzzzzzzzzzzzzzzzzzzzzzzzzzzzzzzzzzzzzzzzzzzzzzzzzzzzzzzzzzzzzzzzzzzzzzzzzzzzzzzzzzzzzzzzzzzzzzzzzzzzzzzzzzzzzzzzzzzzzzzzzzzzzzzzzzzzzzzzzzzzzzzzzzzzzzzzzzzzzzzzzzzzzzzzzzzzzzzzzzzzzzzzzzzzzzzzzzzzzzzzzzzzzzzzzzzzzzzzzzzzzzzzzzzzzzzzzzzzzzzzzzzzzzzzzzzzzzzzzzzzzzzzzzzzzzzzzzz>; HiZ drive
v000001943628b940_0 .net/s "all_w", 991 0, o0000019436225698;  0 drivers
o00000194362257e8 .functor BUFZ 32, C4<zzzzzzzzzzzzzzzzzzzzzzzzzzzzzzzz>; HiZ drive
v000001943628a720_0 .net/s "alpha", 31 0, o00000194362257e8;  0 drivers
o0000019436225968 .functor BUFZ 32, C4<zzzzzzzzzzzzzzzzzzzzzzzzzzzzzzzz>; HiZ drive
v000001943628a860_0 .net/s "b", 31 0, o0000019436225968;  0 drivers
v000001943628af40_0 .net/s "out_acttivation", 31 0, L_0000019436297fa0;  1 drivers
v000001943628b580_0 .net/s "out_add_all", 31 0, v0000019436211940_0;  1 drivers
v000001943628b800_0 .net/s "out_add_b", 31 0, L_0000019436297d20;  1 drivers
v000001943628b8a0_0 .net/s "out_all_mult", 991 0, L_0000019436297aa0;  1 drivers
v000001943628a7c0_0 .net/s "y", 31 0, L_000001943628e4f0;  1 drivers
L_0000019436297d20 .arith/sum 32, v0000019436211940_0, o0000019436225968;
S_00000194361e7c70 .scope module, "u_elmnt_add_all" "elmnt_add_all" 2 39, 3 5 0, S_00000194361e7ae0;
 .timescale 0 0;
    .port_info 0 /INPUT 992 "out_multiply";
    .port_info 1 /OUTPUT 32 "y";
P_00000194361e8630 .param/l "FBITS" 0 3 7, +C4<00000000000000000000000000011000>;
P_00000194361e8668 .param/l "N_REG" 0 3 8, +C4<00000000000000000000000000011111>;
P_00000194361e86a0 .param/l "WIDTH" 0 3 6, +C4<00000000000000000000000000100000>;
v0000019436210b80_0 .var/i "i", 31 0;
v000001943620ffa0_0 .net/s "out_multiply", 991 0, L_0000019436297aa0;  alias, 1 drivers
v0000019436210860_0 .var/s "temp_sum", 31 0;
v0000019436211940_0 .var/s "y", 31 0;
E_0000019436213820 .event anyedge, v0000019436210860_0, v000001943620ffa0_0;
S_00000194361ab6b0 .scope module, "u_elmnt_wise_mult" "elmnt_wise_mult" 2 32, 4 6 0, S_00000194361e7ae0;
 .timescale 0 0;
    .port_info 0 /INPUT 992 "all_a";
    .port_info 1 /INPUT 992 "all_w";
    .port_info 2 /OUTPUT 992 "all_mult";
P_00000194361e8160 .param/l "FBITS" 0 4 8, +C4<00000000000000000000000000011000>;
P_00000194361e8198 .param/l "N_REG" 0 4 9, +C4<00000000000000000000000000011111>;
P_00000194361e81d0 .param/l "WIDTH" 0 4 7, +C4<00000000000000000000000000100000>;
v000001943628bbc0_0 .net/s "all_a", 991 0, o0000019436225668;  alias, 0 drivers
v000001943628bda0_0 .net/s "all_mult", 991 0, L_0000019436297aa0;  alias, 1 drivers
v000001943628afe0_0 .net/s "all_w", 991 0, o0000019436225698;  alias, 0 drivers
v000001943628b9e0 .array "out_mult", 0 30;
v000001943628b9e0_0 .net/s v000001943628b9e0 0, 31 0, L_000001943628b620; 1 drivers
v000001943628b9e0_1 .net/s v000001943628b9e0 1, 31 0, L_000001943628ac20; 1 drivers
v000001943628b9e0_2 .net/s v000001943628b9e0 2, 31 0, L_000001943628ce10; 1 drivers
v000001943628b9e0_3 .net/s v000001943628b9e0 3, 31 0, L_000001943628db30; 1 drivers
v000001943628b9e0_4 .net/s v000001943628b9e0 4, 31 0, L_000001943628c5f0; 1 drivers
v000001943628b9e0_5 .net/s v000001943628b9e0 5, 31 0, L_000001943628c4b0; 1 drivers
v000001943628b9e0_6 .net/s v000001943628b9e0 6, 31 0, L_000001943628d8b0; 1 drivers
v000001943628b9e0_7 .net/s v000001943628b9e0 7, 31 0, L_000001943628d130; 1 drivers
v000001943628b9e0_8 .net/s v000001943628b9e0 8, 31 0, L_000001943628ceb0; 1 drivers
v000001943628b9e0_9 .net/s v000001943628b9e0 9, 31 0, L_000001943628d3b0; 1 drivers
v000001943628b9e0_10 .net/s v000001943628b9e0 10, 31 0, L_000001943628fe40; 1 drivers
v000001943628b9e0_11 .net/s v000001943628b9e0 11, 31 0, L_0000019436290980; 1 drivers
v000001943628b9e0_12 .net/s v000001943628b9e0 12, 31 0, L_00000194362916a0; 1 drivers
v000001943628b9e0_13 .net/s v000001943628b9e0 13, 31 0, L_000001943628f6c0; 1 drivers
v000001943628b9e0_14 .net/s v000001943628b9e0 14, 31 0, L_000001943628f300; 1 drivers
v000001943628b9e0_15 .net/s v000001943628b9e0 15, 31 0, L_0000019436290f20; 1 drivers
v000001943628b9e0_16 .net/s v000001943628b9e0 16, 31 0, L_00000194362903e0; 1 drivers
v000001943628b9e0_17 .net/s v000001943628b9e0 17, 31 0, L_0000019436291880; 1 drivers
v000001943628b9e0_18 .net/s v000001943628b9e0 18, 31 0, L_000001943628f8a0; 1 drivers
v000001943628b9e0_19 .net/s v000001943628b9e0 19, 31 0, L_000001943628f760; 1 drivers
v000001943628b9e0_20 .net/s v000001943628b9e0 20, 31 0, L_0000019436292320; 1 drivers
v000001943628b9e0_21 .net/s v000001943628b9e0 21, 31 0, L_0000019436291b00; 1 drivers
v000001943628b9e0_22 .net/s v000001943628b9e0 22, 31 0, L_00000194362921e0; 1 drivers
v000001943628b9e0_23 .net/s v000001943628b9e0 23, 31 0, L_0000019436292640; 1 drivers
v000001943628b9e0_24 .net/s v000001943628b9e0 24, 31 0, L_0000019436292c80; 1 drivers
v000001943628b9e0_25 .net/s v000001943628b9e0 25, 31 0, L_0000019436292f00; 1 drivers
v000001943628b9e0_26 .net/s v000001943628b9e0 26, 31 0, L_0000019436291ec0; 1 drivers
v000001943628b9e0_27 .net/s v000001943628b9e0 27, 31 0, L_0000019436297dc0; 1 drivers
v000001943628b9e0_28 .net/s v000001943628b9e0 28, 31 0, L_00000194362994e0; 1 drivers
v000001943628b9e0_29 .net/s v000001943628b9e0 29, 31 0, L_00000194362982c0; 1 drivers
v000001943628b9e0_30 .net/s v000001943628b9e0 30, 31 0, L_0000019436297320; 1 drivers
L_000001943628a9a0 .part o0000019436225668, 0, 32;
L_000001943628be40 .part o0000019436225698, 0, 32;
L_000001943628d590 .part o0000019436225668, 32, 32;
L_000001943628cd70 .part o0000019436225698, 32, 32;
L_000001943628c550 .part o0000019436225668, 64, 32;
L_000001943628c7d0 .part o0000019436225698, 64, 32;
L_000001943628d310 .part o0000019436225668, 96, 32;
L_000001943628d810 .part o0000019436225698, 96, 32;
L_000001943628c690 .part o0000019436225668, 128, 32;
L_000001943628d450 .part o0000019436225698, 128, 32;
L_000001943628d090 .part o0000019436225668, 160, 32;
L_000001943628c370 .part o0000019436225698, 160, 32;
L_000001943628d9f0 .part o0000019436225668, 192, 32;
L_000001943628da90 .part o0000019436225698, 192, 32;
L_000001943628c410 .part o0000019436225668, 224, 32;
L_000001943628c9b0 .part o0000019436225698, 224, 32;
L_000001943628de50 .part o0000019436225668, 256, 32;
L_000001943628cf50 .part o0000019436225698, 256, 32;
L_000001943628d4f0 .part o0000019436225668, 288, 32;
L_000001943628f3a0 .part o0000019436225698, 288, 32;
L_0000019436290520 .part o0000019436225668, 320, 32;
L_000001943628f9e0 .part o0000019436225698, 320, 32;
L_0000019436290ca0 .part o0000019436225668, 352, 32;
L_000001943628fa80 .part o0000019436225698, 352, 32;
L_0000019436291600 .part o0000019436225668, 384, 32;
L_000001943628f440 .part o0000019436225698, 384, 32;
L_0000019436290020 .part o0000019436225668, 416, 32;
L_0000019436290ac0 .part o0000019436225698, 416, 32;
L_0000019436290e80 .part o0000019436225668, 448, 32;
L_0000019436290660 .part o0000019436225698, 448, 32;
L_0000019436290a20 .part o0000019436225668, 480, 32;
L_0000019436291560 .part o0000019436225698, 480, 32;
L_0000019436291100 .part o0000019436225668, 512, 32;
L_000001943628fbc0 .part o0000019436225698, 512, 32;
L_000001943628f620 .part o0000019436225668, 544, 32;
L_000001943628f120 .part o0000019436225698, 544, 32;
L_0000019436290b60 .part o0000019436225668, 576, 32;
L_000001943628f940 .part o0000019436225698, 576, 32;
L_000001943628f800 .part o0000019436225668, 608, 32;
L_000001943628fd00 .part o0000019436225698, 608, 32;
L_0000019436291a60 .part o0000019436225668, 640, 32;
L_0000019436292780 .part o0000019436225698, 640, 32;
L_0000019436292500 .part o0000019436225668, 672, 32;
L_0000019436292820 .part o0000019436225698, 672, 32;
L_00000194362923c0 .part o0000019436225668, 704, 32;
L_0000019436292b40 .part o0000019436225698, 704, 32;
L_00000194362920a0 .part o0000019436225668, 736, 32;
L_0000019436292460 .part o0000019436225698, 736, 32;
L_0000019436291d80 .part o0000019436225668, 768, 32;
L_0000019436292d20 .part o0000019436225698, 768, 32;
L_0000019436292140 .part o0000019436225668, 800, 32;
L_0000019436292fa0 .part o0000019436225698, 800, 32;
L_000001943628def0 .part o0000019436225668, 832, 32;
L_00000194362980e0 .part o0000019436225698, 832, 32;
L_0000019436298680 .part o0000019436225668, 864, 32;
L_0000019436298d60 .part o0000019436225698, 864, 32;
L_00000194362985e0 .part o0000019436225668, 896, 32;
L_0000019436299080 .part o0000019436225698, 896, 32;
L_0000019436299120 .part o0000019436225668, 928, 32;
L_00000194362991c0 .part o0000019436225698, 928, 32;
LS_0000019436297aa0_0_0 .concat8 [ 32 32 32 32], L_00000194361e98c0, L_00000194361e9af0, L_00000194361e9540, L_00000194361e9b60;
LS_0000019436297aa0_0_4 .concat8 [ 32 32 32 32], L_00000194361e9690, L_00000194361e9930, L_00000194361e9d20, L_00000194361e9cb0;
LS_0000019436297aa0_0_8 .concat8 [ 32 32 32 32], L_00000194361e9d90, L_000001943628e6b0, L_000001943628ecd0, L_000001943628e8e0;
LS_0000019436297aa0_0_12 .concat8 [ 32 32 32 32], L_000001943628e640, L_000001943628e480, L_000001943628e410, L_000001943628e170;
LS_0000019436297aa0_0_16 .concat8 [ 32 32 32 32], L_000001943628ee20, L_000001943628e720, L_000001943628e100, L_000001943628e790;
LS_0000019436297aa0_0_20 .concat8 [ 32 32 32 32], L_000001943628e800, L_000001943628ea30, L_000001943628e3a0, L_000001943628e5d0;
LS_0000019436297aa0_0_24 .concat8 [ 32 32 32 32], L_000001943628ee90, L_000001943628eaa0, L_000001943628eb10, L_000001943628e560;
LS_0000019436297aa0_0_28 .concat8 [ 32 32 32 0], L_000001943628e870, L_000001943628e950, L_000001943628ef00;
LS_0000019436297aa0_1_0 .concat8 [ 128 128 128 128], LS_0000019436297aa0_0_0, LS_0000019436297aa0_0_4, LS_0000019436297aa0_0_8, LS_0000019436297aa0_0_12;
LS_0000019436297aa0_1_4 .concat8 [ 128 128 128 96], LS_0000019436297aa0_0_16, LS_0000019436297aa0_0_20, LS_0000019436297aa0_0_24, LS_0000019436297aa0_0_28;
L_0000019436297aa0 .concat8 [ 512 480 0 0], LS_0000019436297aa0_1_0, LS_0000019436297aa0_1_4;
L_0000019436298ea0 .part o0000019436225668, 960, 32;
L_00000194362987c0 .part o0000019436225698, 960, 32;
S_00000194361ab840 .scope generate, "mult_all[0]" "mult_all[0]" 4 25, 4 25 0, S_00000194361ab6b0;
 .timescale 0 0;
P_0000019436213920 .param/l "g" 0 4 25, +C4<00>;
L_00000194361e98c0 .functor BUFZ 32, L_000001943628b620, C4<00000000000000000000000000000000>, C4<00000000000000000000000000000000>, C4<00000000000000000000000000000000>;
v0000019436211760_0 .net *"_ivl_2", 31 0, L_00000194361e98c0;  1 drivers
S_0000019436156640 .scope module, "u_mult" "mult_Q" 4 31, 5 4 0, S_00000194361ab840;
 .timescale 0 0;
    .port_info 0 /INPUT 32 "a";
    .port_info 1 /INPUT 32 "b";
    .port_info 2 /OUTPUT 32 "y";
P_000001943619f1d0 .param/l "FBITS" 0 5 6, +C4<00000000000000000000000000011000>;
P_000001943619f208 .param/l "WIDTH" 0 5 5, +C4<00000000000000000000000000100000>;
v0000019436210040_0 .net/s *"_ivl_0", 63 0, L_000001943628a360;  1 drivers
v0000019436210680_0 .net/s *"_ivl_2", 63 0, L_000001943628bc60;  1 drivers
v00000194362107c0_0 .net/s "a", 31 0, L_000001943628a9a0;  1 drivers
v0000019436211260_0 .net/s "b", 31 0, L_000001943628be40;  1 drivers
v0000019436210d60_0 .net/s "raw_y", 63 0, L_000001943628a900;  1 drivers
v0000019436210c20_0 .net/s "y", 31 0, L_000001943628b620;  alias, 1 drivers
L_000001943628a360 .extend/s 64, L_000001943628a9a0;
L_000001943628bc60 .extend/s 64, L_000001943628be40;
L_000001943628a900 .arith/mult 64, L_000001943628a360, L_000001943628bc60;
L_000001943628b620 .part L_000001943628a900, 24, 32;
S_00000194361567d0 .scope generate, "mult_all[1]" "mult_all[1]" 4 25, 4 25 0, S_00000194361ab6b0;
 .timescale 0 0;
P_0000019436214760 .param/l "g" 0 4 25, +C4<01>;
L_00000194361e9af0 .functor BUFZ 32, L_000001943628ac20, C4<00000000000000000000000000000000>, C4<00000000000000000000000000000000>, C4<00000000000000000000000000000000>;
v00000194362119e0_0 .net *"_ivl_2", 31 0, L_00000194361e9af0;  1 drivers
S_00000194361a6ab0 .scope module, "u_mult" "mult_Q" 4 31, 5 4 0, S_00000194361567d0;
 .timescale 0 0;
    .port_info 0 /INPUT 32 "a";
    .port_info 1 /INPUT 32 "b";
    .port_info 2 /OUTPUT 32 "y";
P_000001943619fcd0 .param/l "FBITS" 0 5 6, +C4<00000000000000000000000000011000>;
P_000001943619fd08 .param/l "WIDTH" 0 5 5, +C4<00000000000000000000000000100000>;
v0000019436211300_0 .net/s *"_ivl_0", 63 0, L_000001943628aa40;  1 drivers
v0000019436210cc0_0 .net/s *"_ivl_2", 63 0, L_000001943628bee0;  1 drivers
v000001943620fbe0_0 .net/s "a", 31 0, L_000001943628d590;  1 drivers
v0000019436211120_0 .net/s "b", 31 0, L_000001943628cd70;  1 drivers
v0000019436210ae0_0 .net/s "raw_y", 63 0, L_000001943628ab80;  1 drivers
v0000019436210720_0 .net/s "y", 31 0, L_000001943628ac20;  alias, 1 drivers
L_000001943628aa40 .extend/s 64, L_000001943628d590;
L_000001943628bee0 .extend/s 64, L_000001943628cd70;
L_000001943628ab80 .arith/mult 64, L_000001943628aa40, L_000001943628bee0;
L_000001943628ac20 .part L_000001943628ab80, 24, 32;
S_00000194361a6c40 .scope generate, "mult_all[2]" "mult_all[2]" 4 25, 4 25 0, S_00000194361ab6b0;
 .timescale 0 0;
P_0000019436213960 .param/l "g" 0 4 25, +C4<010>;
L_00000194361e9540 .functor BUFZ 32, L_000001943628ce10, C4<00000000000000000000000000000000>, C4<00000000000000000000000000000000>, C4<00000000000000000000000000000000>;
v0000019436210900_0 .net *"_ivl_2", 31 0, L_00000194361e9540;  1 drivers
S_00000194361a87f0 .scope module, "u_mult" "mult_Q" 4 31, 5 4 0, S_00000194361a6c40;
 .timescale 0 0;
    .port_info 0 /INPUT 32 "a";
    .port_info 1 /INPUT 32 "b";
    .port_info 2 /OUTPUT 32 "y";
P_000001943619fd50 .param/l "FBITS" 0 5 6, +C4<00000000000000000000000000011000>;
P_000001943619fd88 .param/l "WIDTH" 0 5 5, +C4<00000000000000000000000000100000>;
v00000194362111c0_0 .net/s *"_ivl_0", 63 0, L_000001943628cc30;  1 drivers
v00000194362113a0_0 .net/s *"_ivl_2", 63 0, L_000001943628d630;  1 drivers
v00000194362114e0_0 .net/s "a", 31 0, L_000001943628c550;  1 drivers
v000001943620fc80_0 .net/s "b", 31 0, L_000001943628c7d0;  1 drivers
v0000019436211a80_0 .net/s "raw_y", 63 0, L_000001943628c190;  1 drivers
v0000019436210400_0 .net/s "y", 31 0, L_000001943628ce10;  alias, 1 drivers
L_000001943628cc30 .extend/s 64, L_000001943628c550;
L_000001943628d630 .extend/s 64, L_000001943628c7d0;
L_000001943628c190 .arith/mult 64, L_000001943628cc30, L_000001943628d630;
L_000001943628ce10 .part L_000001943628c190, 24, 32;
S_00000194361a8980 .scope generate, "mult_all[3]" "mult_all[3]" 4 25, 4 25 0, S_00000194361ab6b0;
 .timescale 0 0;
P_0000019436213a60 .param/l "g" 0 4 25, +C4<011>;
L_00000194361e9b60 .functor BUFZ 32, L_000001943628db30, C4<00000000000000000000000000000000>, C4<00000000000000000000000000000000>, C4<00000000000000000000000000000000>;
v00000194361e5a10_0 .net *"_ivl_2", 31 0, L_00000194361e9b60;  1 drivers
S_00000194361aec00 .scope module, "u_mult" "mult_Q" 4 31, 5 4 0, S_00000194361a8980;
 .timescale 0 0;
    .port_info 0 /INPUT 32 "a";
    .port_info 1 /INPUT 32 "b";
    .port_info 2 /OUTPUT 32 "y";
P_000001943619f250 .param/l "FBITS" 0 5 6, +C4<00000000000000000000000000011000>;
P_000001943619f288 .param/l "WIDTH" 0 5 5, +C4<00000000000000000000000000100000>;
v00000194362109a0_0 .net/s *"_ivl_0", 63 0, L_000001943628c230;  1 drivers
v0000019436211800_0 .net/s *"_ivl_2", 63 0, L_000001943628ca50;  1 drivers
v00000194361e62d0_0 .net/s "a", 31 0, L_000001943628d310;  1 drivers
v00000194361e5290_0 .net/s "b", 31 0, L_000001943628d810;  1 drivers
v00000194361e5dd0_0 .net/s "raw_y", 63 0, L_000001943628c2d0;  1 drivers
v00000194361e5970_0 .net/s "y", 31 0, L_000001943628db30;  alias, 1 drivers
L_000001943628c230 .extend/s 64, L_000001943628d310;
L_000001943628ca50 .extend/s 64, L_000001943628d810;
L_000001943628c2d0 .arith/mult 64, L_000001943628c230, L_000001943628ca50;
L_000001943628db30 .part L_000001943628c2d0, 24, 32;
S_00000194361aed90 .scope generate, "mult_all[4]" "mult_all[4]" 4 25, 4 25 0, S_00000194361ab6b0;
 .timescale 0 0;
P_0000019436213aa0 .param/l "g" 0 4 25, +C4<0100>;
L_00000194361e9690 .functor BUFZ 32, L_000001943628c5f0, C4<00000000000000000000000000000000>, C4<00000000000000000000000000000000>, C4<00000000000000000000000000000000>;
v00000194361f9e00_0 .net *"_ivl_2", 31 0, L_00000194361e9690;  1 drivers
S_00000194362167e0 .scope module, "u_mult" "mult_Q" 4 31, 5 4 0, S_00000194361aed90;
 .timescale 0 0;
    .port_info 0 /INPUT 32 "a";
    .port_info 1 /INPUT 32 "b";
    .port_info 2 /OUTPUT 32 "y";
P_000001943619f2d0 .param/l "FBITS" 0 5 6, +C4<00000000000000000000000000011000>;
P_000001943619f308 .param/l "WIDTH" 0 5 5, +C4<00000000000000000000000000100000>;
v00000194361e56f0_0 .net/s *"_ivl_0", 63 0, L_000001943628ccd0;  1 drivers
v00000194361e5e70_0 .net/s *"_ivl_2", 63 0, L_000001943628d6d0;  1 drivers
v00000194361e6370_0 .net/s "a", 31 0, L_000001943628c690;  1 drivers
v00000194361e65f0_0 .net/s "b", 31 0, L_000001943628d450;  1 drivers
v00000194361e4c50_0 .net/s "raw_y", 63 0, L_000001943628caf0;  1 drivers
v00000194361fa4e0_0 .net/s "y", 31 0, L_000001943628c5f0;  alias, 1 drivers
L_000001943628ccd0 .extend/s 64, L_000001943628c690;
L_000001943628d6d0 .extend/s 64, L_000001943628d450;
L_000001943628caf0 .arith/mult 64, L_000001943628ccd0, L_000001943628d6d0;
L_000001943628c5f0 .part L_000001943628caf0, 24, 32;
S_0000019436216970 .scope generate, "mult_all[5]" "mult_all[5]" 4 25, 4 25 0, S_00000194361ab6b0;
 .timescale 0 0;
P_0000019436213ee0 .param/l "g" 0 4 25, +C4<0101>;
L_00000194361e9930 .functor BUFZ 32, L_000001943628c4b0, C4<00000000000000000000000000000000>, C4<00000000000000000000000000000000>, C4<00000000000000000000000000000000>;
v00000194361f9680_0 .net *"_ivl_2", 31 0, L_00000194361e9930;  1 drivers
S_0000019436216b00 .scope module, "u_mult" "mult_Q" 4 31, 5 4 0, S_0000019436216970;
 .timescale 0 0;
    .port_info 0 /INPUT 32 "a";
    .port_info 1 /INPUT 32 "b";
    .port_info 2 /OUTPUT 32 "y";
P_000001943627bef0 .param/l "FBITS" 0 5 6, +C4<00000000000000000000000000011000>;
P_000001943627bf28 .param/l "WIDTH" 0 5 5, +C4<00000000000000000000000000100000>;
v00000194361f9fe0_0 .net/s *"_ivl_0", 63 0, L_000001943628c0f0;  1 drivers
v00000194361f8d20_0 .net/s *"_ivl_2", 63 0, L_000001943628c730;  1 drivers
v00000194361f9040_0 .net/s "a", 31 0, L_000001943628d090;  1 drivers
v00000194361fa8a0_0 .net/s "b", 31 0, L_000001943628c370;  1 drivers
v00000194361f9220_0 .net/s "raw_y", 63 0, L_000001943628d770;  1 drivers
v00000194361f9400_0 .net/s "y", 31 0, L_000001943628c4b0;  alias, 1 drivers
L_000001943628c0f0 .extend/s 64, L_000001943628d090;
L_000001943628c730 .extend/s 64, L_000001943628c370;
L_000001943628d770 .arith/mult 64, L_000001943628c0f0, L_000001943628c730;
L_000001943628c4b0 .part L_000001943628d770, 24, 32;
S_0000019436216c90 .scope generate, "mult_all[6]" "mult_all[6]" 4 25, 4 25 0, S_00000194361ab6b0;
 .timescale 0 0;
P_00000194362142e0 .param/l "g" 0 4 25, +C4<0110>;
L_00000194361e9d20 .functor BUFZ 32, L_000001943628d8b0, C4<00000000000000000000000000000000>, C4<00000000000000000000000000000000>, C4<00000000000000000000000000000000>;
v000001943627d160_0 .net *"_ivl_2", 31 0, L_00000194361e9d20;  1 drivers
S_0000019436216e20 .scope module, "u_mult" "mult_Q" 4 31, 5 4 0, S_0000019436216c90;
 .timescale 0 0;
    .port_info 0 /INPUT 32 "a";
    .port_info 1 /INPUT 32 "b";
    .port_info 2 /OUTPUT 32 "y";
P_000001943627ae70 .param/l "FBITS" 0 5 6, +C4<00000000000000000000000000011000>;
P_000001943627aea8 .param/l "WIDTH" 0 5 5, +C4<00000000000000000000000000100000>;
v00000194361f97c0_0 .net/s *"_ivl_0", 63 0, L_000001943628c870;  1 drivers
v00000194361db840_0 .net/s *"_ivl_2", 63 0, L_000001943628d950;  1 drivers
v00000194361db5c0_0 .net/s "a", 31 0, L_000001943628d9f0;  1 drivers
v00000194361dbd40_0 .net/s "b", 31 0, L_000001943628da90;  1 drivers
v00000194361db340_0 .net/s "raw_y", 63 0, L_000001943628df90;  1 drivers
v00000194361dbde0_0 .net/s "y", 31 0, L_000001943628d8b0;  alias, 1 drivers
L_000001943628c870 .extend/s 64, L_000001943628d9f0;
L_000001943628d950 .extend/s 64, L_000001943628da90;
L_000001943628df90 .arith/mult 64, L_000001943628c870, L_000001943628d950;
L_000001943628d8b0 .part L_000001943628df90, 24, 32;
S_000001943625e3d0 .scope generate, "mult_all[7]" "mult_all[7]" 4 25, 4 25 0, S_00000194361ab6b0;
 .timescale 0 0;
P_0000019436214660 .param/l "g" 0 4 25, +C4<0111>;
L_00000194361e9cb0 .functor BUFZ 32, L_000001943628d130, C4<00000000000000000000000000000000>, C4<00000000000000000000000000000000>, C4<00000000000000000000000000000000>;
v000001943627d200_0 .net *"_ivl_2", 31 0, L_00000194361e9cb0;  1 drivers
S_000001943625e6f0 .scope module, "u_mult" "mult_Q" 4 31, 5 4 0, S_000001943625e3d0;
 .timescale 0 0;
    .port_info 0 /INPUT 32 "a";
    .port_info 1 /INPUT 32 "b";
    .port_info 2 /OUTPUT 32 "y";
P_000001943627b270 .param/l "FBITS" 0 5 6, +C4<00000000000000000000000000011000>;
P_000001943627b2a8 .param/l "WIDTH" 0 5 5, +C4<00000000000000000000000000100000>;
v000001943627c080_0 .net/s *"_ivl_0", 63 0, L_000001943628dbd0;  1 drivers
v000001943627d0c0_0 .net/s *"_ivl_2", 63 0, L_000001943628dc70;  1 drivers
v000001943627dca0_0 .net/s "a", 31 0, L_000001943628c410;  1 drivers
v000001943627c760_0 .net/s "b", 31 0, L_000001943628c9b0;  1 drivers
v000001943627dde0_0 .net/s "raw_y", 63 0, L_000001943628c910;  1 drivers
v000001943627d520_0 .net/s "y", 31 0, L_000001943628d130;  alias, 1 drivers
L_000001943628dbd0 .extend/s 64, L_000001943628c410;
L_000001943628dc70 .extend/s 64, L_000001943628c9b0;
L_000001943628c910 .arith/mult 64, L_000001943628dbd0, L_000001943628dc70;
L_000001943628d130 .part L_000001943628c910, 24, 32;
S_000001943625dd90 .scope generate, "mult_all[8]" "mult_all[8]" 4 25, 4 25 0, S_00000194361ab6b0;
 .timescale 0 0;
P_00000194362139e0 .param/l "g" 0 4 25, +C4<01000>;
L_00000194361e9d90 .functor BUFZ 32, L_000001943628ceb0, C4<00000000000000000000000000000000>, C4<00000000000000000000000000000000>, C4<00000000000000000000000000000000>;
v000001943627ce40_0 .net *"_ivl_2", 31 0, L_00000194361e9d90;  1 drivers
S_000001943625e0b0 .scope module, "u_mult" "mult_Q" 4 31, 5 4 0, S_000001943625dd90;
 .timescale 0 0;
    .port_info 0 /INPUT 32 "a";
    .port_info 1 /INPUT 32 "b";
    .port_info 2 /OUTPUT 32 "y";
P_000001943627b2f0 .param/l "FBITS" 0 5 6, +C4<00000000000000000000000000011000>;
P_000001943627b328 .param/l "WIDTH" 0 5 5, +C4<00000000000000000000000000100000>;
v000001943627cb20_0 .net/s *"_ivl_0", 63 0, L_000001943628cb90;  1 drivers
v000001943627c8a0_0 .net/s *"_ivl_2", 63 0, L_000001943628dd10;  1 drivers
v000001943627d2a0_0 .net/s "a", 31 0, L_000001943628de50;  1 drivers
v000001943627d840_0 .net/s "b", 31 0, L_000001943628cf50;  1 drivers
v000001943627c120_0 .net/s "raw_y", 63 0, L_000001943628ddb0;  1 drivers
v000001943627d480_0 .net/s "y", 31 0, L_000001943628ceb0;  alias, 1 drivers
L_000001943628cb90 .extend/s 64, L_000001943628de50;
L_000001943628dd10 .extend/s 64, L_000001943628cf50;
L_000001943628ddb0 .arith/mult 64, L_000001943628cb90, L_000001943628dd10;
L_000001943628ceb0 .part L_000001943628ddb0, 24, 32;
S_000001943625e560 .scope generate, "mult_all[9]" "mult_all[9]" 4 25, 4 25 0, S_00000194361ab6b0;
 .timescale 0 0;
P_0000019436214360 .param/l "g" 0 4 25, +C4<01001>;
L_000001943628e6b0 .functor BUFZ 32, L_000001943628d3b0, C4<00000000000000000000000000000000>, C4<00000000000000000000000000000000>, C4<00000000000000000000000000000000>;
v000001943627c1c0_0 .net *"_ivl_2", 31 0, L_000001943628e6b0;  1 drivers
S_000001943625ea10 .scope module, "u_mult" "mult_Q" 4 31, 5 4 0, S_000001943625e560;
 .timescale 0 0;
    .port_info 0 /INPUT 32 "a";
    .port_info 1 /INPUT 32 "b";
    .port_info 2 /OUTPUT 32 "y";
P_000001943627a970 .param/l "FBITS" 0 5 6, +C4<00000000000000000000000000011000>;
P_000001943627a9a8 .param/l "WIDTH" 0 5 5, +C4<00000000000000000000000000100000>;
v000001943627c4e0_0 .net/s *"_ivl_0", 63 0, L_000001943628cff0;  1 drivers
v000001943627cbc0_0 .net/s *"_ivl_2", 63 0, L_000001943628d1d0;  1 drivers
v000001943627d3e0_0 .net/s "a", 31 0, L_000001943628d4f0;  1 drivers
v000001943627de80_0 .net/s "b", 31 0, L_000001943628f3a0;  1 drivers
v000001943627c580_0 .net/s "raw_y", 63 0, L_000001943628d270;  1 drivers
v000001943627db60_0 .net/s "y", 31 0, L_000001943628d3b0;  alias, 1 drivers
L_000001943628cff0 .extend/s 64, L_000001943628d4f0;
L_000001943628d1d0 .extend/s 64, L_000001943628f3a0;
L_000001943628d270 .arith/mult 64, L_000001943628cff0, L_000001943628d1d0;
L_000001943628d3b0 .part L_000001943628d270, 24, 32;
S_000001943625e880 .scope generate, "mult_all[10]" "mult_all[10]" 4 25, 4 25 0, S_00000194361ab6b0;
 .timescale 0 0;
P_0000019436214460 .param/l "g" 0 4 25, +C4<01010>;
L_000001943628ecd0 .functor BUFZ 32, L_000001943628fe40, C4<00000000000000000000000000000000>, C4<00000000000000000000000000000000>, C4<00000000000000000000000000000000>;
v000001943627d340_0 .net *"_ivl_2", 31 0, L_000001943628ecd0;  1 drivers
S_000001943625dc00 .scope module, "u_mult" "mult_Q" 4 31, 5 4 0, S_000001943625e880;
 .timescale 0 0;
    .port_info 0 /INPUT 32 "a";
    .port_info 1 /INPUT 32 "b";
    .port_info 2 /OUTPUT 32 "y";
P_000001943627b370 .param/l "FBITS" 0 5 6, +C4<00000000000000000000000000011000>;
P_000001943627b3a8 .param/l "WIDTH" 0 5 5, +C4<00000000000000000000000000100000>;
v000001943627cc60_0 .net/s *"_ivl_0", 63 0, L_0000019436290c00;  1 drivers
v000001943627dd40_0 .net/s *"_ivl_2", 63 0, L_0000019436290200;  1 drivers
v000001943627cee0_0 .net/s "a", 31 0, L_0000019436290520;  1 drivers
v000001943627cd00_0 .net/s "b", 31 0, L_000001943628f9e0;  1 drivers
v000001943627ca80_0 .net/s "raw_y", 63 0, L_0000019436290160;  1 drivers
v000001943627cda0_0 .net/s "y", 31 0, L_000001943628fe40;  alias, 1 drivers
L_0000019436290c00 .extend/s 64, L_0000019436290520;
L_0000019436290200 .extend/s 64, L_000001943628f9e0;
L_0000019436290160 .arith/mult 64, L_0000019436290c00, L_0000019436290200;
L_000001943628fe40 .part L_0000019436290160, 24, 32;
S_000001943625df20 .scope generate, "mult_all[11]" "mult_all[11]" 4 25, 4 25 0, S_00000194361ab6b0;
 .timescale 0 0;
P_00000194362146e0 .param/l "g" 0 4 25, +C4<01011>;
L_000001943628e8e0 .functor BUFZ 32, L_0000019436290980, C4<00000000000000000000000000000000>, C4<00000000000000000000000000000000>, C4<00000000000000000000000000000000>;
v000001943627c800_0 .net *"_ivl_2", 31 0, L_000001943628e8e0;  1 drivers
S_000001943625e240 .scope module, "u_mult" "mult_Q" 4 31, 5 4 0, S_000001943625df20;
 .timescale 0 0;
    .port_info 0 /INPUT 32 "a";
    .port_info 1 /INPUT 32 "b";
    .port_info 2 /OUTPUT 32 "y";
P_000001943627ba70 .param/l "FBITS" 0 5 6, +C4<00000000000000000000000000011000>;
P_000001943627baa8 .param/l "WIDTH" 0 5 5, +C4<00000000000000000000000000100000>;
v000001943627d7a0_0 .net/s *"_ivl_0", 63 0, L_0000019436291420;  1 drivers
v000001943627c300_0 .net/s *"_ivl_2", 63 0, L_00000194362908e0;  1 drivers
v000001943627c9e0_0 .net/s "a", 31 0, L_0000019436290ca0;  1 drivers
v000001943627c6c0_0 .net/s "b", 31 0, L_000001943628fa80;  1 drivers
v000001943627cf80_0 .net/s "raw_y", 63 0, L_0000019436291380;  1 drivers
v000001943627d020_0 .net/s "y", 31 0, L_0000019436290980;  alias, 1 drivers
L_0000019436291420 .extend/s 64, L_0000019436290ca0;
L_00000194362908e0 .extend/s 64, L_000001943628fa80;
L_0000019436291380 .arith/mult 64, L_0000019436291420, L_00000194362908e0;
L_0000019436290980 .part L_0000019436291380, 24, 32;
S_000001943627fb20 .scope generate, "mult_all[12]" "mult_all[12]" 4 25, 4 25 0, S_00000194361ab6b0;
 .timescale 0 0;
P_00000194362144a0 .param/l "g" 0 4 25, +C4<01100>;
L_000001943628e640 .functor BUFZ 32, L_00000194362916a0, C4<00000000000000000000000000000000>, C4<00000000000000000000000000000000>, C4<00000000000000000000000000000000>;
v000001943627da20_0 .net *"_ivl_2", 31 0, L_000001943628e640;  1 drivers
S_000001943627f990 .scope module, "u_mult" "mult_Q" 4 31, 5 4 0, S_000001943627fb20;
 .timescale 0 0;
    .port_info 0 /INPUT 32 "a";
    .port_info 1 /INPUT 32 "b";
    .port_info 2 /OUTPUT 32 "y";
P_000001943627b3f0 .param/l "FBITS" 0 5 6, +C4<00000000000000000000000000011000>;
P_000001943627b428 .param/l "WIDTH" 0 5 5, +C4<00000000000000000000000000100000>;
v000001943627d5c0_0 .net/s *"_ivl_0", 63 0, L_0000019436290de0;  1 drivers
v000001943627d660_0 .net/s *"_ivl_2", 63 0, L_0000019436290d40;  1 drivers
v000001943627c3a0_0 .net/s "a", 31 0, L_0000019436291600;  1 drivers
v000001943627d8e0_0 .net/s "b", 31 0, L_000001943628f440;  1 drivers
v000001943627d700_0 .net/s "raw_y", 63 0, L_00000194362905c0;  1 drivers
v000001943627d980_0 .net/s "y", 31 0, L_00000194362916a0;  alias, 1 drivers
L_0000019436290de0 .extend/s 64, L_0000019436291600;
L_0000019436290d40 .extend/s 64, L_000001943628f440;
L_00000194362905c0 .arith/mult 64, L_0000019436290de0, L_0000019436290d40;
L_00000194362916a0 .part L_00000194362905c0, 24, 32;
S_000001943627e540 .scope generate, "mult_all[13]" "mult_all[13]" 4 25, 4 25 0, S_00000194361ab6b0;
 .timescale 0 0;
P_00000194362144e0 .param/l "g" 0 4 25, +C4<01101>;
L_000001943628e480 .functor BUFZ 32, L_000001943628f6c0, C4<00000000000000000000000000000000>, C4<00000000000000000000000000000000>, C4<00000000000000000000000000000000>;
v000001943627c940_0 .net *"_ivl_2", 31 0, L_000001943628e480;  1 drivers
S_000001943627e9f0 .scope module, "u_mult" "mult_Q" 4 31, 5 4 0, S_000001943627e540;
 .timescale 0 0;
    .port_info 0 /INPUT 32 "a";
    .port_info 1 /INPUT 32 "b";
    .port_info 2 /OUTPUT 32 "y";
P_000001943627aaf0 .param/l "FBITS" 0 5 6, +C4<00000000000000000000000000011000>;
P_000001943627ab28 .param/l "WIDTH" 0 5 5, +C4<00000000000000000000000000100000>;
v000001943627dac0_0 .net/s *"_ivl_0", 63 0, L_00000194362914c0;  1 drivers
v000001943627c260_0 .net/s *"_ivl_2", 63 0, L_000001943628fee0;  1 drivers
v000001943627dc00_0 .net/s "a", 31 0, L_0000019436290020;  1 drivers
v000001943627c620_0 .net/s "b", 31 0, L_0000019436290ac0;  1 drivers
v000001943627c440_0 .net/s "raw_y", 63 0, L_00000194362902a0;  1 drivers
v000001943627df20_0 .net/s "y", 31 0, L_000001943628f6c0;  alias, 1 drivers
L_00000194362914c0 .extend/s 64, L_0000019436290020;
L_000001943628fee0 .extend/s 64, L_0000019436290ac0;
L_00000194362902a0 .arith/mult 64, L_00000194362914c0, L_000001943628fee0;
L_000001943628f6c0 .part L_00000194362902a0, 24, 32;
S_000001943627e090 .scope generate, "mult_all[14]" "mult_all[14]" 4 25, 4 25 0, S_00000194361ab6b0;
 .timescale 0 0;
P_00000194362140a0 .param/l "g" 0 4 25, +C4<01110>;
L_000001943628e410 .functor BUFZ 32, L_000001943628f300, C4<00000000000000000000000000000000>, C4<00000000000000000000000000000000>, C4<00000000000000000000000000000000>;
v0000019436285230_0 .net *"_ivl_2", 31 0, L_000001943628e410;  1 drivers
S_000001943627fcb0 .scope module, "u_mult" "mult_Q" 4 31, 5 4 0, S_000001943627e090;
 .timescale 0 0;
    .port_info 0 /INPUT 32 "a";
    .port_info 1 /INPUT 32 "b";
    .port_info 2 /OUTPUT 32 "y";
P_000001943627ab70 .param/l "FBITS" 0 5 6, +C4<00000000000000000000000000011000>;
P_000001943627aba8 .param/l "WIDTH" 0 5 5, +C4<00000000000000000000000000100000>;
v0000019436284510_0 .net/s *"_ivl_0", 63 0, L_00000194362907a0;  1 drivers
v0000019436284ab0_0 .net/s *"_ivl_2", 63 0, L_0000019436290340;  1 drivers
v0000019436285cd0_0 .net/s "a", 31 0, L_0000019436290e80;  1 drivers
v00000194362843d0_0 .net/s "b", 31 0, L_0000019436290660;  1 drivers
v0000019436285c30_0 .net/s "raw_y", 63 0, L_000001943628fda0;  1 drivers
v0000019436284e70_0 .net/s "y", 31 0, L_000001943628f300;  alias, 1 drivers
L_00000194362907a0 .extend/s 64, L_0000019436290e80;
L_0000019436290340 .extend/s 64, L_0000019436290660;
L_000001943628fda0 .arith/mult 64, L_00000194362907a0, L_0000019436290340;
L_000001943628f300 .part L_000001943628fda0, 24, 32;
S_000001943627e3b0 .scope generate, "mult_all[15]" "mult_all[15]" 4 25, 4 25 0, S_00000194361ab6b0;
 .timescale 0 0;
P_0000019436213c60 .param/l "g" 0 4 25, +C4<01111>;
L_000001943628e170 .functor BUFZ 32, L_0000019436290f20, C4<00000000000000000000000000000000>, C4<00000000000000000000000000000000>, C4<00000000000000000000000000000000>;
v00000194362846f0_0 .net *"_ivl_2", 31 0, L_000001943628e170;  1 drivers
S_000001943627ed10 .scope module, "u_mult" "mult_Q" 4 31, 5 4 0, S_000001943627e3b0;
 .timescale 0 0;
    .port_info 0 /INPUT 32 "a";
    .port_info 1 /INPUT 32 "b";
    .port_info 2 /OUTPUT 32 "y";
P_000001943627a770 .param/l "FBITS" 0 5 6, +C4<00000000000000000000000000011000>;
P_000001943627a7a8 .param/l "WIDTH" 0 5 5, +C4<00000000000000000000000000100000>;
v0000019436285370_0 .net/s *"_ivl_0", 63 0, L_000001943628fb20;  1 drivers
v0000019436285d70_0 .net/s *"_ivl_2", 63 0, L_0000019436290fc0;  1 drivers
v0000019436284b50_0 .net/s "a", 31 0, L_0000019436290a20;  1 drivers
v0000019436284d30_0 .net/s "b", 31 0, L_0000019436291560;  1 drivers
v0000019436285870_0 .net/s "raw_y", 63 0, L_00000194362912e0;  1 drivers
v0000019436284bf0_0 .net/s "y", 31 0, L_0000019436290f20;  alias, 1 drivers
L_000001943628fb20 .extend/s 64, L_0000019436290a20;
L_0000019436290fc0 .extend/s 64, L_0000019436291560;
L_00000194362912e0 .arith/mult 64, L_000001943628fb20, L_0000019436290fc0;
L_0000019436290f20 .part L_00000194362912e0, 24, 32;
S_000001943627fe40 .scope generate, "mult_all[16]" "mult_all[16]" 4 25, 4 25 0, S_00000194361ab6b0;
 .timescale 0 0;
P_0000019436213de0 .param/l "g" 0 4 25, +C4<010000>;
L_000001943628ee20 .functor BUFZ 32, L_00000194362903e0, C4<00000000000000000000000000000000>, C4<00000000000000000000000000000000>, C4<00000000000000000000000000000000>;
v0000019436285f50_0 .net *"_ivl_2", 31 0, L_000001943628ee20;  1 drivers
S_000001943627f350 .scope module, "u_mult" "mult_Q" 4 31, 5 4 0, S_000001943627fe40;
 .timescale 0 0;
    .port_info 0 /INPUT 32 "a";
    .port_info 1 /INPUT 32 "b";
    .port_info 2 /OUTPUT 32 "y";
P_000001943627abf0 .param/l "FBITS" 0 5 6, +C4<00000000000000000000000000011000>;
P_000001943627ac28 .param/l "WIDTH" 0 5 5, +C4<00000000000000000000000000100000>;
v0000019436285910_0 .net/s *"_ivl_0", 63 0, L_000001943628f4e0;  1 drivers
v0000019436284f10_0 .net/s *"_ivl_2", 63 0, L_0000019436291060;  1 drivers
v0000019436284c90_0 .net/s "a", 31 0, L_0000019436291100;  1 drivers
v0000019436285e10_0 .net/s "b", 31 0, L_000001943628fbc0;  1 drivers
v0000019436285eb0_0 .net/s "raw_y", 63 0, L_0000019436291740;  1 drivers
v0000019436284dd0_0 .net/s "y", 31 0, L_00000194362903e0;  alias, 1 drivers
L_000001943628f4e0 .extend/s 64, L_0000019436291100;
L_0000019436291060 .extend/s 64, L_000001943628fbc0;
L_0000019436291740 .arith/mult 64, L_000001943628f4e0, L_0000019436291060;
L_00000194362903e0 .part L_0000019436291740, 24, 32;
S_000001943627e6d0 .scope generate, "mult_all[17]" "mult_all[17]" 4 25, 4 25 0, S_00000194361ab6b0;
 .timescale 0 0;
P_0000019436213e60 .param/l "g" 0 4 25, +C4<010001>;
L_000001943628e720 .functor BUFZ 32, L_0000019436291880, C4<00000000000000000000000000000000>, C4<00000000000000000000000000000000>, C4<00000000000000000000000000000000>;
v0000019436284fb0_0 .net *"_ivl_2", 31 0, L_000001943628e720;  1 drivers
S_000001943627eea0 .scope module, "u_mult" "mult_Q" 4 31, 5 4 0, S_000001943627e6d0;
 .timescale 0 0;
    .port_info 0 /INPUT 32 "a";
    .port_info 1 /INPUT 32 "b";
    .port_info 2 /OUTPUT 32 "y";
P_000001943627a1f0 .param/l "FBITS" 0 5 6, +C4<00000000000000000000000000011000>;
P_000001943627a228 .param/l "WIDTH" 0 5 5, +C4<00000000000000000000000000100000>;
v00000194362840b0_0 .net/s *"_ivl_0", 63 0, L_00000194362911a0;  1 drivers
v0000019436284150_0 .net/s *"_ivl_2", 63 0, L_00000194362917e0;  1 drivers
v00000194362848d0_0 .net/s "a", 31 0, L_000001943628f620;  1 drivers
v00000194362841f0_0 .net/s "b", 31 0, L_000001943628f120;  1 drivers
v00000194362852d0_0 .net/s "raw_y", 63 0, L_000001943628f580;  1 drivers
v0000019436284290_0 .net/s "y", 31 0, L_0000019436291880;  alias, 1 drivers
L_00000194362911a0 .extend/s 64, L_000001943628f620;
L_00000194362917e0 .extend/s 64, L_000001943628f120;
L_000001943628f580 .arith/mult 64, L_00000194362911a0, L_00000194362917e0;
L_0000019436291880 .part L_000001943628f580, 24, 32;
S_000001943627e220 .scope generate, "mult_all[18]" "mult_all[18]" 4 25, 4 25 0, S_00000194361ab6b0;
 .timescale 0 0;
P_00000194362140e0 .param/l "g" 0 4 25, +C4<010010>;
L_000001943628e100 .functor BUFZ 32, L_000001943628f8a0, C4<00000000000000000000000000000000>, C4<00000000000000000000000000000000>, C4<00000000000000000000000000000000>;
v0000019436285b90_0 .net *"_ivl_2", 31 0, L_000001943628e100;  1 drivers
S_000001943627e860 .scope module, "u_mult" "mult_Q" 4 31, 5 4 0, S_000001943627e220;
 .timescale 0 0;
    .port_info 0 /INPUT 32 "a";
    .port_info 1 /INPUT 32 "b";
    .port_info 2 /OUTPUT 32 "y";
P_000001943627bbf0 .param/l "FBITS" 0 5 6, +C4<00000000000000000000000000011000>;
P_000001943627bc28 .param/l "WIDTH" 0 5 5, +C4<00000000000000000000000000100000>;
v0000019436284330_0 .net/s *"_ivl_0", 63 0, L_0000019436291240;  1 drivers
v0000019436284470_0 .net/s *"_ivl_2", 63 0, L_0000019436290840;  1 drivers
v0000019436285af0_0 .net/s "a", 31 0, L_0000019436290b60;  1 drivers
v0000019436285410_0 .net/s "b", 31 0, L_000001943628f940;  1 drivers
v0000019436284790_0 .net/s "raw_y", 63 0, L_000001943628f1c0;  1 drivers
v0000019436284a10_0 .net/s "y", 31 0, L_000001943628f8a0;  alias, 1 drivers
L_0000019436291240 .extend/s 64, L_0000019436290b60;
L_0000019436290840 .extend/s 64, L_000001943628f940;
L_000001943628f1c0 .arith/mult 64, L_0000019436291240, L_0000019436290840;
L_000001943628f8a0 .part L_000001943628f1c0, 24, 32;
S_000001943627eb80 .scope generate, "mult_all[19]" "mult_all[19]" 4 25, 4 25 0, S_00000194361ab6b0;
 .timescale 0 0;
P_0000019436214860 .param/l "g" 0 4 25, +C4<010011>;
L_000001943628e790 .functor BUFZ 32, L_000001943628f760, C4<00000000000000000000000000000000>, C4<00000000000000000000000000000000>, C4<00000000000000000000000000000000>;
v0000019436284830_0 .net *"_ivl_2", 31 0, L_000001943628e790;  1 drivers
S_000001943627f030 .scope module, "u_mult" "mult_Q" 4 31, 5 4 0, S_000001943627eb80;
 .timescale 0 0;
    .port_info 0 /INPUT 32 "a";
    .port_info 1 /INPUT 32 "b";
    .port_info 2 /OUTPUT 32 "y";
P_000001943627b770 .param/l "FBITS" 0 5 6, +C4<00000000000000000000000000011000>;
P_000001943627b7a8 .param/l "WIDTH" 0 5 5, +C4<00000000000000000000000000100000>;
v0000019436285550_0 .net/s *"_ivl_0", 63 0, L_000001943628ff80;  1 drivers
v00000194362855f0_0 .net/s *"_ivl_2", 63 0, L_000001943628f260;  1 drivers
v00000194362845b0_0 .net/s "a", 31 0, L_000001943628f800;  1 drivers
v0000019436285050_0 .net/s "b", 31 0, L_000001943628fd00;  1 drivers
v0000019436284650_0 .net/s "raw_y", 63 0, L_000001943628fc60;  1 drivers
v0000019436285a50_0 .net/s "y", 31 0, L_000001943628f760;  alias, 1 drivers
L_000001943628ff80 .extend/s 64, L_000001943628f800;
L_000001943628f260 .extend/s 64, L_000001943628fd00;
L_000001943628fc60 .arith/mult 64, L_000001943628ff80, L_000001943628f260;
L_000001943628f760 .part L_000001943628fc60, 24, 32;
S_000001943627f1c0 .scope generate, "mult_all[20]" "mult_all[20]" 4 25, 4 25 0, S_00000194361ab6b0;
 .timescale 0 0;
P_0000019436214920 .param/l "g" 0 4 25, +C4<010100>;
L_000001943628e800 .functor BUFZ 32, L_0000019436292320, C4<00000000000000000000000000000000>, C4<00000000000000000000000000000000>, C4<00000000000000000000000000000000>;
v0000019436285730_0 .net *"_ivl_2", 31 0, L_000001943628e800;  1 drivers
S_000001943627f4e0 .scope module, "u_mult" "mult_Q" 4 31, 5 4 0, S_000001943627f1c0;
 .timescale 0 0;
    .port_info 0 /INPUT 32 "a";
    .port_info 1 /INPUT 32 "b";
    .port_info 2 /OUTPUT 32 "y";
P_000001943627b1f0 .param/l "FBITS" 0 5 6, +C4<00000000000000000000000000011000>;
P_000001943627b228 .param/l "WIDTH" 0 5 5, +C4<00000000000000000000000000100000>;
v00000194362859b0_0 .net/s *"_ivl_0", 63 0, L_00000194362900c0;  1 drivers
v0000019436284970_0 .net/s *"_ivl_2", 63 0, L_0000019436290480;  1 drivers
v00000194362850f0_0 .net/s "a", 31 0, L_0000019436291a60;  1 drivers
v0000019436285190_0 .net/s "b", 31 0, L_0000019436292780;  1 drivers
v00000194362854b0_0 .net/s "raw_y", 63 0, L_0000019436290700;  1 drivers
v0000019436285690_0 .net/s "y", 31 0, L_0000019436292320;  alias, 1 drivers
L_00000194362900c0 .extend/s 64, L_0000019436291a60;
L_0000019436290480 .extend/s 64, L_0000019436292780;
L_0000019436290700 .arith/mult 64, L_00000194362900c0, L_0000019436290480;
L_0000019436292320 .part L_0000019436290700, 24, 32;
S_000001943627f670 .scope generate, "mult_all[21]" "mult_all[21]" 4 25, 4 25 0, S_00000194361ab6b0;
 .timescale 0 0;
P_0000019436214960 .param/l "g" 0 4 25, +C4<010101>;
L_000001943628ea30 .functor BUFZ 32, L_0000019436291b00, C4<00000000000000000000000000000000>, C4<00000000000000000000000000000000>, C4<00000000000000000000000000000000>;
v0000019436287ba0_0 .net *"_ivl_2", 31 0, L_000001943628ea30;  1 drivers
S_000001943627f800 .scope module, "u_mult" "mult_Q" 4 31, 5 4 0, S_000001943627f670;
 .timescale 0 0;
    .port_info 0 /INPUT 32 "a";
    .port_info 1 /INPUT 32 "b";
    .port_info 2 /OUTPUT 32 "y";
P_000001943627b470 .param/l "FBITS" 0 5 6, +C4<00000000000000000000000000011000>;
P_000001943627b4a8 .param/l "WIDTH" 0 5 5, +C4<00000000000000000000000000100000>;
v00000194362857d0_0 .net/s *"_ivl_0", 63 0, L_0000019436291920;  1 drivers
v0000019436286f20_0 .net/s *"_ivl_2", 63 0, L_00000194362919c0;  1 drivers
v0000019436287a60_0 .net/s "a", 31 0, L_0000019436292500;  1 drivers
v0000019436287d80_0 .net/s "b", 31 0, L_0000019436292820;  1 drivers
v0000019436286660_0 .net/s "raw_y", 63 0, L_0000019436292000;  1 drivers
v00000194362877e0_0 .net/s "y", 31 0, L_0000019436291b00;  alias, 1 drivers
L_0000019436291920 .extend/s 64, L_0000019436292500;
L_00000194362919c0 .extend/s 64, L_0000019436292820;
L_0000019436292000 .arith/mult 64, L_0000019436291920, L_00000194362919c0;
L_0000019436291b00 .part L_0000019436292000, 24, 32;
S_00000194362888a0 .scope generate, "mult_all[22]" "mult_all[22]" 4 25, 4 25 0, S_00000194361ab6b0;
 .timescale 0 0;
P_00000194362152e0 .param/l "g" 0 4 25, +C4<010110>;
L_000001943628e3a0 .functor BUFZ 32, L_00000194362921e0, C4<00000000000000000000000000000000>, C4<00000000000000000000000000000000>, C4<00000000000000000000000000000000>;
v00000194362860c0_0 .net *"_ivl_2", 31 0, L_000001943628e3a0;  1 drivers
S_0000019436288a30 .scope module, "u_mult" "mult_Q" 4 31, 5 4 0, S_00000194362888a0;
 .timescale 0 0;
    .port_info 0 /INPUT 32 "a";
    .port_info 1 /INPUT 32 "b";
    .port_info 2 /OUTPUT 32 "y";
P_000001943627b6f0 .param/l "FBITS" 0 5 6, +C4<00000000000000000000000000011000>;
P_000001943627b728 .param/l "WIDTH" 0 5 5, +C4<00000000000000000000000000100000>;
v0000019436286b60_0 .net/s *"_ivl_0", 63 0, L_0000019436292e60;  1 drivers
v0000019436286ca0_0 .net/s *"_ivl_2", 63 0, L_00000194362928c0;  1 drivers
v0000019436286ac0_0 .net/s "a", 31 0, L_00000194362923c0;  1 drivers
v0000019436287740_0 .net/s "b", 31 0, L_0000019436292b40;  1 drivers
v00000194362872e0_0 .net/s "raw_y", 63 0, L_0000019436292280;  1 drivers
v00000194362862a0_0 .net/s "y", 31 0, L_00000194362921e0;  alias, 1 drivers
L_0000019436292e60 .extend/s 64, L_00000194362923c0;
L_00000194362928c0 .extend/s 64, L_0000019436292b40;
L_0000019436292280 .arith/mult 64, L_0000019436292e60, L_00000194362928c0;
L_00000194362921e0 .part L_0000019436292280, 24, 32;
S_0000019436288260 .scope generate, "mult_all[23]" "mult_all[23]" 4 25, 4 25 0, S_00000194361ab6b0;
 .timescale 0 0;
P_0000019436215320 .param/l "g" 0 4 25, +C4<010111>;
L_000001943628e5d0 .functor BUFZ 32, L_0000019436292640, C4<00000000000000000000000000000000>, C4<00000000000000000000000000000000>, C4<00000000000000000000000000000000>;
v00000194362874c0_0 .net *"_ivl_2", 31 0, L_000001943628e5d0;  1 drivers
S_0000019436288710 .scope module, "u_mult" "mult_Q" 4 31, 5 4 0, S_0000019436288260;
 .timescale 0 0;
    .port_info 0 /INPUT 32 "a";
    .port_info 1 /INPUT 32 "b";
    .port_info 2 /OUTPUT 32 "y";
P_000001943627a0f0 .param/l "FBITS" 0 5 6, +C4<00000000000000000000000000011000>;
P_000001943627a128 .param/l "WIDTH" 0 5 5, +C4<00000000000000000000000000100000>;
v0000019436286340_0 .net/s *"_ivl_0", 63 0, L_0000019436292be0;  1 drivers
v0000019436287380_0 .net/s *"_ivl_2", 63 0, L_0000019436292960;  1 drivers
v00000194362863e0_0 .net/s "a", 31 0, L_00000194362920a0;  1 drivers
v0000019436287600_0 .net/s "b", 31 0, L_0000019436292460;  1 drivers
v0000019436287420_0 .net/s "raw_y", 63 0, L_00000194362925a0;  1 drivers
v0000019436287880_0 .net/s "y", 31 0, L_0000019436292640;  alias, 1 drivers
L_0000019436292be0 .extend/s 64, L_00000194362920a0;
L_0000019436292960 .extend/s 64, L_0000019436292460;
L_00000194362925a0 .arith/mult 64, L_0000019436292be0, L_0000019436292960;
L_0000019436292640 .part L_00000194362925a0, 24, 32;
S_0000019436289520 .scope generate, "mult_all[24]" "mult_all[24]" 4 25, 4 25 0, S_00000194361ab6b0;
 .timescale 0 0;
P_0000019436214e60 .param/l "g" 0 4 25, +C4<011000>;
L_000001943628ee90 .functor BUFZ 32, L_0000019436292c80, C4<00000000000000000000000000000000>, C4<00000000000000000000000000000000>, C4<00000000000000000000000000000000>;
v0000019436287b00_0 .net *"_ivl_2", 31 0, L_000001943628ee90;  1 drivers
S_0000019436289070 .scope module, "u_mult" "mult_Q" 4 31, 5 4 0, S_0000019436289520;
 .timescale 0 0;
    .port_info 0 /INPUT 32 "a";
    .port_info 1 /INPUT 32 "b";
    .port_info 2 /OUTPUT 32 "y";
P_000001943627b5f0 .param/l "FBITS" 0 5 6, +C4<00000000000000000000000000011000>;
P_000001943627b628 .param/l "WIDTH" 0 5 5, +C4<00000000000000000000000000100000>;
v0000019436287ce0_0 .net/s *"_ivl_0", 63 0, L_0000019436292a00;  1 drivers
v00000194362871a0_0 .net/s *"_ivl_2", 63 0, L_0000019436292aa0;  1 drivers
v0000019436286480_0 .net/s "a", 31 0, L_0000019436291d80;  1 drivers
v0000019436287060_0 .net/s "b", 31 0, L_0000019436292d20;  1 drivers
v0000019436287560_0 .net/s "raw_y", 63 0, L_00000194362926e0;  1 drivers
v0000019436287e20_0 .net/s "y", 31 0, L_0000019436292c80;  alias, 1 drivers
L_0000019436292a00 .extend/s 64, L_0000019436291d80;
L_0000019436292aa0 .extend/s 64, L_0000019436292d20;
L_00000194362926e0 .arith/mult 64, L_0000019436292a00, L_0000019436292aa0;
L_0000019436292c80 .part L_00000194362926e0, 24, 32;
S_0000019436289200 .scope generate, "mult_all[25]" "mult_all[25]" 4 25, 4 25 0, S_00000194361ab6b0;
 .timescale 0 0;
P_00000194362148e0 .param/l "g" 0 4 25, +C4<011001>;
L_000001943628eaa0 .functor BUFZ 32, L_0000019436292f00, C4<00000000000000000000000000000000>, C4<00000000000000000000000000000000>, C4<00000000000000000000000000000000>;
v00000194362879c0_0 .net *"_ivl_2", 31 0, L_000001943628eaa0;  1 drivers
S_00000194362896b0 .scope module, "u_mult" "mult_Q" 4 31, 5 4 0, S_0000019436289200;
 .timescale 0 0;
    .port_info 0 /INPUT 32 "a";
    .port_info 1 /INPUT 32 "b";
    .port_info 2 /OUTPUT 32 "y";
P_000001943627b4f0 .param/l "FBITS" 0 5 6, +C4<00000000000000000000000000011000>;
P_000001943627b528 .param/l "WIDTH" 0 5 5, +C4<00000000000000000000000000100000>;
v0000019436287920_0 .net/s *"_ivl_0", 63 0, L_0000019436291ce0;  1 drivers
v0000019436286520_0 .net/s *"_ivl_2", 63 0, L_0000019436291ba0;  1 drivers
v0000019436286840_0 .net/s "a", 31 0, L_0000019436292140;  1 drivers
v00000194362867a0_0 .net/s "b", 31 0, L_0000019436292fa0;  1 drivers
v0000019436287100_0 .net/s "raw_y", 63 0, L_0000019436292dc0;  1 drivers
v0000019436287240_0 .net/s "y", 31 0, L_0000019436292f00;  alias, 1 drivers
L_0000019436291ce0 .extend/s 64, L_0000019436292140;
L_0000019436291ba0 .extend/s 64, L_0000019436292fa0;
L_0000019436292dc0 .arith/mult 64, L_0000019436291ce0, L_0000019436291ba0;
L_0000019436292f00 .part L_0000019436292dc0, 24, 32;
S_00000194362899d0 .scope generate, "mult_all[26]" "mult_all[26]" 4 25, 4 25 0, S_00000194361ab6b0;
 .timescale 0 0;
P_00000194362152a0 .param/l "g" 0 4 25, +C4<011010>;
L_000001943628eb10 .functor BUFZ 32, L_0000019436291ec0, C4<00000000000000000000000000000000>, C4<00000000000000000000000000000000>, C4<00000000000000000000000000000000>;
v0000019436286de0_0 .net *"_ivl_2", 31 0, L_000001943628eb10;  1 drivers
S_0000019436289b60 .scope module, "u_mult" "mult_Q" 4 31, 5 4 0, S_00000194362899d0;
 .timescale 0 0;
    .port_info 0 /INPUT 32 "a";
    .port_info 1 /INPUT 32 "b";
    .port_info 2 /OUTPUT 32 "y";
P_000001943627a570 .param/l "FBITS" 0 5 6, +C4<00000000000000000000000000011000>;
P_000001943627a5a8 .param/l "WIDTH" 0 5 5, +C4<00000000000000000000000000100000>;
v0000019436286c00_0 .net/s *"_ivl_0", 63 0, L_0000019436291c40;  1 drivers
v0000019436287c40_0 .net/s *"_ivl_2", 63 0, L_0000019436291f60;  1 drivers
v0000019436286a20_0 .net/s "a", 31 0, L_000001943628def0;  1 drivers
v0000019436286fc0_0 .net/s "b", 31 0, L_00000194362980e0;  1 drivers
v0000019436287ec0_0 .net/s "raw_y", 63 0, L_0000019436291e20;  1 drivers
v0000019436286d40_0 .net/s "y", 31 0, L_0000019436291ec0;  alias, 1 drivers
L_0000019436291c40 .extend/s 64, L_000001943628def0;
L_0000019436291f60 .extend/s 64, L_00000194362980e0;
L_0000019436291e20 .arith/mult 64, L_0000019436291c40, L_0000019436291f60;
L_0000019436291ec0 .part L_0000019436291e20, 24, 32;
S_0000019436289cf0 .scope generate, "mult_all[27]" "mult_all[27]" 4 25, 4 25 0, S_00000194361ab6b0;
 .timescale 0 0;
P_00000194362154e0 .param/l "g" 0 4 25, +C4<011011>;
L_000001943628e560 .functor BUFZ 32, L_0000019436297dc0, C4<00000000000000000000000000000000>, C4<00000000000000000000000000000000>, C4<00000000000000000000000000000000>;
v00000194362868e0_0 .net *"_ivl_2", 31 0, L_000001943628e560;  1 drivers
S_0000019436289e80 .scope module, "u_mult" "mult_Q" 4 31, 5 4 0, S_0000019436289cf0;
 .timescale 0 0;
    .port_info 0 /INPUT 32 "a";
    .port_info 1 /INPUT 32 "b";
    .port_info 2 /OUTPUT 32 "y";
P_000001943627a470 .param/l "FBITS" 0 5 6, +C4<00000000000000000000000000011000>;
P_000001943627a4a8 .param/l "WIDTH" 0 5 5, +C4<00000000000000000000000000100000>;
v0000019436287f60_0 .net/s *"_ivl_0", 63 0, L_00000194362971e0;  1 drivers
v00000194362876a0_0 .net/s *"_ivl_2", 63 0, L_00000194362989a0;  1 drivers
v0000019436286160_0 .net/s "a", 31 0, L_0000019436298680;  1 drivers
v0000019436286200_0 .net/s "b", 31 0, L_0000019436298d60;  1 drivers
v00000194362865c0_0 .net/s "raw_y", 63 0, L_0000019436298cc0;  1 drivers
v0000019436286700_0 .net/s "y", 31 0, L_0000019436297dc0;  alias, 1 drivers
L_00000194362971e0 .extend/s 64, L_0000019436298680;
L_00000194362989a0 .extend/s 64, L_0000019436298d60;
L_0000019436298cc0 .arith/mult 64, L_00000194362971e0, L_00000194362989a0;
L_0000019436297dc0 .part L_0000019436298cc0, 24, 32;
S_0000019436288d50 .scope generate, "mult_all[28]" "mult_all[28]" 4 25, 4 25 0, S_00000194361ab6b0;
 .timescale 0 0;
P_0000019436214da0 .param/l "g" 0 4 25, +C4<011100>;
L_000001943628e870 .functor BUFZ 32, L_00000194362994e0, C4<00000000000000000000000000000000>, C4<00000000000000000000000000000000>, C4<00000000000000000000000000000000>;
v000001943628a180_0 .net *"_ivl_2", 31 0, L_000001943628e870;  1 drivers
S_00000194362883f0 .scope module, "u_mult" "mult_Q" 4 31, 5 4 0, S_0000019436288d50;
 .timescale 0 0;
    .port_info 0 /INPUT 32 "a";
    .port_info 1 /INPUT 32 "b";
    .port_info 2 /OUTPUT 32 "y";
P_000001943627adf0 .param/l "FBITS" 0 5 6, +C4<00000000000000000000000000011000>;
P_000001943627ae28 .param/l "WIDTH" 0 5 5, +C4<00000000000000000000000000100000>;
v0000019436286980_0 .net/s *"_ivl_0", 63 0, L_0000019436297c80;  1 drivers
v0000019436286e80_0 .net/s *"_ivl_2", 63 0, L_0000019436298c20;  1 drivers
v000001943628a5e0_0 .net/s "a", 31 0, L_00000194362985e0;  1 drivers
v000001943628aae0_0 .net/s "b", 31 0, L_0000019436299080;  1 drivers
v000001943628ae00_0 .net/s "raw_y", 63 0, L_0000019436297f00;  1 drivers
v000001943628b440_0 .net/s "y", 31 0, L_00000194362994e0;  alias, 1 drivers
L_0000019436297c80 .extend/s 64, L_00000194362985e0;
L_0000019436298c20 .extend/s 64, L_0000019436299080;
L_0000019436297f00 .arith/mult 64, L_0000019436297c80, L_0000019436298c20;
L_00000194362994e0 .part L_0000019436297f00, 24, 32;
S_00000194362880d0 .scope generate, "mult_all[29]" "mult_all[29]" 4 25, 4 25 0, S_00000194361ab6b0;
 .timescale 0 0;
P_0000019436214d60 .param/l "g" 0 4 25, +C4<011101>;
L_000001943628e950 .functor BUFZ 32, L_00000194362982c0, C4<00000000000000000000000000000000>, C4<00000000000000000000000000000000>, C4<00000000000000000000000000000000>;
v000001943628b260_0 .net *"_ivl_2", 31 0, L_000001943628e950;  1 drivers
S_0000019436288580 .scope module, "u_mult" "mult_Q" 4 31, 5 4 0, S_00000194362880d0;
 .timescale 0 0;
    .port_info 0 /INPUT 32 "a";
    .port_info 1 /INPUT 32 "b";
    .port_info 2 /OUTPUT 32 "y";
P_000001943627b070 .param/l "FBITS" 0 5 6, +C4<00000000000000000000000000011000>;
P_000001943627b0a8 .param/l "WIDTH" 0 5 5, +C4<00000000000000000000000000100000>;
v000001943628ad60_0 .net/s *"_ivl_0", 63 0, L_0000019436298180;  1 drivers
v000001943628b080_0 .net/s *"_ivl_2", 63 0, L_0000019436298040;  1 drivers
v000001943628bf80_0 .net/s "a", 31 0, L_0000019436299120;  1 drivers
v000001943628a680_0 .net/s "b", 31 0, L_00000194362991c0;  1 drivers
v000001943628a0e0_0 .net/s "raw_y", 63 0, L_0000019436298220;  1 drivers
v000001943628b760_0 .net/s "y", 31 0, L_00000194362982c0;  alias, 1 drivers
L_0000019436298180 .extend/s 64, L_0000019436299120;
L_0000019436298040 .extend/s 64, L_00000194362991c0;
L_0000019436298220 .arith/mult 64, L_0000019436298180, L_0000019436298040;
L_00000194362982c0 .part L_0000019436298220, 24, 32;
S_0000019436289840 .scope generate, "mult_all[30]" "mult_all[30]" 4 25, 4 25 0, S_00000194361ab6b0;
 .timescale 0 0;
P_00000194362154a0 .param/l "g" 0 4 25, +C4<011110>;
L_000001943628ef00 .functor BUFZ 32, L_0000019436297320, C4<00000000000000000000000000000000>, C4<00000000000000000000000000000000>, C4<00000000000000000000000000000000>;
v000001943628a4a0_0 .net *"_ivl_2", 31 0, L_000001943628ef00;  1 drivers
S_0000019436288bc0 .scope module, "u_mult" "mult_Q" 4 31, 5 4 0, S_0000019436289840;
 .timescale 0 0;
    .port_info 0 /INPUT 32 "a";
    .port_info 1 /INPUT 32 "b";
    .port_info 2 /OUTPUT 32 "y";
P_000001943627a270 .param/l "FBITS" 0 5 6, +C4<00000000000000000000000000011000>;
P_000001943627a2a8 .param/l "WIDTH" 0 5 5, +C4<00000000000000000000000000100000>;
v000001943628a220_0 .net/s *"_ivl_0", 63 0, L_00000194362993a0;  1 drivers
v000001943628b6c0_0 .net/s *"_ivl_2", 63 0, L_0000019436299440;  1 drivers
v000001943628bb20_0 .net/s "a", 31 0, L_0000019436298ea0;  1 drivers
v000001943628a400_0 .net/s "b", 31 0, L_00000194362987c0;  1 drivers
v000001943628acc0_0 .net/s "raw_y", 63 0, L_0000019436298e00;  1 drivers
v000001943628bd00_0 .net/s "y", 31 0, L_0000019436297320;  alias, 1 drivers
L_00000194362993a0 .extend/s 64, L_0000019436298ea0;
L_0000019436299440 .extend/s 64, L_00000194362987c0;
L_0000019436298e00 .arith/mult 64, L_00000194362993a0, L_0000019436299440;
L_0000019436297320 .part L_0000019436298e00, 24, 32;
S_0000019436288ee0 .scope module, "u_prelu_Q" "prelu_Q" 2 49, 6 4 0, S_00000194361e7ae0;
 .timescale 0 0;
    .port_info 0 /INPUT 32 "x";
    .port_info 1 /INPUT 32 "a";
    .port_info 2 /OUTPUT 32 "y";
P_000001943627a170 .param/l "FBITS" 0 6 6, +C4<00000000000000000000000000011000>;
P_000001943627a1a8 .param/l "WIDTH" 0 6 5, +C4<00000000000000000000000000100000>;
v000001943628ba80_0 .net/s *"_ivl_2", 63 0, L_0000019436297b40;  1 drivers
v000001943628b300_0 .net/s *"_ivl_4", 63 0, L_0000019436299620;  1 drivers
v000001943628a2c0_0 .net *"_ivl_9", 31 0, L_0000019436299580;  1 drivers
v000001943628b3a0_0 .net/s "a", 31 0, o00000194362257e8;  alias, 0 drivers
v000001943628b120_0 .net/s "product", 63 0, L_0000019436297be0;  1 drivers
v000001943628aea0_0 .net "sign", 0 0, L_0000019436298360;  1 drivers
v000001943628a540_0 .net/s "x", 31 0, L_0000019436297d20;  alias, 1 drivers
v000001943628b1c0_0 .net/s "y", 31 0, L_0000019436297fa0;  alias, 1 drivers
L_0000019436298360 .part L_0000019436297d20, 31, 1;
L_0000019436297b40 .extend/s 64, L_0000019436297d20;
L_0000019436299620 .extend/s 64, o00000194362257e8;
L_0000019436297be0 .arith/mult 64, L_0000019436297b40, L_0000019436299620;
L_0000019436299580 .part L_0000019436297be0, 24, 32;
L_0000019436297fa0 .functor MUXZ 32, L_0000019436297d20, L_0000019436299580, L_0000019436298360, C4<>;
    .scope S_00000194361e7c70;
T_0 ;
    %wait E_0000019436213820;
    %pushi/vec4 0, 0, 32;
    %store/vec4 v0000019436210860_0, 0, 32;
    %pushi/vec4 0, 0, 32;
    %store/vec4 v0000019436210b80_0, 0, 32;
T_0.0 ;
    %load/vec4 v0000019436210b80_0;
    %cmpi/s 31, 0, 32;
    %jmp/0xz T_0.1, 5;
    %load/vec4 v0000019436210860_0;
    %load/vec4 v000001943620ffa0_0;
    %load/vec4 v0000019436210b80_0;
    %muli 32, 0, 32;
    %part/s 32;
    %add;
    %store/vec4 v0000019436210860_0, 0, 32;
    %load/vec4 v0000019436210b80_0;
    %addi 1, 0, 32;
    %store/vec4 v0000019436210b80_0, 0, 32;
    %jmp T_0.0;
T_0.1 ;
    %load/vec4 v0000019436210860_0;
    %store/vec4 v0000019436211940_0, 0, 32;
    %jmp T_0;
    .thread T_0, $push;
# The file index is used to find the file name in the following table.
:file_names 7;
    "N/A";
    "<interactive>";
    "PE.v";
    "./elmnt_add_all.v";
    "./elmnt_wise_mult.v";
    "./mult_Q.v";
    "./prelu_Q.v";
