#! /c/Source/iverilog-install/bin/vvp
:ivl_version "12.0 (devel)" "(s20150603-1539-g2693dd32b)";
:ivl_delay_selection "TYPICAL";
:vpi_time_precision - 12;
:vpi_module "C:\iverilog\lib\ivl\system.vpi";
:vpi_module "C:\iverilog\lib\ivl\vhdl_sys.vpi";
:vpi_module "C:\iverilog\lib\ivl\vhdl_textio.vpi";
:vpi_module "C:\iverilog\lib\ivl\v2005_math.vpi";
:vpi_module "C:\iverilog\lib\ivl\va_math.vpi";
S_000001e4421b6c70 .scope module, "pe_tb" "pe_tb" 2 4;
 .timescale -9 -12;
P_000001e44215d930 .param/l "FBITS" 0 2 6, +C4<00000000000000000000000000011000>;
P_000001e44215d968 .param/l "N_REG" 0 2 7, +C4<00000000000000000000000000011111>;
P_000001e44215d9a0 .param/l "WIDTH" 0 2 5, +C4<00000000000000000000000000100000>;
v000001e4422bf3b0 .array/s "a_array", 0 30, 31 0;
v000001e4422bf770_0 .var/s "all_a", 991 0;
v000001e4422bf4f0_0 .var/s "all_w", 991 0;
v000001e4422beb90_0 .var/s "alpha", 31 0;
v000001e4422be910_0 .var/s "b", 31 0;
v000001e4422bf270_0 .var/i "i", 31 0;
v000001e4422bf630 .array/s "w_array", 0 30, 31 0;
v000001e4422bee10_0 .net/s "y", 31 0, L_000001e4422d0a60;  1 drivers
v000001e4422bf3b0_0 .array/port v000001e4422bf3b0, 0;
v000001e4422bf3b0_1 .array/port v000001e4422bf3b0, 1;
v000001e4422bf3b0_2 .array/port v000001e4422bf3b0, 2;
v000001e4422bf3b0_3 .array/port v000001e4422bf3b0, 3;
E_000001e4421993f0/0 .event anyedge, v000001e4422bf3b0_0, v000001e4422bf3b0_1, v000001e4422bf3b0_2, v000001e4422bf3b0_3;
v000001e4422bf3b0_4 .array/port v000001e4422bf3b0, 4;
v000001e4422bf3b0_5 .array/port v000001e4422bf3b0, 5;
v000001e4422bf3b0_6 .array/port v000001e4422bf3b0, 6;
v000001e4422bf3b0_7 .array/port v000001e4422bf3b0, 7;
E_000001e4421993f0/1 .event anyedge, v000001e4422bf3b0_4, v000001e4422bf3b0_5, v000001e4422bf3b0_6, v000001e4422bf3b0_7;
v000001e4422bf3b0_8 .array/port v000001e4422bf3b0, 8;
v000001e4422bf3b0_9 .array/port v000001e4422bf3b0, 9;
v000001e4422bf3b0_10 .array/port v000001e4422bf3b0, 10;
v000001e4422bf3b0_11 .array/port v000001e4422bf3b0, 11;
E_000001e4421993f0/2 .event anyedge, v000001e4422bf3b0_8, v000001e4422bf3b0_9, v000001e4422bf3b0_10, v000001e4422bf3b0_11;
v000001e4422bf3b0_12 .array/port v000001e4422bf3b0, 12;
v000001e4422bf3b0_13 .array/port v000001e4422bf3b0, 13;
v000001e4422bf3b0_14 .array/port v000001e4422bf3b0, 14;
v000001e4422bf3b0_15 .array/port v000001e4422bf3b0, 15;
E_000001e4421993f0/3 .event anyedge, v000001e4422bf3b0_12, v000001e4422bf3b0_13, v000001e4422bf3b0_14, v000001e4422bf3b0_15;
v000001e4422bf3b0_16 .array/port v000001e4422bf3b0, 16;
v000001e4422bf3b0_17 .array/port v000001e4422bf3b0, 17;
v000001e4422bf3b0_18 .array/port v000001e4422bf3b0, 18;
v000001e4422bf3b0_19 .array/port v000001e4422bf3b0, 19;
E_000001e4421993f0/4 .event anyedge, v000001e4422bf3b0_16, v000001e4422bf3b0_17, v000001e4422bf3b0_18, v000001e4422bf3b0_19;
v000001e4422bf3b0_20 .array/port v000001e4422bf3b0, 20;
v000001e4422bf3b0_21 .array/port v000001e4422bf3b0, 21;
v000001e4422bf3b0_22 .array/port v000001e4422bf3b0, 22;
v000001e4422bf3b0_23 .array/port v000001e4422bf3b0, 23;
E_000001e4421993f0/5 .event anyedge, v000001e4422bf3b0_20, v000001e4422bf3b0_21, v000001e4422bf3b0_22, v000001e4422bf3b0_23;
v000001e4422bf3b0_24 .array/port v000001e4422bf3b0, 24;
v000001e4422bf3b0_25 .array/port v000001e4422bf3b0, 25;
v000001e4422bf3b0_26 .array/port v000001e4422bf3b0, 26;
v000001e4422bf3b0_27 .array/port v000001e4422bf3b0, 27;
E_000001e4421993f0/6 .event anyedge, v000001e4422bf3b0_24, v000001e4422bf3b0_25, v000001e4422bf3b0_26, v000001e4422bf3b0_27;
v000001e4422bf3b0_28 .array/port v000001e4422bf3b0, 28;
v000001e4422bf3b0_29 .array/port v000001e4422bf3b0, 29;
v000001e4422bf3b0_30 .array/port v000001e4422bf3b0, 30;
v000001e4422bf630_0 .array/port v000001e4422bf630, 0;
E_000001e4421993f0/7 .event anyedge, v000001e4422bf3b0_28, v000001e4422bf3b0_29, v000001e4422bf3b0_30, v000001e4422bf630_0;
v000001e4422bf630_1 .array/port v000001e4422bf630, 1;
v000001e4422bf630_2 .array/port v000001e4422bf630, 2;
v000001e4422bf630_3 .array/port v000001e4422bf630, 3;
v000001e4422bf630_4 .array/port v000001e4422bf630, 4;
E_000001e4421993f0/8 .event anyedge, v000001e4422bf630_1, v000001e4422bf630_2, v000001e4422bf630_3, v000001e4422bf630_4;
v000001e4422bf630_5 .array/port v000001e4422bf630, 5;
v000001e4422bf630_6 .array/port v000001e4422bf630, 6;
v000001e4422bf630_7 .array/port v000001e4422bf630, 7;
v000001e4422bf630_8 .array/port v000001e4422bf630, 8;
E_000001e4421993f0/9 .event anyedge, v000001e4422bf630_5, v000001e4422bf630_6, v000001e4422bf630_7, v000001e4422bf630_8;
v000001e4422bf630_9 .array/port v000001e4422bf630, 9;
v000001e4422bf630_10 .array/port v000001e4422bf630, 10;
v000001e4422bf630_11 .array/port v000001e4422bf630, 11;
v000001e4422bf630_12 .array/port v000001e4422bf630, 12;
E_000001e4421993f0/10 .event anyedge, v000001e4422bf630_9, v000001e4422bf630_10, v000001e4422bf630_11, v000001e4422bf630_12;
v000001e4422bf630_13 .array/port v000001e4422bf630, 13;
v000001e4422bf630_14 .array/port v000001e4422bf630, 14;
v000001e4422bf630_15 .array/port v000001e4422bf630, 15;
v000001e4422bf630_16 .array/port v000001e4422bf630, 16;
E_000001e4421993f0/11 .event anyedge, v000001e4422bf630_13, v000001e4422bf630_14, v000001e4422bf630_15, v000001e4422bf630_16;
v000001e4422bf630_17 .array/port v000001e4422bf630, 17;
v000001e4422bf630_18 .array/port v000001e4422bf630, 18;
v000001e4422bf630_19 .array/port v000001e4422bf630, 19;
v000001e4422bf630_20 .array/port v000001e4422bf630, 20;
E_000001e4421993f0/12 .event anyedge, v000001e4422bf630_17, v000001e4422bf630_18, v000001e4422bf630_19, v000001e4422bf630_20;
v000001e4422bf630_21 .array/port v000001e4422bf630, 21;
v000001e4422bf630_22 .array/port v000001e4422bf630, 22;
v000001e4422bf630_23 .array/port v000001e4422bf630, 23;
v000001e4422bf630_24 .array/port v000001e4422bf630, 24;
E_000001e4421993f0/13 .event anyedge, v000001e4422bf630_21, v000001e4422bf630_22, v000001e4422bf630_23, v000001e4422bf630_24;
v000001e4422bf630_25 .array/port v000001e4422bf630, 25;
v000001e4422bf630_26 .array/port v000001e4422bf630, 26;
v000001e4422bf630_27 .array/port v000001e4422bf630, 27;
v000001e4422bf630_28 .array/port v000001e4422bf630, 28;
E_000001e4421993f0/14 .event anyedge, v000001e4422bf630_25, v000001e4422bf630_26, v000001e4422bf630_27, v000001e4422bf630_28;
v000001e4422bf630_29 .array/port v000001e4422bf630, 29;
v000001e4422bf630_30 .array/port v000001e4422bf630, 30;
E_000001e4421993f0/15 .event anyedge, v000001e4422bf630_29, v000001e4422bf630_30;
E_000001e4421993f0 .event/or E_000001e4421993f0/0, E_000001e4421993f0/1, E_000001e4421993f0/2, E_000001e4421993f0/3, E_000001e4421993f0/4, E_000001e4421993f0/5, E_000001e4421993f0/6, E_000001e4421993f0/7, E_000001e4421993f0/8, E_000001e4421993f0/9, E_000001e4421993f0/10, E_000001e4421993f0/11, E_000001e4421993f0/12, E_000001e4421993f0/13, E_000001e4421993f0/14, E_000001e4421993f0/15;
L_000001e4422bf810 .part v000001e4422bf770_0, 0, 32;
L_000001e4422bec30 .part v000001e4422bf4f0_0, 0, 32;
L_000001e4422bfe50 .part v000001e4422bf770_0, 32, 32;
L_000001e4422bf310 .part v000001e4422bf4f0_0, 32, 32;
L_000001e4422bf090 .part v000001e4422bf770_0, 64, 32;
L_000001e4422bea50 .part v000001e4422bf4f0_0, 64, 32;
L_000001e4422bfbd0 .part v000001e4422bf770_0, 96, 32;
L_000001e4422bf8b0 .part v000001e4422bf4f0_0, 96, 32;
L_000001e4422beeb0 .part v000001e4422bf770_0, 128, 32;
L_000001e4422bf450 .part v000001e4422bf4f0_0, 128, 32;
L_000001e4422bed70 .part v000001e4422bf770_0, 160, 32;
L_000001e4422bf590 .part v000001e4422bf4f0_0, 160, 32;
L_000001e4422beaf0 .part v000001e4422bf770_0, 192, 32;
L_000001e4422bf6d0 .part v000001e4422bf4f0_0, 192, 32;
L_000001e4422becd0 .part v000001e4422bf770_0, 224, 32;
L_000001e4422bf950 .part v000001e4422bf4f0_0, 224, 32;
L_000001e4422bf9f0 .part v000001e4422bf770_0, 256, 32;
L_000001e4422bef50 .part v000001e4422bf4f0_0, 256, 32;
L_000001e4422bfb30 .part v000001e4422bf770_0, 288, 32;
L_000001e4422bfa90 .part v000001e4422bf4f0_0, 288, 32;
L_000001e4422bfc70 .part v000001e4422bf770_0, 320, 32;
L_000001e4422bfd10 .part v000001e4422bf4f0_0, 320, 32;
L_000001e4422bfdb0 .part v000001e4422bf770_0, 352, 32;
L_000001e4422bfef0 .part v000001e4422bf4f0_0, 352, 32;
L_000001e4422bff90 .part v000001e4422bf770_0, 384, 32;
L_000001e4422beff0 .part v000001e4422bf4f0_0, 384, 32;
L_000001e4422c5540 .part v000001e4422bf770_0, 416, 32;
L_000001e4422c4dc0 .part v000001e4422bf4f0_0, 416, 32;
L_000001e4422c52c0 .part v000001e4422bf770_0, 448, 32;
L_000001e4422c6440 .part v000001e4422bf4f0_0, 448, 32;
L_000001e4422c5d60 .part v000001e4422bf770_0, 480, 32;
L_000001e4422c6580 .part v000001e4422bf4f0_0, 480, 32;
L_000001e4422c43c0 .part v000001e4422bf770_0, 512, 32;
L_000001e4422c4780 .part v000001e4422bf4f0_0, 512, 32;
L_000001e4422c68a0 .part v000001e4422bf770_0, 544, 32;
L_000001e4422c50e0 .part v000001e4422bf4f0_0, 544, 32;
L_000001e4422c6620 .part v000001e4422bf770_0, 576, 32;
L_000001e4422c4140 .part v000001e4422bf4f0_0, 576, 32;
L_000001e4422c4a00 .part v000001e4422bf770_0, 608, 32;
L_000001e4422c5e00 .part v000001e4422bf4f0_0, 608, 32;
L_000001e4422c55e0 .part v000001e4422bf770_0, 640, 32;
L_000001e4422c5fe0 .part v000001e4422bf4f0_0, 640, 32;
L_000001e4422c4c80 .part v000001e4422bf770_0, 672, 32;
L_000001e4422c45a0 .part v000001e4422bf4f0_0, 672, 32;
L_000001e4422c4e60 .part v000001e4422bf770_0, 704, 32;
L_000001e4422c66c0 .part v000001e4422bf4f0_0, 704, 32;
L_000001e4422c6760 .part v000001e4422bf770_0, 736, 32;
L_000001e4422c5360 .part v000001e4422bf4f0_0, 736, 32;
L_000001e4422c5ae0 .part v000001e4422bf770_0, 768, 32;
L_000001e4422c59a0 .part v000001e4422bf4f0_0, 768, 32;
L_000001e4422c5680 .part v000001e4422bf770_0, 800, 32;
L_000001e4422c5f40 .part v000001e4422bf4f0_0, 800, 32;
L_000001e4422c4640 .part v000001e4422bf770_0, 832, 32;
L_000001e4422c5720 .part v000001e4422bf4f0_0, 832, 32;
L_000001e4422c4f00 .part v000001e4422bf770_0, 864, 32;
L_000001e4422c54a0 .part v000001e4422bf4f0_0, 864, 32;
L_000001e4422c5ea0 .part v000001e4422bf770_0, 896, 32;
L_000001e4422c57c0 .part v000001e4422bf4f0_0, 896, 32;
L_000001e4422c63a0 .part v000001e4422bf770_0, 928, 32;
L_000001e4422c5400 .part v000001e4422bf4f0_0, 928, 32;
L_000001e4422c5220 .part v000001e4422bf770_0, 960, 32;
L_000001e4422c4500 .part v000001e4422bf4f0_0, 960, 32;
S_000001e4421b1290 .scope task, "set_val" "set_val" 2 23, 2 23 0, S_000001e4421b6c70;
 .timescale -9 -12;
v000001e4421a0260_0 .var/i "idx", 31 0;
v000001e44219fcc0_0 .var/real "val_a", 0 0;
v000001e44219fa40_0 .var/real "val_w", 0 0;
TD_pe_tb.set_val ;
    %load/real v000001e44219fcc0_0;
    %pushi/vec4 16777216, 0, 32;
    %cvt/rv/s;
    %mul/wr;
    %cvt/vr 32;
    %ix/getv/s 4, v000001e4421a0260_0;
    %store/vec4a v000001e4422bf3b0, 4, 0;
    %load/real v000001e44219fa40_0;
    %pushi/vec4 16777216, 0, 32;
    %cvt/rv/s;
    %mul/wr;
    %cvt/vr 32;
    %ix/getv/s 4, v000001e4421a0260_0;
    %store/vec4a v000001e4422bf630, 4, 0;
    %end;
S_000001e44210b2b0 .scope generate, "unpack[0]" "unpack[0]" 2 89, 2 89 0, S_000001e4421b6c70;
 .timescale -9 -12;
P_000001e442199430 .param/l "k" 0 2 89, +C4<00>;
v000001e44219fae0_0 .net/s "val_a", 31 0, L_000001e4422bf810;  1 drivers
v000001e4421a04e0_0 .net/s "val_w", 31 0, L_000001e4422bec30;  1 drivers
S_000001e44210b440 .scope generate, "unpack[1]" "unpack[1]" 2 89, 2 89 0, S_000001e4421b6c70;
 .timescale -9 -12;
P_000001e442199270 .param/l "k" 0 2 89, +C4<01>;
v000001e44219f2c0_0 .net/s "val_a", 31 0, L_000001e4422bfe50;  1 drivers
v000001e44219f540_0 .net/s "val_w", 31 0, L_000001e4422bf310;  1 drivers
S_000001e442115190 .scope generate, "unpack[2]" "unpack[2]" 2 89, 2 89 0, S_000001e4421b6c70;
 .timescale -9 -12;
P_000001e4421999f0 .param/l "k" 0 2 89, +C4<010>;
v000001e44219fd60_0 .net/s "val_a", 31 0, L_000001e4422bf090;  1 drivers
v000001e4421a0120_0 .net/s "val_w", 31 0, L_000001e4422bea50;  1 drivers
S_000001e442115320 .scope generate, "unpack[3]" "unpack[3]" 2 89, 2 89 0, S_000001e4421b6c70;
 .timescale -9 -12;
P_000001e44219a030 .param/l "k" 0 2 89, +C4<011>;
v000001e4421a0620_0 .net/s "val_a", 31 0, L_000001e4422bfbd0;  1 drivers
v000001e4421a0da0_0 .net/s "val_w", 31 0, L_000001e4422bf8b0;  1 drivers
S_000001e44210ec00 .scope generate, "unpack[4]" "unpack[4]" 2 89, 2 89 0, S_000001e4421b6c70;
 .timescale -9 -12;
P_000001e442199bf0 .param/l "k" 0 2 89, +C4<0100>;
v000001e4421a0e40_0 .net/s "val_a", 31 0, L_000001e4422beeb0;  1 drivers
v000001e44219f360_0 .net/s "val_w", 31 0, L_000001e4422bf450;  1 drivers
S_000001e44210ed90 .scope generate, "unpack[5]" "unpack[5]" 2 89, 2 89 0, S_000001e4421b6c70;
 .timescale -9 -12;
P_000001e442199db0 .param/l "k" 0 2 89, +C4<0101>;
v000001e44219f400_0 .net/s "val_a", 31 0, L_000001e4422bed70;  1 drivers
v000001e44219f680_0 .net/s "val_w", 31 0, L_000001e4422bf590;  1 drivers
S_000001e442246680 .scope generate, "unpack[6]" "unpack[6]" 2 89, 2 89 0, S_000001e4421b6c70;
 .timescale -9 -12;
P_000001e442199170 .param/l "k" 0 2 89, +C4<0110>;
v000001e44219f720_0 .net/s "val_a", 31 0, L_000001e4422beaf0;  1 drivers
v000001e442178e20_0 .net/s "val_w", 31 0, L_000001e4422bf6d0;  1 drivers
S_000001e442246810 .scope generate, "unpack[7]" "unpack[7]" 2 89, 2 89 0, S_000001e4421b6c70;
 .timescale -9 -12;
P_000001e442199c70 .param/l "k" 0 2 89, +C4<0111>;
v000001e442177700_0 .net/s "val_a", 31 0, L_000001e4422becd0;  1 drivers
v000001e442179320_0 .net/s "val_w", 31 0, L_000001e4422bf950;  1 drivers
S_000001e442106ab0 .scope generate, "unpack[8]" "unpack[8]" 2 89, 2 89 0, S_000001e4421b6c70;
 .timescale -9 -12;
P_000001e442199530 .param/l "k" 0 2 89, +C4<01000>;
v000001e442178420_0 .net/s "val_a", 31 0, L_000001e4422bf9f0;  1 drivers
v000001e4421778e0_0 .net/s "val_w", 31 0, L_000001e4422bef50;  1 drivers
S_000001e442106c40 .scope generate, "unpack[9]" "unpack[9]" 2 89, 2 89 0, S_000001e4421b6c70;
 .timescale -9 -12;
P_000001e4421995b0 .param/l "k" 0 2 89, +C4<01001>;
v000001e442177de0_0 .net/s "val_a", 31 0, L_000001e4422bfb30;  1 drivers
v000001e4421781a0_0 .net/s "val_w", 31 0, L_000001e4422bfa90;  1 drivers
S_000001e4421087f0 .scope generate, "unpack[10]" "unpack[10]" 2 89, 2 89 0, S_000001e4421b6c70;
 .timescale -9 -12;
P_000001e442199630 .param/l "k" 0 2 89, +C4<01010>;
v000001e4421787e0_0 .net/s "val_a", 31 0, L_000001e4422bfc70;  1 drivers
v000001e442178880_0 .net/s "val_w", 31 0, L_000001e4422bfd10;  1 drivers
S_000001e442108980 .scope generate, "unpack[11]" "unpack[11]" 2 89, 2 89 0, S_000001e4421b6c70;
 .timescale -9 -12;
P_000001e442199cb0 .param/l "k" 0 2 89, +C4<01011>;
v000001e442178ec0_0 .net/s "val_a", 31 0, L_000001e4422bfdb0;  1 drivers
v000001e442189f70_0 .net/s "val_w", 31 0, L_000001e4422bfef0;  1 drivers
S_000001e4421beac0 .scope generate, "unpack[12]" "unpack[12]" 2 89, 2 89 0, S_000001e4421b6c70;
 .timescale -9 -12;
P_000001e442199ef0 .param/l "k" 0 2 89, +C4<01100>;
v000001e44218a3d0_0 .net/s "val_a", 31 0, L_000001e4422bff90;  1 drivers
v000001e442188d50_0 .net/s "val_w", 31 0, L_000001e4422beff0;  1 drivers
S_000001e4421bec50 .scope generate, "unpack[13]" "unpack[13]" 2 89, 2 89 0, S_000001e4421b6c70;
 .timescale -9 -12;
P_000001e442199f70 .param/l "k" 0 2 89, +C4<01101>;
v000001e44218a5b0_0 .net/s "val_a", 31 0, L_000001e4422c5540;  1 drivers
v000001e44218a790_0 .net/s "val_w", 31 0, L_000001e4422c4dc0;  1 drivers
S_000001e4421bede0 .scope generate, "unpack[14]" "unpack[14]" 2 89, 2 89 0, S_000001e4421b6c70;
 .timescale -9 -12;
P_000001e4421970b0 .param/l "k" 0 2 89, +C4<01110>;
v000001e4421888f0_0 .net/s "val_a", 31 0, L_000001e4422c52c0;  1 drivers
v000001e442188b70_0 .net/s "val_w", 31 0, L_000001e4422c6440;  1 drivers
S_000001e4422a9200 .scope generate, "unpack[15]" "unpack[15]" 2 89, 2 89 0, S_000001e4421b6c70;
 .timescale -9 -12;
P_000001e442196d70 .param/l "k" 0 2 89, +C4<01111>;
v000001e442189070_0 .net/s "val_a", 31 0, L_000001e4422c5d60;  1 drivers
v000001e442189250_0 .net/s "val_w", 31 0, L_000001e4422c6580;  1 drivers
S_000001e4422a96b0 .scope generate, "unpack[16]" "unpack[16]" 2 89, 2 89 0, S_000001e4421b6c70;
 .timescale -9 -12;
P_000001e442196e70 .param/l "k" 0 2 89, +C4<010000>;
v000001e442189610_0 .net/s "val_a", 31 0, L_000001e4422c43c0;  1 drivers
v000001e442162e20_0 .net/s "val_w", 31 0, L_000001e4422c4780;  1 drivers
S_000001e4422a9e80 .scope generate, "unpack[17]" "unpack[17]" 2 89, 2 89 0, S_000001e4421b6c70;
 .timescale -9 -12;
P_000001e442196270 .param/l "k" 0 2 89, +C4<010001>;
v000001e442161660_0 .net/s "val_a", 31 0, L_000001e4422c68a0;  1 drivers
v000001e442161e80_0 .net/s "val_w", 31 0, L_000001e4422c50e0;  1 drivers
S_000001e4422a9390 .scope generate, "unpack[18]" "unpack[18]" 2 89, 2 89 0, S_000001e4421b6c70;
 .timescale -9 -12;
P_000001e442196830 .param/l "k" 0 2 89, +C4<010010>;
v000001e442162600_0 .net/s "val_a", 31 0, L_000001e4422c6620;  1 drivers
v000001e4422ab980_0 .net/s "val_w", 31 0, L_000001e4422c4140;  1 drivers
S_000001e4422a9070 .scope generate, "unpack[19]" "unpack[19]" 2 89, 2 89 0, S_000001e4421b6c70;
 .timescale -9 -12;
P_000001e4421966b0 .param/l "k" 0 2 89, +C4<010011>;
v000001e4422ab520_0 .net/s "val_a", 31 0, L_000001e4422c4a00;  1 drivers
v000001e4422aaf80_0 .net/s "val_w", 31 0, L_000001e4422c5e00;  1 drivers
S_000001e4422a9520 .scope generate, "unpack[20]" "unpack[20]" 2 89, 2 89 0, S_000001e4421b6c70;
 .timescale -9 -12;
P_000001e442196f70 .param/l "k" 0 2 89, +C4<010100>;
v000001e4422aa260_0 .net/s "val_a", 31 0, L_000001e4422c55e0;  1 drivers
v000001e4422aab20_0 .net/s "val_w", 31 0, L_000001e4422c5fe0;  1 drivers
S_000001e4422a9b60 .scope generate, "unpack[21]" "unpack[21]" 2 89, 2 89 0, S_000001e4421b6c70;
 .timescale -9 -12;
P_000001e442196bf0 .param/l "k" 0 2 89, +C4<010101>;
v000001e4422aa440_0 .net/s "val_a", 31 0, L_000001e4422c4c80;  1 drivers
v000001e4422aa760_0 .net/s "val_w", 31 0, L_000001e4422c45a0;  1 drivers
S_000001e4422a9cf0 .scope generate, "unpack[22]" "unpack[22]" 2 89, 2 89 0, S_000001e4421b6c70;
 .timescale -9 -12;
P_000001e4421963f0 .param/l "k" 0 2 89, +C4<010110>;
v000001e4422aa4e0_0 .net/s "val_a", 31 0, L_000001e4422c4e60;  1 drivers
v000001e4422aac60_0 .net/s "val_w", 31 0, L_000001e4422c66c0;  1 drivers
S_000001e4422a9840 .scope generate, "unpack[23]" "unpack[23]" 2 89, 2 89 0, S_000001e4421b6c70;
 .timescale -9 -12;
P_000001e442196a30 .param/l "k" 0 2 89, +C4<010111>;
v000001e4422aa120_0 .net/s "val_a", 31 0, L_000001e4422c6760;  1 drivers
v000001e4422abde0_0 .net/s "val_w", 31 0, L_000001e4422c5360;  1 drivers
S_000001e4422a99d0 .scope generate, "unpack[24]" "unpack[24]" 2 89, 2 89 0, S_000001e4421b6c70;
 .timescale -9 -12;
P_000001e442196ff0 .param/l "k" 0 2 89, +C4<011000>;
v000001e4422aa940_0 .net/s "val_a", 31 0, L_000001e4422c5ae0;  1 drivers
v000001e4422abc00_0 .net/s "val_w", 31 0, L_000001e4422c59a0;  1 drivers
S_000001e4422ad1c0 .scope generate, "unpack[25]" "unpack[25]" 2 89, 2 89 0, S_000001e4421b6c70;
 .timescale -9 -12;
P_000001e442196a70 .param/l "k" 0 2 89, +C4<011001>;
v000001e4422aa1c0_0 .net/s "val_a", 31 0, L_000001e4422c5680;  1 drivers
v000001e4422aa9e0_0 .net/s "val_w", 31 0, L_000001e4422c5f40;  1 drivers
S_000001e4422acd10 .scope generate, "unpack[26]" "unpack[26]" 2 89, 2 89 0, S_000001e4421b6c70;
 .timescale -9 -12;
P_000001e442196d30 .param/l "k" 0 2 89, +C4<011010>;
v000001e4422aa300_0 .net/s "val_a", 31 0, L_000001e4422c4640;  1 drivers
v000001e4422aa8a0_0 .net/s "val_w", 31 0, L_000001e4422c5720;  1 drivers
S_000001e4422acea0 .scope generate, "unpack[27]" "unpack[27]" 2 89, 2 89 0, S_000001e4421b6c70;
 .timescale -9 -12;
P_000001e442196b30 .param/l "k" 0 2 89, +C4<011011>;
v000001e4422aa620_0 .net/s "val_a", 31 0, L_000001e4422c4f00;  1 drivers
v000001e4422abe80_0 .net/s "val_w", 31 0, L_000001e4422c54a0;  1 drivers
S_000001e4422adb20 .scope generate, "unpack[28]" "unpack[28]" 2 89, 2 89 0, S_000001e4421b6c70;
 .timescale -9 -12;
P_000001e442196730 .param/l "k" 0 2 89, +C4<011100>;
v000001e4422abca0_0 .net/s "val_a", 31 0, L_000001e4422c5ea0;  1 drivers
v000001e4422ab8e0_0 .net/s "val_w", 31 0, L_000001e4422c57c0;  1 drivers
S_000001e4422ac860 .scope generate, "unpack[29]" "unpack[29]" 2 89, 2 89 0, S_000001e4421b6c70;
 .timescale -9 -12;
P_000001e4421967b0 .param/l "k" 0 2 89, +C4<011101>;
v000001e4422aaa80_0 .net/s "val_a", 31 0, L_000001e4422c63a0;  1 drivers
v000001e4422ab5c0_0 .net/s "val_w", 31 0, L_000001e4422c5400;  1 drivers
S_000001e4422adcb0 .scope generate, "unpack[30]" "unpack[30]" 2 89, 2 89 0, S_000001e4421b6c70;
 .timescale -9 -12;
P_000001e4421967f0 .param/l "k" 0 2 89, +C4<011110>;
v000001e4422ab7a0_0 .net/s "val_a", 31 0, L_000001e4422c5220;  1 drivers
v000001e4422abb60_0 .net/s "val_w", 31 0, L_000001e4422c4500;  1 drivers
S_000001e4422ad4e0 .scope module, "uut" "pe" 2 14, 3 8 0, S_000001e4421b6c70;
 .timescale -9 -12;
    .port_info 0 /INPUT 992 "all_a";
    .port_info 1 /INPUT 992 "all_w";
    .port_info 2 /INPUT 32 "b";
    .port_info 3 /INPUT 32 "alpha";
    .port_info 4 /OUTPUT 32 "y";
P_000001e44215d880 .param/l "FBITS" 0 3 10, +C4<00000000000000000000000000011000>;
P_000001e44215d8b8 .param/l "N_REG" 0 3 11, +C4<00000000000000000000000000011111>;
P_000001e44215d8f0 .param/l "WIDTH" 0 3 9, +C4<00000000000000000000000000100000>;
L_000001e4422d0a60 .functor BUFZ 32, L_000001e4422d1cc0, C4<00000000000000000000000000000000>, C4<00000000000000000000000000000000>, C4<00000000000000000000000000000000>;
v000001e4422bd290_0 .net/s "all_a", 991 0, v000001e4422bf770_0;  1 drivers
v000001e4422bd3d0_0 .net/s "all_w", 991 0, v000001e4422bf4f0_0;  1 drivers
v000001e4422bd510_0 .net/s "alpha", 31 0, v000001e4422beb90_0;  1 drivers
v000001e4422bd5b0_0 .net/s "b", 31 0, v000001e4422be910_0;  1 drivers
v000001e4422bd650_0 .net/s "out_acttivation", 31 0, L_000001e4422d1cc0;  1 drivers
v000001e4422bd6f0_0 .net/s "out_add_all", 31 0, v000001e4422aad00_0;  1 drivers
v000001e4422bf130_0 .net/s "out_add_b", 31 0, L_000001e4422d2940;  1 drivers
v000001e4422bf1d0_0 .net/s "out_all_mult", 991 0, L_000001e4422d28a0;  1 drivers
v000001e4422be9b0_0 .net/s "y", 31 0, L_000001e4422d0a60;  alias, 1 drivers
L_000001e4422d2940 .arith/sum 32, v000001e4422aad00_0, v000001e4422be910_0;
S_000001e4422ad800 .scope module, "u_elmnt_add_all" "elmnt_add_all" 3 39, 4 5 0, S_000001e4422ad4e0;
 .timescale -9 -12;
    .port_info 0 /INPUT 992 "out_multiply";
    .port_info 1 /OUTPUT 32 "y";
P_000001e44215de00 .param/l "FBITS" 0 4 7, +C4<00000000000000000000000000011000>;
P_000001e44215de38 .param/l "N_REG" 0 4 8, +C4<00000000000000000000000000011111>;
P_000001e44215de70 .param/l "WIDTH" 0 4 6, +C4<00000000000000000000000000100000>;
v000001e4422abac0_0 .var/i "i", 31 0;
v000001e4422abd40_0 .net/s "out_multiply", 991 0, L_000001e4422d28a0;  alias, 1 drivers
v000001e4422aabc0_0 .var/s "temp_sum", 31 0;
v000001e4422aad00_0 .var/s "y", 31 0;
E_000001e442196af0 .event anyedge, v000001e4422aabc0_0, v000001e4422abd40_0;
S_000001e4422ad670 .scope module, "u_elmnt_wise_mult" "elmnt_wise_mult" 3 32, 5 6 0, S_000001e4422ad4e0;
 .timescale -9 -12;
    .port_info 0 /INPUT 992 "all_a";
    .port_info 1 /INPUT 992 "all_w";
    .port_info 2 /OUTPUT 992 "all_mult";
P_000001e44215dbf0 .param/l "FBITS" 0 5 8, +C4<00000000000000000000000000011000>;
P_000001e44215dc28 .param/l "N_REG" 0 5 9, +C4<00000000000000000000000000011111>;
P_000001e44215dc60 .param/l "WIDTH" 0 5 7, +C4<00000000000000000000000000100000>;
v000001e4422bdab0_0 .net/s "all_a", 991 0, v000001e4422bf770_0;  alias, 1 drivers
v000001e4422be4b0_0 .net/s "all_mult", 991 0, L_000001e4422d28a0;  alias, 1 drivers
v000001e4422bdc90_0 .net/s "all_w", 991 0, v000001e4422bf4f0_0;  alias, 1 drivers
v000001e4422be0f0 .array "out_mult", 0 30;
v000001e4422be0f0_0 .net/s v000001e4422be0f0 0, 31 0, L_000001e4422c6080; 1 drivers
v000001e4422be0f0_1 .net/s v000001e4422be0f0 1, 31 0, L_000001e4422c4be0; 1 drivers
v000001e4422be0f0_2 .net/s v000001e4422be0f0 2, 31 0, L_000001e4422c4280; 1 drivers
v000001e4422be0f0_3 .net/s v000001e4422be0f0 3, 31 0, L_000001e4422c4aa0; 1 drivers
v000001e4422be0f0_4 .net/s v000001e4422be0f0 4, 31 0, L_000001e4422c6300; 1 drivers
v000001e4422be0f0_5 .net/s v000001e4422be0f0 5, 31 0, L_000001e4422c6f80; 1 drivers
v000001e4422be0f0_6 .net/s v000001e4422be0f0 6, 31 0, L_000001e4422c7a20; 1 drivers
v000001e4422be0f0_7 .net/s v000001e4422be0f0 7, 31 0, L_000001e4422c7d40; 1 drivers
v000001e4422be0f0_8 .net/s v000001e4422be0f0 8, 31 0, L_000001e4422c78e0; 1 drivers
v000001e4422be0f0_9 .net/s v000001e4422be0f0 9, 31 0, L_000001e4422c6b20; 1 drivers
v000001e4422be0f0_10 .net/s v000001e4422be0f0 10, 31 0, L_000001e4422c72a0; 1 drivers
v000001e4422be0f0_11 .net/s v000001e4422be0f0 11, 31 0, L_000001e4422cc610; 1 drivers
v000001e4422be0f0_12 .net/s v000001e4422be0f0 12, 31 0, L_000001e4422cb490; 1 drivers
v000001e4422be0f0_13 .net/s v000001e4422be0f0 13, 31 0, L_000001e4422cb3f0; 1 drivers
v000001e4422be0f0_14 .net/s v000001e4422be0f0 14, 31 0, L_000001e4422cbc10; 1 drivers
v000001e4422be0f0_15 .net/s v000001e4422be0f0 15, 31 0, L_000001e4422cb670; 1 drivers
v000001e4422be0f0_16 .net/s v000001e4422be0f0 16, 31 0, L_000001e4422cbf30; 1 drivers
v000001e4422be0f0_17 .net/s v000001e4422be0f0 17, 31 0, L_000001e4422c9e10; 1 drivers
v000001e4422be0f0_18 .net/s v000001e4422be0f0 18, 31 0, L_000001e4422c8d30; 1 drivers
v000001e4422be0f0_19 .net/s v000001e4422be0f0 19, 31 0, L_000001e4422ca8b0; 1 drivers
v000001e4422be0f0_20 .net/s v000001e4422be0f0 20, 31 0, L_000001e4422c9730; 1 drivers
v000001e4422be0f0_21 .net/s v000001e4422be0f0 21, 31 0, L_000001e4422cae50; 1 drivers
v000001e4422be0f0_22 .net/s v000001e4422be0f0 22, 31 0, L_000001e4422cb0d0; 1 drivers
v000001e4422be0f0_23 .net/s v000001e4422be0f0 23, 31 0, L_000001e4422c9370; 1 drivers
v000001e4422be0f0_24 .net/s v000001e4422be0f0 24, 31 0, L_000001e4422c8f10; 1 drivers
v000001e4422be0f0_25 .net/s v000001e4422be0f0 25, 31 0, L_000001e4422caa90; 1 drivers
v000001e4422be0f0_26 .net/s v000001e4422be0f0 26, 31 0, L_000001e4422c9b90; 1 drivers
v000001e4422be0f0_27 .net/s v000001e4422be0f0 27, 31 0, L_000001e4422ca270; 1 drivers
v000001e4422be0f0_28 .net/s v000001e4422be0f0 28, 31 0, L_000001e4422d29e0; 1 drivers
v000001e4422be0f0_29 .net/s v000001e4422be0f0 29, 31 0, L_000001e4422d2c60; 1 drivers
v000001e4422be0f0_30 .net/s v000001e4422be0f0 30, 31 0, L_000001e4422d3660; 1 drivers
L_000001e4422c4fa0 .part v000001e4422bf770_0, 0, 32;
L_000001e4422c5a40 .part v000001e4422bf4f0_0, 0, 32;
L_000001e4422c6800 .part v000001e4422bf770_0, 32, 32;
L_000001e4422c5b80 .part v000001e4422bf4f0_0, 32, 32;
L_000001e4422c6120 .part v000001e4422bf770_0, 64, 32;
L_000001e4422c4320 .part v000001e4422bf4f0_0, 64, 32;
L_000001e4422c5900 .part v000001e4422bf770_0, 96, 32;
L_000001e4422c46e0 .part v000001e4422bf4f0_0, 96, 32;
L_000001e4422c6d00 .part v000001e4422bf770_0, 128, 32;
L_000001e4422c7ac0 .part v000001e4422bf4f0_0, 128, 32;
L_000001e4422c7b60 .part v000001e4422bf770_0, 160, 32;
L_000001e4422c7840 .part v000001e4422bf4f0_0, 160, 32;
L_000001e4422c6e40 .part v000001e4422bf770_0, 192, 32;
L_000001e4422c77a0 .part v000001e4422bf4f0_0, 192, 32;
L_000001e4422c7020 .part v000001e4422bf770_0, 224, 32;
L_000001e4422c7ca0 .part v000001e4422bf4f0_0, 224, 32;
L_000001e4422c6ee0 .part v000001e4422bf770_0, 256, 32;
L_000001e4422c7980 .part v000001e4422bf4f0_0, 256, 32;
L_000001e4422c6bc0 .part v000001e4422bf770_0, 288, 32;
L_000001e4422c7de0 .part v000001e4422bf4f0_0, 288, 32;
L_000001e4422c75c0 .part v000001e4422bf770_0, 320, 32;
L_000001e4422cbb70 .part v000001e4422bf4f0_0, 320, 32;
L_000001e4422cc6b0 .part v000001e4422bf770_0, 352, 32;
L_000001e4422cb8f0 .part v000001e4422bf4f0_0, 352, 32;
L_000001e4422cb990 .part v000001e4422bf770_0, 384, 32;
L_000001e4422cb530 .part v000001e4422bf4f0_0, 384, 32;
L_000001e4422cc4d0 .part v000001e4422bf770_0, 416, 32;
L_000001e4422cb5d0 .part v000001e4422bf4f0_0, 416, 32;
L_000001e4422cc570 .part v000001e4422bf770_0, 448, 32;
L_000001e4422cbad0 .part v000001e4422bf4f0_0, 448, 32;
L_000001e4422cbe90 .part v000001e4422bf770_0, 480, 32;
L_000001e4422cc1b0 .part v000001e4422bf4f0_0, 480, 32;
L_000001e4422cc070 .part v000001e4422bf770_0, 512, 32;
L_000001e4422cc2f0 .part v000001e4422bf4f0_0, 512, 32;
L_000001e4422ca3b0 .part v000001e4422bf770_0, 544, 32;
L_000001e4422c9c30 .part v000001e4422bf4f0_0, 544, 32;
L_000001e4422c9550 .part v000001e4422bf770_0, 576, 32;
L_000001e4422c8dd0 .part v000001e4422bf4f0_0, 576, 32;
L_000001e4422ca450 .part v000001e4422bf770_0, 608, 32;
L_000001e4422cb030 .part v000001e4422bf4f0_0, 608, 32;
L_000001e4422c8ab0 .part v000001e4422bf770_0, 640, 32;
L_000001e4422ca310 .part v000001e4422bf4f0_0, 640, 32;
L_000001e4422ca130 .part v000001e4422bf770_0, 672, 32;
L_000001e4422caef0 .part v000001e4422bf4f0_0, 672, 32;
L_000001e4422ca810 .part v000001e4422bf770_0, 704, 32;
L_000001e4422c8e70 .part v000001e4422bf4f0_0, 704, 32;
L_000001e4422c8bf0 .part v000001e4422bf770_0, 736, 32;
L_000001e4422c8fb0 .part v000001e4422bf4f0_0, 736, 32;
L_000001e4422cab30 .part v000001e4422bf770_0, 768, 32;
L_000001e4422ca590 .part v000001e4422bf4f0_0, 768, 32;
L_000001e4422c90f0 .part v000001e4422bf770_0, 800, 32;
L_000001e4422c9910 .part v000001e4422bf4f0_0, 800, 32;
L_000001e4422c9d70 .part v000001e4422bf770_0, 832, 32;
L_000001e4422c9eb0 .part v000001e4422bf4f0_0, 832, 32;
L_000001e4422d2b20 .part v000001e4422bf770_0, 864, 32;
L_000001e4422d2800 .part v000001e4422bf4f0_0, 864, 32;
L_000001e4422d3e80 .part v000001e4422bf770_0, 896, 32;
L_000001e4422d4100 .part v000001e4422bf4f0_0, 896, 32;
L_000001e4422d3de0 .part v000001e4422bf770_0, 928, 32;
L_000001e4422d3d40 .part v000001e4422bf4f0_0, 928, 32;
LS_000001e4422d28a0_0_0 .concat8 [ 32 32 32 32], L_000001e44219eb80, L_000001e44219e870, L_000001e44219e4f0, L_000001e44219ebf0;
LS_000001e4422d28a0_0_4 .concat8 [ 32 32 32 32], L_000001e44219e6b0, L_000001e44219edb0, L_000001e44219e790, L_000001e44219ecd0;
LS_000001e4422d28a0_0_8 .concat8 [ 32 32 32 32], L_000001e44219ed40, L_000001e44219e720, L_000001e44219ee20, L_000001e44219ee90;
LS_000001e4422d28a0_0_12 .concat8 [ 32 32 32 32], L_000001e44219ef00, L_000001e44219f050, L_000001e4422d1400, L_000001e4422d0b40;
LS_000001e4422d28a0_0_16 .concat8 [ 32 32 32 32], L_000001e4422d1710, L_000001e4422d0980, L_000001e4422d15c0, L_000001e4422d0ec0;
LS_000001e4422d28a0_0_20 .concat8 [ 32 32 32 32], L_000001e4422d0de0, L_000001e4422d0e50, L_000001e4422d1550, L_000001e4422d11d0;
LS_000001e4422d28a0_0_24 .concat8 [ 32 32 32 32], L_000001e4422d10f0, L_000001e4422d1780, L_000001e4422d1160, L_000001e4422d0f30;
LS_000001e4422d28a0_0_28 .concat8 [ 32 32 32 0], L_000001e4422d09f0, L_000001e4422d0d70, L_000001e4422d0fa0;
LS_000001e4422d28a0_1_0 .concat8 [ 128 128 128 128], LS_000001e4422d28a0_0_0, LS_000001e4422d28a0_0_4, LS_000001e4422d28a0_0_8, LS_000001e4422d28a0_0_12;
LS_000001e4422d28a0_1_4 .concat8 [ 128 128 128 96], LS_000001e4422d28a0_0_16, LS_000001e4422d28a0_0_20, LS_000001e4422d28a0_0_24, LS_000001e4422d28a0_0_28;
L_000001e4422d28a0 .concat8 [ 512 480 0 0], LS_000001e4422d28a0_1_0, LS_000001e4422d28a0_1_4;
L_000001e4422d1f40 .part v000001e4422bf770_0, 960, 32;
L_000001e4422d3c00 .part v000001e4422bf4f0_0, 960, 32;
S_000001e4422ac9f0 .scope generate, "mult_all[0]" "mult_all[0]" 5 25, 5 25 0, S_000001e4422ad670;
 .timescale -9 -12;
P_000001e442196c30 .param/l "g" 0 5 25, +C4<00>;
L_000001e44219eb80 .functor BUFZ 32, L_000001e4422c6080, C4<00000000000000000000000000000000>, C4<00000000000000000000000000000000>, C4<00000000000000000000000000000000>;
v000001e4422abf20_0 .net *"_ivl_2", 31 0, L_000001e44219eb80;  1 drivers
S_000001e4422ac220 .scope module, "u_mult" "mult_Q" 5 31, 6 4 0, S_000001e4422ac9f0;
 .timescale -9 -12;
    .port_info 0 /INPUT 32 "a";
    .port_info 1 /INPUT 32 "b";
    .port_info 2 /OUTPUT 32 "y";
P_000001e44212ca90 .param/l "FBITS" 0 6 6, +C4<00000000000000000000000000011000>;
P_000001e44212cac8 .param/l "WIDTH" 0 6 5, +C4<00000000000000000000000000100000>;
v000001e4422aa580_0 .net/s *"_ivl_0", 63 0, L_000001e4422c4820;  1 drivers
v000001e4422aa6c0_0 .net/s *"_ivl_2", 63 0, L_000001e4422c4460;  1 drivers
v000001e4422aa800_0 .net/s "a", 31 0, L_000001e4422c4fa0;  1 drivers
v000001e4422ab020_0 .net/s "b", 31 0, L_000001e4422c5a40;  1 drivers
v000001e4422aba20_0 .net/s "raw_y", 63 0, L_000001e4422c48c0;  1 drivers
v000001e4422ab340_0 .net/s "y", 31 0, L_000001e4422c6080;  alias, 1 drivers
L_000001e4422c4820 .extend/s 64, L_000001e4422c4fa0;
L_000001e4422c4460 .extend/s 64, L_000001e4422c5a40;
L_000001e4422c48c0 .arith/mult 64, L_000001e4422c4820, L_000001e4422c4460;
L_000001e4422c6080 .part L_000001e4422c48c0, 24, 32;
S_000001e4422ad350 .scope generate, "mult_all[1]" "mult_all[1]" 5 25, 5 25 0, S_000001e4422ad670;
 .timescale -9 -12;
P_000001e442196530 .param/l "g" 0 5 25, +C4<01>;
L_000001e44219e870 .functor BUFZ 32, L_000001e4422c4be0, C4<00000000000000000000000000000000>, C4<00000000000000000000000000000000>, C4<00000000000000000000000000000000>;
v000001e4422ab160_0 .net *"_ivl_2", 31 0, L_000001e44219e870;  1 drivers
S_000001e4422ad030 .scope module, "u_mult" "mult_Q" 5 31, 6 4 0, S_000001e4422ad350;
 .timescale -9 -12;
    .port_info 0 /INPUT 32 "a";
    .port_info 1 /INPUT 32 "b";
    .port_info 2 /OUTPUT 32 "y";
P_000001e44212cb90 .param/l "FBITS" 0 6 6, +C4<00000000000000000000000000011000>;
P_000001e44212cbc8 .param/l "WIDTH" 0 6 5, +C4<00000000000000000000000000100000>;
v000001e4422aa3a0_0 .net/s *"_ivl_0", 63 0, L_000001e4422c64e0;  1 drivers
v000001e4422aae40_0 .net/s *"_ivl_2", 63 0, L_000001e4422c5040;  1 drivers
v000001e4422aada0_0 .net/s "a", 31 0, L_000001e4422c6800;  1 drivers
v000001e4422aaee0_0 .net/s "b", 31 0, L_000001e4422c5b80;  1 drivers
v000001e4422aa080_0 .net/s "raw_y", 63 0, L_000001e4422c4d20;  1 drivers
v000001e4422ab0c0_0 .net/s "y", 31 0, L_000001e4422c4be0;  alias, 1 drivers
L_000001e4422c64e0 .extend/s 64, L_000001e4422c6800;
L_000001e4422c5040 .extend/s 64, L_000001e4422c5b80;
L_000001e4422c4d20 .arith/mult 64, L_000001e4422c64e0, L_000001e4422c5040;
L_000001e4422c4be0 .part L_000001e4422c4d20, 24, 32;
S_000001e4422acb80 .scope generate, "mult_all[2]" "mult_all[2]" 5 25, 5 25 0, S_000001e4422ad670;
 .timescale -9 -12;
P_000001e4421970f0 .param/l "g" 0 5 25, +C4<010>;
L_000001e44219e4f0 .functor BUFZ 32, L_000001e4422c4280, C4<00000000000000000000000000000000>, C4<00000000000000000000000000000000>, C4<00000000000000000000000000000000>;
v000001e4422ab840_0 .net *"_ivl_2", 31 0, L_000001e44219e4f0;  1 drivers
S_000001e4422ad990 .scope module, "u_mult" "mult_Q" 5 31, 6 4 0, S_000001e4422acb80;
 .timescale -9 -12;
    .port_info 0 /INPUT 32 "a";
    .port_info 1 /INPUT 32 "b";
    .port_info 2 /OUTPUT 32 "y";
P_000001e44212e710 .param/l "FBITS" 0 6 6, +C4<00000000000000000000000000011000>;
P_000001e44212e748 .param/l "WIDTH" 0 6 5, +C4<00000000000000000000000000100000>;
v000001e4422ab200_0 .net/s *"_ivl_0", 63 0, L_000001e4422c41e0;  1 drivers
v000001e4422ab2a0_0 .net/s *"_ivl_2", 63 0, L_000001e4422c5c20;  1 drivers
v000001e4422ab3e0_0 .net/s "a", 31 0, L_000001e4422c6120;  1 drivers
v000001e4422ab480_0 .net/s "b", 31 0, L_000001e4422c4320;  1 drivers
v000001e4422ab660_0 .net/s "raw_y", 63 0, L_000001e4422c5860;  1 drivers
v000001e4422ab700_0 .net/s "y", 31 0, L_000001e4422c4280;  alias, 1 drivers
L_000001e4422c41e0 .extend/s 64, L_000001e4422c6120;
L_000001e4422c5c20 .extend/s 64, L_000001e4422c4320;
L_000001e4422c5860 .arith/mult 64, L_000001e4422c41e0, L_000001e4422c5c20;
L_000001e4422c4280 .part L_000001e4422c5860, 24, 32;
S_000001e4422ade40 .scope generate, "mult_all[3]" "mult_all[3]" 5 25, 5 25 0, S_000001e4422ad670;
 .timescale -9 -12;
P_000001e442196ef0 .param/l "g" 0 5 25, +C4<011>;
L_000001e44219ebf0 .functor BUFZ 32, L_000001e4422c4aa0, C4<00000000000000000000000000000000>, C4<00000000000000000000000000000000>, C4<00000000000000000000000000000000>;
v000001e4422ae0a0_0 .net *"_ivl_2", 31 0, L_000001e44219ebf0;  1 drivers
S_000001e4422ac090 .scope module, "u_mult" "mult_Q" 5 31, 6 4 0, S_000001e4422ade40;
 .timescale -9 -12;
    .port_info 0 /INPUT 32 "a";
    .port_info 1 /INPUT 32 "b";
    .port_info 2 /OUTPUT 32 "y";
P_000001e44212de90 .param/l "FBITS" 0 6 6, +C4<00000000000000000000000000011000>;
P_000001e44212dec8 .param/l "WIDTH" 0 6 5, +C4<00000000000000000000000000100000>;
v000001e4422af860_0 .net/s *"_ivl_0", 63 0, L_000001e4422c61c0;  1 drivers
v000001e4422af7c0_0 .net/s *"_ivl_2", 63 0, L_000001e4422c5180;  1 drivers
v000001e4422aefa0_0 .net/s "a", 31 0, L_000001e4422c5900;  1 drivers
v000001e4422af720_0 .net/s "b", 31 0, L_000001e4422c46e0;  1 drivers
v000001e4422ae780_0 .net/s "raw_y", 63 0, L_000001e4422c6260;  1 drivers
v000001e4422ae6e0_0 .net/s "y", 31 0, L_000001e4422c4aa0;  alias, 1 drivers
L_000001e4422c61c0 .extend/s 64, L_000001e4422c5900;
L_000001e4422c5180 .extend/s 64, L_000001e4422c46e0;
L_000001e4422c6260 .arith/mult 64, L_000001e4422c61c0, L_000001e4422c5180;
L_000001e4422c4aa0 .part L_000001e4422c6260, 24, 32;
S_000001e4422ac3b0 .scope generate, "mult_all[4]" "mult_all[4]" 5 25, 5 25 0, S_000001e4422ad670;
 .timescale -9 -12;
P_000001e4421963b0 .param/l "g" 0 5 25, +C4<0100>;
L_000001e44219e6b0 .functor BUFZ 32, L_000001e4422c6300, C4<00000000000000000000000000000000>, C4<00000000000000000000000000000000>, C4<00000000000000000000000000000000>;
v000001e4422af900_0 .net *"_ivl_2", 31 0, L_000001e44219e6b0;  1 drivers
S_000001e4422ac540 .scope module, "u_mult" "mult_Q" 5 31, 6 4 0, S_000001e4422ac3b0;
 .timescale -9 -12;
    .port_info 0 /INPUT 32 "a";
    .port_info 1 /INPUT 32 "b";
    .port_info 2 /OUTPUT 32 "y";
P_000001e44212e090 .param/l "FBITS" 0 6 6, +C4<00000000000000000000000000011000>;
P_000001e44212e0c8 .param/l "WIDTH" 0 6 5, +C4<00000000000000000000000000100000>;
v000001e4422af9a0_0 .net/s *"_ivl_0", 63 0, L_000001e4422c4960;  1 drivers
v000001e4422ae8c0_0 .net/s *"_ivl_2", 63 0, L_000001e4422c5cc0;  1 drivers
v000001e4422aebe0_0 .net/s "a", 31 0, L_000001e4422c6d00;  1 drivers
v000001e4422afa40_0 .net/s "b", 31 0, L_000001e4422c7ac0;  1 drivers
v000001e4422af5e0_0 .net/s "raw_y", 63 0, L_000001e4422c4b40;  1 drivers
v000001e4422afb80_0 .net/s "y", 31 0, L_000001e4422c6300;  alias, 1 drivers
L_000001e4422c4960 .extend/s 64, L_000001e4422c6d00;
L_000001e4422c5cc0 .extend/s 64, L_000001e4422c7ac0;
L_000001e4422c4b40 .arith/mult 64, L_000001e4422c4960, L_000001e4422c5cc0;
L_000001e4422c6300 .part L_000001e4422c4b40, 24, 32;
S_000001e4422ac6d0 .scope generate, "mult_all[5]" "mult_all[5]" 5 25, 5 25 0, S_000001e4422ad670;
 .timescale -9 -12;
P_000001e442196330 .param/l "g" 0 5 25, +C4<0101>;
L_000001e44219edb0 .functor BUFZ 32, L_000001e4422c6f80, C4<00000000000000000000000000000000>, C4<00000000000000000000000000000000>, C4<00000000000000000000000000000000>;
v000001e4422afcc0_0 .net *"_ivl_2", 31 0, L_000001e44219edb0;  1 drivers
S_000001e4422b11e0 .scope module, "u_mult" "mult_Q" 5 31, 6 4 0, S_000001e4422ac6d0;
 .timescale -9 -12;
    .port_info 0 /INPUT 32 "a";
    .port_info 1 /INPUT 32 "b";
    .port_info 2 /OUTPUT 32 "y";
P_000001e44212ce10 .param/l "FBITS" 0 6 6, +C4<00000000000000000000000000011000>;
P_000001e44212ce48 .param/l "WIDTH" 0 6 5, +C4<00000000000000000000000000100000>;
v000001e4422afc20_0 .net/s *"_ivl_0", 63 0, L_000001e4422c7e80;  1 drivers
v000001e4422ae140_0 .net/s *"_ivl_2", 63 0, L_000001e4422c7340;  1 drivers
v000001e4422af220_0 .net/s "a", 31 0, L_000001e4422c7b60;  1 drivers
v000001e4422aff40_0 .net/s "b", 31 0, L_000001e4422c7840;  1 drivers
v000001e4422ae960_0 .net/s "raw_y", 63 0, L_000001e4422c7c00;  1 drivers
v000001e4422ae280_0 .net/s "y", 31 0, L_000001e4422c6f80;  alias, 1 drivers
L_000001e4422c7e80 .extend/s 64, L_000001e4422c7b60;
L_000001e4422c7340 .extend/s 64, L_000001e4422c7840;
L_000001e4422c7c00 .arith/mult 64, L_000001e4422c7e80, L_000001e4422c7340;
L_000001e4422c6f80 .part L_000001e4422c7c00, 24, 32;
S_000001e4422b1500 .scope generate, "mult_all[6]" "mult_all[6]" 5 25, 5 25 0, S_000001e4422ad670;
 .timescale -9 -12;
P_000001e442197630 .param/l "g" 0 5 25, +C4<0110>;
L_000001e44219e790 .functor BUFZ 32, L_000001e4422c7a20, C4<00000000000000000000000000000000>, C4<00000000000000000000000000000000>, C4<00000000000000000000000000000000>;
v000001e4422ae320_0 .net *"_ivl_2", 31 0, L_000001e44219e790;  1 drivers
S_000001e4422b1370 .scope module, "u_mult" "mult_Q" 5 31, 6 4 0, S_000001e4422b1500;
 .timescale -9 -12;
    .port_info 0 /INPUT 32 "a";
    .port_info 1 /INPUT 32 "b";
    .port_info 2 /OUTPUT 32 "y";
P_000001e44212d290 .param/l "FBITS" 0 6 6, +C4<00000000000000000000000000011000>;
P_000001e44212d2c8 .param/l "WIDTH" 0 6 5, +C4<00000000000000000000000000100000>;
v000001e4422aec80_0 .net/s *"_ivl_0", 63 0, L_000001e4422c7fc0;  1 drivers
v000001e4422af0e0_0 .net/s *"_ivl_2", 63 0, L_000001e4422c73e0;  1 drivers
v000001e4422ae460_0 .net/s "a", 31 0, L_000001e4422c6e40;  1 drivers
v000001e4422aef00_0 .net/s "b", 31 0, L_000001e4422c77a0;  1 drivers
v000001e4422af040_0 .net/s "raw_y", 63 0, L_000001e4422c7660;  1 drivers
v000001e4422ae820_0 .net/s "y", 31 0, L_000001e4422c7a20;  alias, 1 drivers
L_000001e4422c7fc0 .extend/s 64, L_000001e4422c6e40;
L_000001e4422c73e0 .extend/s 64, L_000001e4422c77a0;
L_000001e4422c7660 .arith/mult 64, L_000001e4422c7fc0, L_000001e4422c73e0;
L_000001e4422c7a20 .part L_000001e4422c7660, 24, 32;
S_000001e4422b19b0 .scope generate, "mult_all[7]" "mult_all[7]" 5 25, 5 25 0, S_000001e4422ad670;
 .timescale -9 -12;
P_000001e442197470 .param/l "g" 0 5 25, +C4<0111>;
L_000001e44219ecd0 .functor BUFZ 32, L_000001e4422c7d40, C4<00000000000000000000000000000000>, C4<00000000000000000000000000000000>, C4<00000000000000000000000000000000>;
v000001e4422af400_0 .net *"_ivl_2", 31 0, L_000001e44219ecd0;  1 drivers
S_000001e4422b0ec0 .scope module, "u_mult" "mult_Q" 5 31, 6 4 0, S_000001e4422b19b0;
 .timescale -9 -12;
    .port_info 0 /INPUT 32 "a";
    .port_info 1 /INPUT 32 "b";
    .port_info 2 /OUTPUT 32 "y";
P_000001e44212dc90 .param/l "FBITS" 0 6 6, +C4<00000000000000000000000000011000>;
P_000001e44212dcc8 .param/l "WIDTH" 0 6 5, +C4<00000000000000000000000000100000>;
v000001e4422aea00_0 .net/s *"_ivl_0", 63 0, L_000001e4422c7480;  1 drivers
v000001e4422aee60_0 .net/s *"_ivl_2", 63 0, L_000001e4422c70c0;  1 drivers
v000001e4422ae1e0_0 .net/s "a", 31 0, L_000001e4422c7020;  1 drivers
v000001e4422ae500_0 .net/s "b", 31 0, L_000001e4422c7ca0;  1 drivers
v000001e4422af360_0 .net/s "raw_y", 63 0, L_000001e4422c6c60;  1 drivers
v000001e4422aed20_0 .net/s "y", 31 0, L_000001e4422c7d40;  alias, 1 drivers
L_000001e4422c7480 .extend/s 64, L_000001e4422c7020;
L_000001e4422c70c0 .extend/s 64, L_000001e4422c7ca0;
L_000001e4422c6c60 .arith/mult 64, L_000001e4422c7480, L_000001e4422c70c0;
L_000001e4422c7d40 .part L_000001e4422c6c60, 24, 32;
S_000001e4422b03d0 .scope generate, "mult_all[8]" "mult_all[8]" 5 25, 5 25 0, S_000001e4422ad670;
 .timescale -9 -12;
P_000001e442198130 .param/l "g" 0 5 25, +C4<01000>;
L_000001e44219ed40 .functor BUFZ 32, L_000001e4422c78e0, C4<00000000000000000000000000000000>, C4<00000000000000000000000000000000>, C4<00000000000000000000000000000000>;
v000001e4422ae5a0_0 .net *"_ivl_2", 31 0, L_000001e44219ed40;  1 drivers
S_000001e4422b0880 .scope module, "u_mult" "mult_Q" 5 31, 6 4 0, S_000001e4422b03d0;
 .timescale -9 -12;
    .port_info 0 /INPUT 32 "a";
    .port_info 1 /INPUT 32 "b";
    .port_info 2 /OUTPUT 32 "y";
P_000001e44212ce90 .param/l "FBITS" 0 6 6, +C4<00000000000000000000000000011000>;
P_000001e44212cec8 .param/l "WIDTH" 0 6 5, +C4<00000000000000000000000000100000>;
v000001e4422af180_0 .net/s *"_ivl_0", 63 0, L_000001e4422c6a80;  1 drivers
v000001e4422ae3c0_0 .net/s *"_ivl_2", 63 0, L_000001e4422c6da0;  1 drivers
v000001e4422af2c0_0 .net/s "a", 31 0, L_000001e4422c6ee0;  1 drivers
v000001e4422af4a0_0 .net/s "b", 31 0, L_000001e4422c7980;  1 drivers
v000001e4422afd60_0 .net/s "raw_y", 63 0, L_000001e4422c7700;  1 drivers
v000001e4422ae640_0 .net/s "y", 31 0, L_000001e4422c78e0;  alias, 1 drivers
L_000001e4422c6a80 .extend/s 64, L_000001e4422c6ee0;
L_000001e4422c6da0 .extend/s 64, L_000001e4422c7980;
L_000001e4422c7700 .arith/mult 64, L_000001e4422c6a80, L_000001e4422c6da0;
L_000001e4422c78e0 .part L_000001e4422c7700, 24, 32;
S_000001e4422b1690 .scope generate, "mult_all[9]" "mult_all[9]" 5 25, 5 25 0, S_000001e4422ad670;
 .timescale -9 -12;
P_000001e4421971b0 .param/l "g" 0 5 25, +C4<01001>;
L_000001e44219e720 .functor BUFZ 32, L_000001e4422c6b20, C4<00000000000000000000000000000000>, C4<00000000000000000000000000000000>, C4<00000000000000000000000000000000>;
v000001e4422afe00_0 .net *"_ivl_2", 31 0, L_000001e44219e720;  1 drivers
S_000001e4422b0560 .scope module, "u_mult" "mult_Q" 5 31, 6 4 0, S_000001e4422b1690;
 .timescale -9 -12;
    .port_info 0 /INPUT 32 "a";
    .port_info 1 /INPUT 32 "b";
    .port_info 2 /OUTPUT 32 "y";
P_000001e44212e310 .param/l "FBITS" 0 6 6, +C4<00000000000000000000000000011000>;
P_000001e44212e348 .param/l "WIDTH" 0 6 5, +C4<00000000000000000000000000100000>;
v000001e4422aeaa0_0 .net/s *"_ivl_0", 63 0, L_000001e4422c7f20;  1 drivers
v000001e4422aeb40_0 .net/s *"_ivl_2", 63 0, L_000001e4422c6940;  1 drivers
v000001e4422af540_0 .net/s "a", 31 0, L_000001e4422c6bc0;  1 drivers
v000001e4422afae0_0 .net/s "b", 31 0, L_000001e4422c7de0;  1 drivers
v000001e4422af680_0 .net/s "raw_y", 63 0, L_000001e4422c69e0;  1 drivers
v000001e4422aedc0_0 .net/s "y", 31 0, L_000001e4422c6b20;  alias, 1 drivers
L_000001e4422c7f20 .extend/s 64, L_000001e4422c6bc0;
L_000001e4422c6940 .extend/s 64, L_000001e4422c7de0;
L_000001e4422c69e0 .arith/mult 64, L_000001e4422c7f20, L_000001e4422c6940;
L_000001e4422c6b20 .part L_000001e4422c69e0, 24, 32;
S_000001e4422b1820 .scope generate, "mult_all[10]" "mult_all[10]" 5 25, 5 25 0, S_000001e4422ad670;
 .timescale -9 -12;
P_000001e442197f70 .param/l "g" 0 5 25, +C4<01010>;
L_000001e44219ee20 .functor BUFZ 32, L_000001e4422c72a0, C4<00000000000000000000000000000000>, C4<00000000000000000000000000000000>, C4<00000000000000000000000000000000>;
v000001e4422b74d0_0 .net *"_ivl_2", 31 0, L_000001e44219ee20;  1 drivers
S_000001e4422b06f0 .scope module, "u_mult" "mult_Q" 5 31, 6 4 0, S_000001e4422b1820;
 .timescale -9 -12;
    .port_info 0 /INPUT 32 "a";
    .port_info 1 /INPUT 32 "b";
    .port_info 2 /OUTPUT 32 "y";
P_000001e44212e190 .param/l "FBITS" 0 6 6, +C4<00000000000000000000000000011000>;
P_000001e44212e1c8 .param/l "WIDTH" 0 6 5, +C4<00000000000000000000000000100000>;
v000001e4422afea0_0 .net/s *"_ivl_0", 63 0, L_000001e4422c7160;  1 drivers
v000001e4422b65d0_0 .net/s *"_ivl_2", 63 0, L_000001e4422c7520;  1 drivers
v000001e4422b6990_0 .net/s "a", 31 0, L_000001e4422c75c0;  1 drivers
v000001e4422b68f0_0 .net/s "b", 31 0, L_000001e4422cbb70;  1 drivers
v000001e4422b7e30_0 .net/s "raw_y", 63 0, L_000001e4422c7200;  1 drivers
v000001e4422b7b10_0 .net/s "y", 31 0, L_000001e4422c72a0;  alias, 1 drivers
L_000001e4422c7160 .extend/s 64, L_000001e4422c75c0;
L_000001e4422c7520 .extend/s 64, L_000001e4422cbb70;
L_000001e4422c7200 .arith/mult 64, L_000001e4422c7160, L_000001e4422c7520;
L_000001e4422c72a0 .part L_000001e4422c7200, 24, 32;
S_000001e4422b0a10 .scope generate, "mult_all[11]" "mult_all[11]" 5 25, 5 25 0, S_000001e4422ad670;
 .timescale -9 -12;
P_000001e442197cf0 .param/l "g" 0 5 25, +C4<01011>;
L_000001e44219ee90 .functor BUFZ 32, L_000001e4422cc610, C4<00000000000000000000000000000000>, C4<00000000000000000000000000000000>, C4<00000000000000000000000000000000>;
v000001e4422b6670_0 .net *"_ivl_2", 31 0, L_000001e44219ee90;  1 drivers
S_000001e4422b1b40 .scope module, "u_mult" "mult_Q" 5 31, 6 4 0, S_000001e4422b0a10;
 .timescale -9 -12;
    .port_info 0 /INPUT 32 "a";
    .port_info 1 /INPUT 32 "b";
    .port_info 2 /OUTPUT 32 "y";
P_000001e44212e210 .param/l "FBITS" 0 6 6, +C4<00000000000000000000000000011000>;
P_000001e44212e248 .param/l "WIDTH" 0 6 5, +C4<00000000000000000000000000100000>;
v000001e4422b6490_0 .net/s *"_ivl_0", 63 0, L_000001e4422cb210;  1 drivers
v000001e4422b6a30_0 .net/s *"_ivl_2", 63 0, L_000001e4422cc430;  1 drivers
v000001e4422b7d90_0 .net/s "a", 31 0, L_000001e4422cc6b0;  1 drivers
v000001e4422b7bb0_0 .net/s "b", 31 0, L_000001e4422cb8f0;  1 drivers
v000001e4422b6df0_0 .net/s "raw_y", 63 0, L_000001e4422cc750;  1 drivers
v000001e4422b6710_0 .net/s "y", 31 0, L_000001e4422cc610;  alias, 1 drivers
L_000001e4422cb210 .extend/s 64, L_000001e4422cc6b0;
L_000001e4422cc430 .extend/s 64, L_000001e4422cb8f0;
L_000001e4422cc750 .arith/mult 64, L_000001e4422cb210, L_000001e4422cc430;
L_000001e4422cc610 .part L_000001e4422cc750, 24, 32;
S_000001e4422b0ba0 .scope generate, "mult_all[12]" "mult_all[12]" 5 25, 5 25 0, S_000001e4422ad670;
 .timescale -9 -12;
P_000001e4421971f0 .param/l "g" 0 5 25, +C4<01100>;
L_000001e44219ef00 .functor BUFZ 32, L_000001e4422cb490, C4<00000000000000000000000000000000>, C4<00000000000000000000000000000000>, C4<00000000000000000000000000000000>;
v000001e4422b6170_0 .net *"_ivl_2", 31 0, L_000001e44219ef00;  1 drivers
S_000001e4422b1cd0 .scope module, "u_mult" "mult_Q" 5 31, 6 4 0, S_000001e4422b0ba0;
 .timescale -9 -12;
    .port_info 0 /INPUT 32 "a";
    .port_info 1 /INPUT 32 "b";
    .port_info 2 /OUTPUT 32 "y";
P_000001e44212cf10 .param/l "FBITS" 0 6 6, +C4<00000000000000000000000000011000>;
P_000001e44212cf48 .param/l "WIDTH" 0 6 5, +C4<00000000000000000000000000100000>;
v000001e4422b79d0_0 .net/s *"_ivl_0", 63 0, L_000001e4422cc7f0;  1 drivers
v000001e4422b60d0_0 .net/s *"_ivl_2", 63 0, L_000001e4422cb170;  1 drivers
v000001e4422b7ed0_0 .net/s "a", 31 0, L_000001e4422cb990;  1 drivers
v000001e4422b6ad0_0 .net/s "b", 31 0, L_000001e4422cb530;  1 drivers
v000001e4422b71b0_0 .net/s "raw_y", 63 0, L_000001e4422cb7b0;  1 drivers
v000001e4422b7070_0 .net/s "y", 31 0, L_000001e4422cb490;  alias, 1 drivers
L_000001e4422cc7f0 .extend/s 64, L_000001e4422cb990;
L_000001e4422cb170 .extend/s 64, L_000001e4422cb530;
L_000001e4422cb7b0 .arith/mult 64, L_000001e4422cc7f0, L_000001e4422cb170;
L_000001e4422cb490 .part L_000001e4422cb7b0, 24, 32;
S_000001e4422b1e60 .scope generate, "mult_all[13]" "mult_all[13]" 5 25, 5 25 0, S_000001e4422ad670;
 .timescale -9 -12;
P_000001e442197af0 .param/l "g" 0 5 25, +C4<01101>;
L_000001e44219f050 .functor BUFZ 32, L_000001e4422cb3f0, C4<00000000000000000000000000000000>, C4<00000000000000000000000000000000>, C4<00000000000000000000000000000000>;
v000001e4422b76b0_0 .net *"_ivl_2", 31 0, L_000001e44219f050;  1 drivers
S_000001e4422b00b0 .scope module, "u_mult" "mult_Q" 5 31, 6 4 0, S_000001e4422b1e60;
 .timescale -9 -12;
    .port_info 0 /INPUT 32 "a";
    .port_info 1 /INPUT 32 "b";
    .port_info 2 /OUTPUT 32 "y";
P_000001e44212df10 .param/l "FBITS" 0 6 6, +C4<00000000000000000000000000011000>;
P_000001e44212df48 .param/l "WIDTH" 0 6 5, +C4<00000000000000000000000000100000>;
v000001e4422b6b70_0 .net/s *"_ivl_0", 63 0, L_000001e4422cb2b0;  1 drivers
v000001e4422b7250_0 .net/s *"_ivl_2", 63 0, L_000001e4422cb350;  1 drivers
v000001e4422b7f70_0 .net/s "a", 31 0, L_000001e4422cc4d0;  1 drivers
v000001e4422b7c50_0 .net/s "b", 31 0, L_000001e4422cb5d0;  1 drivers
v000001e4422b62b0_0 .net/s "raw_y", 63 0, L_000001e4422cbcb0;  1 drivers
v000001e4422b7610_0 .net/s "y", 31 0, L_000001e4422cb3f0;  alias, 1 drivers
L_000001e4422cb2b0 .extend/s 64, L_000001e4422cc4d0;
L_000001e4422cb350 .extend/s 64, L_000001e4422cb5d0;
L_000001e4422cbcb0 .arith/mult 64, L_000001e4422cb2b0, L_000001e4422cb350;
L_000001e4422cb3f0 .part L_000001e4422cbcb0, 24, 32;
S_000001e4422b0240 .scope generate, "mult_all[14]" "mult_all[14]" 5 25, 5 25 0, S_000001e4422ad670;
 .timescale -9 -12;
P_000001e442197d30 .param/l "g" 0 5 25, +C4<01110>;
L_000001e4422d1400 .functor BUFZ 32, L_000001e4422cbc10, C4<00000000000000000000000000000000>, C4<00000000000000000000000000000000>, C4<00000000000000000000000000000000>;
v000001e4422b67b0_0 .net *"_ivl_2", 31 0, L_000001e4422d1400;  1 drivers
S_000001e4422b0d30 .scope module, "u_mult" "mult_Q" 5 31, 6 4 0, S_000001e4422b0240;
 .timescale -9 -12;
    .port_info 0 /INPUT 32 "a";
    .port_info 1 /INPUT 32 "b";
    .port_info 2 /OUTPUT 32 "y";
P_000001e44212d090 .param/l "FBITS" 0 6 6, +C4<00000000000000000000000000011000>;
P_000001e44212d0c8 .param/l "WIDTH" 0 6 5, +C4<00000000000000000000000000100000>;
v000001e4422b7110_0 .net/s *"_ivl_0", 63 0, L_000001e4422cb850;  1 drivers
v000001e4422b6530_0 .net/s *"_ivl_2", 63 0, L_000001e4422cbd50;  1 drivers
v000001e4422b6f30_0 .net/s "a", 31 0, L_000001e4422cc570;  1 drivers
v000001e4422b6850_0 .net/s "b", 31 0, L_000001e4422cbad0;  1 drivers
v000001e4422b6350_0 .net/s "raw_y", 63 0, L_000001e4422cbfd0;  1 drivers
v000001e4422b72f0_0 .net/s "y", 31 0, L_000001e4422cbc10;  alias, 1 drivers
L_000001e4422cb850 .extend/s 64, L_000001e4422cc570;
L_000001e4422cbd50 .extend/s 64, L_000001e4422cbad0;
L_000001e4422cbfd0 .arith/mult 64, L_000001e4422cb850, L_000001e4422cbd50;
L_000001e4422cbc10 .part L_000001e4422cbfd0, 24, 32;
S_000001e4422b1050 .scope generate, "mult_all[15]" "mult_all[15]" 5 25, 5 25 0, S_000001e4422ad670;
 .timescale -9 -12;
P_000001e442197670 .param/l "g" 0 5 25, +C4<01111>;
L_000001e4422d0b40 .functor BUFZ 32, L_000001e4422cb670, C4<00000000000000000000000000000000>, C4<00000000000000000000000000000000>, C4<00000000000000000000000000000000>;
v000001e4422b7430_0 .net *"_ivl_2", 31 0, L_000001e4422d0b40;  1 drivers
S_000001e4422b9850 .scope module, "u_mult" "mult_Q" 5 31, 6 4 0, S_000001e4422b1050;
 .timescale -9 -12;
    .port_info 0 /INPUT 32 "a";
    .port_info 1 /INPUT 32 "b";
    .port_info 2 /OUTPUT 32 "y";
P_000001e44212dd10 .param/l "FBITS" 0 6 6, +C4<00000000000000000000000000011000>;
P_000001e44212dd48 .param/l "WIDTH" 0 6 5, +C4<00000000000000000000000000100000>;
v000001e4422b6c10_0 .net/s *"_ivl_0", 63 0, L_000001e4422cc110;  1 drivers
v000001e4422b6e90_0 .net/s *"_ivl_2", 63 0, L_000001e4422cbdf0;  1 drivers
v000001e4422b6210_0 .net/s "a", 31 0, L_000001e4422cbe90;  1 drivers
v000001e4422b6cb0_0 .net/s "b", 31 0, L_000001e4422cc1b0;  1 drivers
v000001e4422b7390_0 .net/s "raw_y", 63 0, L_000001e4422cba30;  1 drivers
v000001e4422b6d50_0 .net/s "y", 31 0, L_000001e4422cb670;  alias, 1 drivers
L_000001e4422cc110 .extend/s 64, L_000001e4422cbe90;
L_000001e4422cbdf0 .extend/s 64, L_000001e4422cc1b0;
L_000001e4422cba30 .arith/mult 64, L_000001e4422cc110, L_000001e4422cbdf0;
L_000001e4422cb670 .part L_000001e4422cba30, 24, 32;
S_000001e4422b8400 .scope generate, "mult_all[16]" "mult_all[16]" 5 25, 5 25 0, S_000001e4422ad670;
 .timescale -9 -12;
P_000001e442197eb0 .param/l "g" 0 5 25, +C4<010000>;
L_000001e4422d1710 .functor BUFZ 32, L_000001e4422cbf30, C4<00000000000000000000000000000000>, C4<00000000000000000000000000000000>, C4<00000000000000000000000000000000>;
v000001e4422b77f0_0 .net *"_ivl_2", 31 0, L_000001e4422d1710;  1 drivers
S_000001e4422b80e0 .scope module, "u_mult" "mult_Q" 5 31, 6 4 0, S_000001e4422b8400;
 .timescale -9 -12;
    .port_info 0 /INPUT 32 "a";
    .port_info 1 /INPUT 32 "b";
    .port_info 2 /OUTPUT 32 "y";
P_000001e44212db90 .param/l "FBITS" 0 6 6, +C4<00000000000000000000000000011000>;
P_000001e44212dbc8 .param/l "WIDTH" 0 6 5, +C4<00000000000000000000000000100000>;
v000001e4422b7890_0 .net/s *"_ivl_0", 63 0, L_000001e4422cc250;  1 drivers
v000001e4422b7cf0_0 .net/s *"_ivl_2", 63 0, L_000001e4422cc390;  1 drivers
v000001e4422b63f0_0 .net/s "a", 31 0, L_000001e4422cc070;  1 drivers
v000001e4422b6fd0_0 .net/s "b", 31 0, L_000001e4422cc2f0;  1 drivers
v000001e4422b7570_0 .net/s "raw_y", 63 0, L_000001e4422cb710;  1 drivers
v000001e4422b7750_0 .net/s "y", 31 0, L_000001e4422cbf30;  alias, 1 drivers
L_000001e4422cc250 .extend/s 64, L_000001e4422cc070;
L_000001e4422cc390 .extend/s 64, L_000001e4422cc2f0;
L_000001e4422cb710 .arith/mult 64, L_000001e4422cc250, L_000001e4422cc390;
L_000001e4422cbf30 .part L_000001e4422cb710, 24, 32;
S_000001e4422b8270 .scope generate, "mult_all[17]" "mult_all[17]" 5 25, 5 25 0, S_000001e4422ad670;
 .timescale -9 -12;
P_000001e442197770 .param/l "g" 0 5 25, +C4<010001>;
L_000001e4422d0980 .functor BUFZ 32, L_000001e4422c9e10, C4<00000000000000000000000000000000>, C4<00000000000000000000000000000000>, C4<00000000000000000000000000000000>;
v000001e4422bba90_0 .net *"_ivl_2", 31 0, L_000001e4422d0980;  1 drivers
S_000001e4422b8ef0 .scope module, "u_mult" "mult_Q" 5 31, 6 4 0, S_000001e4422b8270;
 .timescale -9 -12;
    .port_info 0 /INPUT 32 "a";
    .port_info 1 /INPUT 32 "b";
    .port_info 2 /OUTPUT 32 "y";
P_000001e44212cf90 .param/l "FBITS" 0 6 6, +C4<00000000000000000000000000011000>;
P_000001e44212cfc8 .param/l "WIDTH" 0 6 5, +C4<00000000000000000000000000100000>;
v000001e4422b7930_0 .net/s *"_ivl_0", 63 0, L_000001e4422ca6d0;  1 drivers
v000001e4422b7a70_0 .net/s *"_ivl_2", 63 0, L_000001e4422cabd0;  1 drivers
v000001e4422bb270_0 .net/s "a", 31 0, L_000001e4422ca3b0;  1 drivers
v000001e4422ba5f0_0 .net/s "b", 31 0, L_000001e4422c9c30;  1 drivers
v000001e4422bb310_0 .net/s "raw_y", 63 0, L_000001e4422c9a50;  1 drivers
v000001e4422bb6d0_0 .net/s "y", 31 0, L_000001e4422c9e10;  alias, 1 drivers
L_000001e4422ca6d0 .extend/s 64, L_000001e4422ca3b0;
L_000001e4422cabd0 .extend/s 64, L_000001e4422c9c30;
L_000001e4422c9a50 .arith/mult 64, L_000001e4422ca6d0, L_000001e4422cabd0;
L_000001e4422c9e10 .part L_000001e4422c9a50, 24, 32;
S_000001e4422b8590 .scope generate, "mult_all[18]" "mult_all[18]" 5 25, 5 25 0, S_000001e4422ad670;
 .timescale -9 -12;
P_000001e442197530 .param/l "g" 0 5 25, +C4<010010>;
L_000001e4422d15c0 .functor BUFZ 32, L_000001e4422c8d30, C4<00000000000000000000000000000000>, C4<00000000000000000000000000000000>, C4<00000000000000000000000000000000>;
v000001e4422bb8b0_0 .net *"_ivl_2", 31 0, L_000001e4422d15c0;  1 drivers
S_000001e4422b8720 .scope module, "u_mult" "mult_Q" 5 31, 6 4 0, S_000001e4422b8590;
 .timescale -9 -12;
    .port_info 0 /INPUT 32 "a";
    .port_info 1 /INPUT 32 "b";
    .port_info 2 /OUTPUT 32 "y";
P_000001e44212e490 .param/l "FBITS" 0 6 6, +C4<00000000000000000000000000011000>;
P_000001e44212e4c8 .param/l "WIDTH" 0 6 5, +C4<00000000000000000000000000100000>;
v000001e4422bbdb0_0 .net/s *"_ivl_0", 63 0, L_000001e4422c9050;  1 drivers
v000001e4422bbe50_0 .net/s *"_ivl_2", 63 0, L_000001e4422c94b0;  1 drivers
v000001e4422bbbd0_0 .net/s "a", 31 0, L_000001e4422c9550;  1 drivers
v000001e4422bbef0_0 .net/s "b", 31 0, L_000001e4422c8dd0;  1 drivers
v000001e4422bb810_0 .net/s "raw_y", 63 0, L_000001e4422c9230;  1 drivers
v000001e4422ba0f0_0 .net/s "y", 31 0, L_000001e4422c8d30;  alias, 1 drivers
L_000001e4422c9050 .extend/s 64, L_000001e4422c9550;
L_000001e4422c94b0 .extend/s 64, L_000001e4422c8dd0;
L_000001e4422c9230 .arith/mult 64, L_000001e4422c9050, L_000001e4422c94b0;
L_000001e4422c8d30 .part L_000001e4422c9230, 24, 32;
S_000001e4422b9210 .scope generate, "mult_all[19]" "mult_all[19]" 5 25, 5 25 0, S_000001e4422ad670;
 .timescale -9 -12;
P_000001e4421977b0 .param/l "g" 0 5 25, +C4<010011>;
L_000001e4422d0ec0 .functor BUFZ 32, L_000001e4422ca8b0, C4<00000000000000000000000000000000>, C4<00000000000000000000000000000000>, C4<00000000000000000000000000000000>;
v000001e4422baff0_0 .net *"_ivl_2", 31 0, L_000001e4422d0ec0;  1 drivers
S_000001e4422b99e0 .scope module, "u_mult" "mult_Q" 5 31, 6 4 0, S_000001e4422b9210;
 .timescale -9 -12;
    .port_info 0 /INPUT 32 "a";
    .port_info 1 /INPUT 32 "b";
    .port_info 2 /OUTPUT 32 "y";
P_000001e44212d390 .param/l "FBITS" 0 6 6, +C4<00000000000000000000000000011000>;
P_000001e44212d3c8 .param/l "WIDTH" 0 6 5, +C4<00000000000000000000000000100000>;
v000001e4422bb9f0_0 .net/s *"_ivl_0", 63 0, L_000001e4422cac70;  1 drivers
v000001e4422ba4b0_0 .net/s *"_ivl_2", 63 0, L_000001e4422cadb0;  1 drivers
v000001e4422bb630_0 .net/s "a", 31 0, L_000001e4422ca450;  1 drivers
v000001e4422bbf90_0 .net/s "b", 31 0, L_000001e4422cb030;  1 drivers
v000001e4422ba190_0 .net/s "raw_y", 63 0, L_000001e4422c9870;  1 drivers
v000001e4422bb950_0 .net/s "y", 31 0, L_000001e4422ca8b0;  alias, 1 drivers
L_000001e4422cac70 .extend/s 64, L_000001e4422ca450;
L_000001e4422cadb0 .extend/s 64, L_000001e4422cb030;
L_000001e4422c9870 .arith/mult 64, L_000001e4422cac70, L_000001e4422cadb0;
L_000001e4422ca8b0 .part L_000001e4422c9870, 24, 32;
S_000001e4422b9530 .scope generate, "mult_all[20]" "mult_all[20]" 5 25, 5 25 0, S_000001e4422ad670;
 .timescale -9 -12;
P_000001e442197830 .param/l "g" 0 5 25, +C4<010100>;
L_000001e4422d0de0 .functor BUFZ 32, L_000001e4422c9730, C4<00000000000000000000000000000000>, C4<00000000000000000000000000000000>, C4<00000000000000000000000000000000>;
v000001e4422ba2d0_0 .net *"_ivl_2", 31 0, L_000001e4422d0de0;  1 drivers
S_000001e4422b9e90 .scope module, "u_mult" "mult_Q" 5 31, 6 4 0, S_000001e4422b9530;
 .timescale -9 -12;
    .port_info 0 /INPUT 32 "a";
    .port_info 1 /INPUT 32 "b";
    .port_info 2 /OUTPUT 32 "y";
P_000001e44212d010 .param/l "FBITS" 0 6 6, +C4<00000000000000000000000000011000>;
P_000001e44212d048 .param/l "WIDTH" 0 6 5, +C4<00000000000000000000000000100000>;
v000001e4422bb1d0_0 .net/s *"_ivl_0", 63 0, L_000001e4422cad10;  1 drivers
v000001e4422bbb30_0 .net/s *"_ivl_2", 63 0, L_000001e4422ca770;  1 drivers
v000001e4422bb130_0 .net/s "a", 31 0, L_000001e4422c8ab0;  1 drivers
v000001e4422bbd10_0 .net/s "b", 31 0, L_000001e4422ca310;  1 drivers
v000001e4422bab90_0 .net/s "raw_y", 63 0, L_000001e4422c9cd0;  1 drivers
v000001e4422baeb0_0 .net/s "y", 31 0, L_000001e4422c9730;  alias, 1 drivers
L_000001e4422cad10 .extend/s 64, L_000001e4422c8ab0;
L_000001e4422ca770 .extend/s 64, L_000001e4422ca310;
L_000001e4422c9cd0 .arith/mult 64, L_000001e4422cad10, L_000001e4422ca770;
L_000001e4422c9730 .part L_000001e4422c9cd0, 24, 32;
S_000001e4422b9080 .scope generate, "mult_all[21]" "mult_all[21]" 5 25, 5 25 0, S_000001e4422ad670;
 .timescale -9 -12;
P_000001e4421981b0 .param/l "g" 0 5 25, +C4<010101>;
L_000001e4422d0e50 .functor BUFZ 32, L_000001e4422cae50, C4<00000000000000000000000000000000>, C4<00000000000000000000000000000000>, C4<00000000000000000000000000000000>;
v000001e4422ba870_0 .net *"_ivl_2", 31 0, L_000001e4422d0e50;  1 drivers
S_000001e4422b9b70 .scope module, "u_mult" "mult_Q" 5 31, 6 4 0, S_000001e4422b9080;
 .timescale -9 -12;
    .port_info 0 /INPUT 32 "a";
    .port_info 1 /INPUT 32 "b";
    .port_info 2 /OUTPUT 32 "y";
P_000001e44212d590 .param/l "FBITS" 0 6 6, +C4<00000000000000000000000000011000>;
P_000001e44212d5c8 .param/l "WIDTH" 0 6 5, +C4<00000000000000000000000000100000>;
v000001e4422ba230_0 .net/s *"_ivl_0", 63 0, L_000001e4422c92d0;  1 drivers
v000001e4422ba370_0 .net/s *"_ivl_2", 63 0, L_000001e4422ca4f0;  1 drivers
v000001e4422bb3b0_0 .net/s "a", 31 0, L_000001e4422ca130;  1 drivers
v000001e4422ba550_0 .net/s "b", 31 0, L_000001e4422caef0;  1 drivers
v000001e4422bac30_0 .net/s "raw_y", 63 0, L_000001e4422ca630;  1 drivers
v000001e4422ba410_0 .net/s "y", 31 0, L_000001e4422cae50;  alias, 1 drivers
L_000001e4422c92d0 .extend/s 64, L_000001e4422ca130;
L_000001e4422ca4f0 .extend/s 64, L_000001e4422caef0;
L_000001e4422ca630 .arith/mult 64, L_000001e4422c92d0, L_000001e4422ca4f0;
L_000001e4422cae50 .part L_000001e4422ca630, 24, 32;
S_000001e4422b88b0 .scope generate, "mult_all[22]" "mult_all[22]" 5 25, 5 25 0, S_000001e4422ad670;
 .timescale -9 -12;
P_000001e4421986b0 .param/l "g" 0 5 25, +C4<010110>;
L_000001e4422d1550 .functor BUFZ 32, L_000001e4422cb0d0, C4<00000000000000000000000000000000>, C4<00000000000000000000000000000000>, C4<00000000000000000000000000000000>;
v000001e4422bacd0_0 .net *"_ivl_2", 31 0, L_000001e4422d1550;  1 drivers
S_000001e4422b8a40 .scope module, "u_mult" "mult_Q" 5 31, 6 4 0, S_000001e4422b88b0;
 .timescale -9 -12;
    .port_info 0 /INPUT 32 "a";
    .port_info 1 /INPUT 32 "b";
    .port_info 2 /OUTPUT 32 "y";
P_000001e44212e590 .param/l "FBITS" 0 6 6, +C4<00000000000000000000000000011000>;
P_000001e44212e5c8 .param/l "WIDTH" 0 6 5, +C4<00000000000000000000000000100000>;
v000001e4422bb450_0 .net/s *"_ivl_0", 63 0, L_000001e4422c8a10;  1 drivers
v000001e4422ba7d0_0 .net/s *"_ivl_2", 63 0, L_000001e4422c8b50;  1 drivers
v000001e4422ba690_0 .net/s "a", 31 0, L_000001e4422ca810;  1 drivers
v000001e4422ba910_0 .net/s "b", 31 0, L_000001e4422c8e70;  1 drivers
v000001e4422ba730_0 .net/s "raw_y", 63 0, L_000001e4422caf90;  1 drivers
v000001e4422ba9b0_0 .net/s "y", 31 0, L_000001e4422cb0d0;  alias, 1 drivers
L_000001e4422c8a10 .extend/s 64, L_000001e4422ca810;
L_000001e4422c8b50 .extend/s 64, L_000001e4422c8e70;
L_000001e4422caf90 .arith/mult 64, L_000001e4422c8a10, L_000001e4422c8b50;
L_000001e4422cb0d0 .part L_000001e4422caf90, 24, 32;
S_000001e4422b8bd0 .scope generate, "mult_all[23]" "mult_all[23]" 5 25, 5 25 0, S_000001e4422ad670;
 .timescale -9 -12;
P_000001e442199070 .param/l "g" 0 5 25, +C4<010111>;
L_000001e4422d11d0 .functor BUFZ 32, L_000001e4422c9370, C4<00000000000000000000000000000000>, C4<00000000000000000000000000000000>, C4<00000000000000000000000000000000>;
v000001e4422baf50_0 .net *"_ivl_2", 31 0, L_000001e4422d11d0;  1 drivers
S_000001e4422b9d00 .scope module, "u_mult" "mult_Q" 5 31, 6 4 0, S_000001e4422b8bd0;
 .timescale -9 -12;
    .port_info 0 /INPUT 32 "a";
    .port_info 1 /INPUT 32 "b";
    .port_info 2 /OUTPUT 32 "y";
P_000001e44212d410 .param/l "FBITS" 0 6 6, +C4<00000000000000000000000000011000>;
P_000001e44212d448 .param/l "WIDTH" 0 6 5, +C4<00000000000000000000000000100000>;
v000001e4422bb090_0 .net/s *"_ivl_0", 63 0, L_000001e4422c9690;  1 drivers
v000001e4422bbc70_0 .net/s *"_ivl_2", 63 0, L_000001e4422c9f50;  1 drivers
v000001e4422bae10_0 .net/s "a", 31 0, L_000001e4422c8bf0;  1 drivers
v000001e4422baa50_0 .net/s "b", 31 0, L_000001e4422c8fb0;  1 drivers
v000001e4422bad70_0 .net/s "raw_y", 63 0, L_000001e4422c8970;  1 drivers
v000001e4422baaf0_0 .net/s "y", 31 0, L_000001e4422c9370;  alias, 1 drivers
L_000001e4422c9690 .extend/s 64, L_000001e4422c8bf0;
L_000001e4422c9f50 .extend/s 64, L_000001e4422c8fb0;
L_000001e4422c8970 .arith/mult 64, L_000001e4422c9690, L_000001e4422c9f50;
L_000001e4422c9370 .part L_000001e4422c8970, 24, 32;
S_000001e4422b8d60 .scope generate, "mult_all[24]" "mult_all[24]" 5 25, 5 25 0, S_000001e4422ad670;
 .timescale -9 -12;
P_000001e442198ff0 .param/l "g" 0 5 25, +C4<011000>;
L_000001e4422d10f0 .functor BUFZ 32, L_000001e4422c8f10, C4<00000000000000000000000000000000>, C4<00000000000000000000000000000000>, C4<00000000000000000000000000000000>;
v000001e4422bdf10_0 .net *"_ivl_2", 31 0, L_000001e4422d10f0;  1 drivers
S_000001e4422b96c0 .scope module, "u_mult" "mult_Q" 5 31, 6 4 0, S_000001e4422b8d60;
 .timescale -9 -12;
    .port_info 0 /INPUT 32 "a";
    .port_info 1 /INPUT 32 "b";
    .port_info 2 /OUTPUT 32 "y";
P_000001e44212e410 .param/l "FBITS" 0 6 6, +C4<00000000000000000000000000011000>;
P_000001e44212e448 .param/l "WIDTH" 0 6 5, +C4<00000000000000000000000000100000>;
v000001e4422bb4f0_0 .net/s *"_ivl_0", 63 0, L_000001e4422c95f0;  1 drivers
v000001e4422bb590_0 .net/s *"_ivl_2", 63 0, L_000001e4422c97d0;  1 drivers
v000001e4422bb770_0 .net/s "a", 31 0, L_000001e4422cab30;  1 drivers
v000001e4422be370_0 .net/s "b", 31 0, L_000001e4422ca590;  1 drivers
v000001e4422bc6b0_0 .net/s "raw_y", 63 0, L_000001e4422ca950;  1 drivers
v000001e4422be410_0 .net/s "y", 31 0, L_000001e4422c8f10;  alias, 1 drivers
L_000001e4422c95f0 .extend/s 64, L_000001e4422cab30;
L_000001e4422c97d0 .extend/s 64, L_000001e4422ca590;
L_000001e4422ca950 .arith/mult 64, L_000001e4422c95f0, L_000001e4422c97d0;
L_000001e4422c8f10 .part L_000001e4422ca950, 24, 32;
S_000001e4422b93a0 .scope generate, "mult_all[25]" "mult_all[25]" 5 25, 5 25 0, S_000001e4422ad670;
 .timescale -9 -12;
P_000001e442198470 .param/l "g" 0 5 25, +C4<011001>;
L_000001e4422d1780 .functor BUFZ 32, L_000001e4422caa90, C4<00000000000000000000000000000000>, C4<00000000000000000000000000000000>, C4<00000000000000000000000000000000>;
v000001e4422bd330_0 .net *"_ivl_2", 31 0, L_000001e4422d1780;  1 drivers
S_000001e4422c05c0 .scope module, "u_mult" "mult_Q" 5 31, 6 4 0, S_000001e4422b93a0;
 .timescale -9 -12;
    .port_info 0 /INPUT 32 "a";
    .port_info 1 /INPUT 32 "b";
    .port_info 2 /OUTPUT 32 "y";
P_000001e44212d610 .param/l "FBITS" 0 6 6, +C4<00000000000000000000000000011000>;
P_000001e44212d648 .param/l "WIDTH" 0 6 5, +C4<00000000000000000000000000100000>;
v000001e4422be2d0_0 .net/s *"_ivl_0", 63 0, L_000001e4422ca9f0;  1 drivers
v000001e4422bd8d0_0 .net/s *"_ivl_2", 63 0, L_000001e4422c8c90;  1 drivers
v000001e4422bdfb0_0 .net/s "a", 31 0, L_000001e4422c90f0;  1 drivers
v000001e4422bc1b0_0 .net/s "b", 31 0, L_000001e4422c9910;  1 drivers
v000001e4422bc570_0 .net/s "raw_y", 63 0, L_000001e4422c9410;  1 drivers
v000001e4422bd790_0 .net/s "y", 31 0, L_000001e4422caa90;  alias, 1 drivers
L_000001e4422ca9f0 .extend/s 64, L_000001e4422c90f0;
L_000001e4422c8c90 .extend/s 64, L_000001e4422c9910;
L_000001e4422c9410 .arith/mult 64, L_000001e4422ca9f0, L_000001e4422c8c90;
L_000001e4422caa90 .part L_000001e4422c9410, 24, 32;
S_000001e4422c1880 .scope generate, "mult_all[26]" "mult_all[26]" 5 25, 5 25 0, S_000001e4422ad670;
 .timescale -9 -12;
P_000001e442198eb0 .param/l "g" 0 5 25, +C4<011010>;
L_000001e4422d1160 .functor BUFZ 32, L_000001e4422c9b90, C4<00000000000000000000000000000000>, C4<00000000000000000000000000000000>, C4<00000000000000000000000000000000>;
v000001e4422bc250_0 .net *"_ivl_2", 31 0, L_000001e4422d1160;  1 drivers
S_000001e4422c1a10 .scope module, "u_mult" "mult_Q" 5 31, 6 4 0, S_000001e4422c1880;
 .timescale -9 -12;
    .port_info 0 /INPUT 32 "a";
    .port_info 1 /INPUT 32 "b";
    .port_info 2 /OUTPUT 32 "y";
P_000001e44212e610 .param/l "FBITS" 0 6 6, +C4<00000000000000000000000000011000>;
P_000001e44212e648 .param/l "WIDTH" 0 6 5, +C4<00000000000000000000000000100000>;
v000001e4422bdd30_0 .net/s *"_ivl_0", 63 0, L_000001e4422c99b0;  1 drivers
v000001e4422bd970_0 .net/s *"_ivl_2", 63 0, L_000001e4422c9190;  1 drivers
v000001e4422be230_0 .net/s "a", 31 0, L_000001e4422c9d70;  1 drivers
v000001e4422bdb50_0 .net/s "b", 31 0, L_000001e4422c9eb0;  1 drivers
v000001e4422bcbb0_0 .net/s "raw_y", 63 0, L_000001e4422c9af0;  1 drivers
v000001e4422bd830_0 .net/s "y", 31 0, L_000001e4422c9b90;  alias, 1 drivers
L_000001e4422c99b0 .extend/s 64, L_000001e4422c9d70;
L_000001e4422c9190 .extend/s 64, L_000001e4422c9eb0;
L_000001e4422c9af0 .arith/mult 64, L_000001e4422c99b0, L_000001e4422c9190;
L_000001e4422c9b90 .part L_000001e4422c9af0, 24, 32;
S_000001e4422c1d30 .scope generate, "mult_all[27]" "mult_all[27]" 5 25, 5 25 0, S_000001e4422ad670;
 .timescale -9 -12;
P_000001e442198b70 .param/l "g" 0 5 25, +C4<011011>;
L_000001e4422d0f30 .functor BUFZ 32, L_000001e4422ca270, C4<00000000000000000000000000000000>, C4<00000000000000000000000000000000>, C4<00000000000000000000000000000000>;
v000001e4422bcd90_0 .net *"_ivl_2", 31 0, L_000001e4422d0f30;  1 drivers
S_000001e4422c0d90 .scope module, "u_mult" "mult_Q" 5 31, 6 4 0, S_000001e4422c1d30;
 .timescale -9 -12;
    .port_info 0 /INPUT 32 "a";
    .port_info 1 /INPUT 32 "b";
    .port_info 2 /OUTPUT 32 "y";
P_000001e44212d790 .param/l "FBITS" 0 6 6, +C4<00000000000000000000000000011000>;
P_000001e44212d7c8 .param/l "WIDTH" 0 6 5, +C4<00000000000000000000000000100000>;
v000001e4422bc2f0_0 .net/s *"_ivl_0", 63 0, L_000001e4422c9ff0;  1 drivers
v000001e4422bc750_0 .net/s *"_ivl_2", 63 0, L_000001e4422ca090;  1 drivers
v000001e4422bd0b0_0 .net/s "a", 31 0, L_000001e4422d2b20;  1 drivers
v000001e4422be870_0 .net/s "b", 31 0, L_000001e4422d2800;  1 drivers
v000001e4422bc390_0 .net/s "raw_y", 63 0, L_000001e4422ca1d0;  1 drivers
v000001e4422bc4d0_0 .net/s "y", 31 0, L_000001e4422ca270;  alias, 1 drivers
L_000001e4422c9ff0 .extend/s 64, L_000001e4422d2b20;
L_000001e4422ca090 .extend/s 64, L_000001e4422d2800;
L_000001e4422ca1d0 .arith/mult 64, L_000001e4422c9ff0, L_000001e4422ca090;
L_000001e4422ca270 .part L_000001e4422ca1d0, 24, 32;
S_000001e4422c1ec0 .scope generate, "mult_all[28]" "mult_all[28]" 5 25, 5 25 0, S_000001e4422ad670;
 .timescale -9 -12;
P_000001e4421985f0 .param/l "g" 0 5 25, +C4<011100>;
L_000001e4422d09f0 .functor BUFZ 32, L_000001e4422d29e0, C4<00000000000000000000000000000000>, C4<00000000000000000000000000000000>, C4<00000000000000000000000000000000>;
v000001e4422bc930_0 .net *"_ivl_2", 31 0, L_000001e4422d09f0;  1 drivers
S_000001e4422c1ba0 .scope module, "u_mult" "mult_Q" 5 31, 6 4 0, S_000001e4422c1ec0;
 .timescale -9 -12;
    .port_info 0 /INPUT 32 "a";
    .port_info 1 /INPUT 32 "b";
    .port_info 2 /OUTPUT 32 "y";
P_000001e44212e690 .param/l "FBITS" 0 6 6, +C4<00000000000000000000000000011000>;
P_000001e44212e6c8 .param/l "WIDTH" 0 6 5, +C4<00000000000000000000000000100000>;
v000001e4422be7d0_0 .net/s *"_ivl_0", 63 0, L_000001e4422d2e40;  1 drivers
v000001e4422bd010_0 .net/s *"_ivl_2", 63 0, L_000001e4422d3480;  1 drivers
v000001e4422bc110_0 .net/s "a", 31 0, L_000001e4422d3e80;  1 drivers
v000001e4422bccf0_0 .net/s "b", 31 0, L_000001e4422d4100;  1 drivers
v000001e4422bd470_0 .net/s "raw_y", 63 0, L_000001e4422d3f20;  1 drivers
v000001e4422bde70_0 .net/s "y", 31 0, L_000001e4422d29e0;  alias, 1 drivers
L_000001e4422d2e40 .extend/s 64, L_000001e4422d3e80;
L_000001e4422d3480 .extend/s 64, L_000001e4422d4100;
L_000001e4422d3f20 .arith/mult 64, L_000001e4422d2e40, L_000001e4422d3480;
L_000001e4422d29e0 .part L_000001e4422d3f20, 24, 32;
S_000001e4422c0110 .scope generate, "mult_all[29]" "mult_all[29]" 5 25, 5 25 0, S_000001e4422ad670;
 .timescale -9 -12;
P_000001e4421988f0 .param/l "g" 0 5 25, +C4<011101>;
L_000001e4422d0d70 .functor BUFZ 32, L_000001e4422d2c60, C4<00000000000000000000000000000000>, C4<00000000000000000000000000000000>, C4<00000000000000000000000000000000>;
v000001e4422bc890_0 .net *"_ivl_2", 31 0, L_000001e4422d0d70;  1 drivers
S_000001e4422c0c00 .scope module, "u_mult" "mult_Q" 5 31, 6 4 0, S_000001e4422c0110;
 .timescale -9 -12;
    .port_info 0 /INPUT 32 "a";
    .port_info 1 /INPUT 32 "b";
    .port_info 2 /OUTPUT 32 "y";
P_000001e44212e010 .param/l "FBITS" 0 6 6, +C4<00000000000000000000000000011000>;
P_000001e44212e048 .param/l "WIDTH" 0 6 5, +C4<00000000000000000000000000100000>;
v000001e4422bce30_0 .net/s *"_ivl_0", 63 0, L_000001e4422d1d60;  1 drivers
v000001e4422be550_0 .net/s *"_ivl_2", 63 0, L_000001e4422d2bc0;  1 drivers
v000001e4422bc430_0 .net/s "a", 31 0, L_000001e4422d3de0;  1 drivers
v000001e4422bc610_0 .net/s "b", 31 0, L_000001e4422d3d40;  1 drivers
v000001e4422bc7f0_0 .net/s "raw_y", 63 0, L_000001e4422d2a80;  1 drivers
v000001e4422bced0_0 .net/s "y", 31 0, L_000001e4422d2c60;  alias, 1 drivers
L_000001e4422d1d60 .extend/s 64, L_000001e4422d3de0;
L_000001e4422d2bc0 .extend/s 64, L_000001e4422d3d40;
L_000001e4422d2a80 .arith/mult 64, L_000001e4422d1d60, L_000001e4422d2bc0;
L_000001e4422d2c60 .part L_000001e4422d2a80, 24, 32;
S_000001e4422c0f20 .scope generate, "mult_all[30]" "mult_all[30]" 5 25, 5 25 0, S_000001e4422ad670;
 .timescale -9 -12;
P_000001e4421987b0 .param/l "g" 0 5 25, +C4<011110>;
L_000001e4422d0fa0 .functor BUFZ 32, L_000001e4422d3660, C4<00000000000000000000000000000000>, C4<00000000000000000000000000000000>, C4<00000000000000000000000000000000>;
v000001e4422bddd0_0 .net *"_ivl_2", 31 0, L_000001e4422d0fa0;  1 drivers
S_000001e4422c1240 .scope module, "u_mult" "mult_Q" 5 31, 6 4 0, S_000001e4422c0f20;
 .timescale -9 -12;
    .port_info 0 /INPUT 32 "a";
    .port_info 1 /INPUT 32 "b";
    .port_info 2 /OUTPUT 32 "y";
P_000001e4422c3fa0 .param/l "FBITS" 0 6 6, +C4<00000000000000000000000000011000>;
P_000001e4422c3fd8 .param/l "WIDTH" 0 6 5, +C4<00000000000000000000000000100000>;
v000001e4422bdbf0_0 .net/s *"_ivl_0", 63 0, L_000001e4422d2440;  1 drivers
v000001e4422be050_0 .net/s *"_ivl_2", 63 0, L_000001e4422d2d00;  1 drivers
v000001e4422bcf70_0 .net/s "a", 31 0, L_000001e4422d1f40;  1 drivers
v000001e4422bd150_0 .net/s "b", 31 0, L_000001e4422d3c00;  1 drivers
v000001e4422bda10_0 .net/s "raw_y", 63 0, L_000001e4422d2f80;  1 drivers
v000001e4422bc9d0_0 .net/s "y", 31 0, L_000001e4422d3660;  alias, 1 drivers
L_000001e4422d2440 .extend/s 64, L_000001e4422d1f40;
L_000001e4422d2d00 .extend/s 64, L_000001e4422d3c00;
L_000001e4422d2f80 .arith/mult 64, L_000001e4422d2440, L_000001e4422d2d00;
L_000001e4422d3660 .part L_000001e4422d2f80, 24, 32;
S_000001e4422c02a0 .scope module, "u_prelu_Q" "prelu_Q" 3 49, 7 4 0, S_000001e4422ad4e0;
 .timescale -9 -12;
    .port_info 0 /INPUT 32 "x";
    .port_info 1 /INPUT 32 "a";
    .port_info 2 /OUTPUT 32 "y";
P_000001e4422c3820 .param/l "FBITS" 0 7 6, +C4<00000000000000000000000000011000>;
P_000001e4422c3858 .param/l "WIDTH" 0 7 5, +C4<00000000000000000000000000100000>;
v000001e4422bd1f0_0 .net/s *"_ivl_2", 63 0, L_000001e4422d21c0;  1 drivers
v000001e4422bcc50_0 .net/s *"_ivl_4", 63 0, L_000001e4422d1c20;  1 drivers
v000001e4422be190_0 .net *"_ivl_9", 31 0, L_000001e4422d26c0;  1 drivers
v000001e4422be730_0 .net/s "a", 31 0, v000001e4422beb90_0;  alias, 1 drivers
v000001e4422be5f0_0 .net/s "product", 63 0, L_000001e4422d3ac0;  1 drivers
v000001e4422bca70_0 .net "sign", 0 0, L_000001e4422d3fc0;  1 drivers
v000001e4422be690_0 .net/s "x", 31 0, L_000001e4422d2940;  alias, 1 drivers
v000001e4422bcb10_0 .net/s "y", 31 0, L_000001e4422d1cc0;  alias, 1 drivers
L_000001e4422d3fc0 .part L_000001e4422d2940, 31, 1;
L_000001e4422d21c0 .extend/s 64, L_000001e4422d2940;
L_000001e4422d1c20 .extend/s 64, v000001e4422beb90_0;
L_000001e4422d3ac0 .arith/mult 64, L_000001e4422d21c0, L_000001e4422d1c20;
L_000001e4422d26c0 .part L_000001e4422d3ac0, 24, 32;
L_000001e4422d1cc0 .functor MUXZ 32, L_000001e4422d2940, L_000001e4422d26c0, L_000001e4422d3fc0, C4<>;
    .scope S_000001e4422ad800;
T_1 ;
    %wait E_000001e442196af0;
    %pushi/vec4 0, 0, 32;
    %store/vec4 v000001e4422aabc0_0, 0, 32;
    %pushi/vec4 0, 0, 32;
    %store/vec4 v000001e4422abac0_0, 0, 32;
T_1.0 ;
    %load/vec4 v000001e4422abac0_0;
    %cmpi/s 31, 0, 32;
    %jmp/0xz T_1.1, 5;
    %load/vec4 v000001e4422aabc0_0;
    %load/vec4 v000001e4422abd40_0;
    %load/vec4 v000001e4422abac0_0;
    %muli 32, 0, 32;
    %part/s 32;
    %add;
    %store/vec4 v000001e4422aabc0_0, 0, 32;
    %load/vec4 v000001e4422abac0_0;
    %addi 1, 0, 32;
    %store/vec4 v000001e4422abac0_0, 0, 32;
    %jmp T_1.0;
T_1.1 ;
    %load/vec4 v000001e4422aabc0_0;
    %store/vec4 v000001e4422aad00_0, 0, 32;
    %jmp T_1;
    .thread T_1, $push;
    .scope S_000001e4421b6c70;
T_2 ;
    %wait E_000001e4421993f0;
    %pushi/vec4 0, 0, 32;
    %store/vec4 v000001e4422bf270_0, 0, 32;
T_2.0 ;
    %load/vec4 v000001e4422bf270_0;
    %cmpi/s 31, 0, 32;
    %jmp/0xz T_2.1, 5;
    %ix/getv/s 4, v000001e4422bf270_0;
    %load/vec4a v000001e4422bf3b0, 4;
    %load/vec4 v000001e4422bf270_0;
    %muli 32, 0, 32;
    %ix/vec4/s 4;
    %store/vec4 v000001e4422bf770_0, 4, 32;
    %ix/getv/s 4, v000001e4422bf270_0;
    %load/vec4a v000001e4422bf630, 4;
    %load/vec4 v000001e4422bf270_0;
    %muli 32, 0, 32;
    %ix/vec4/s 4;
    %store/vec4 v000001e4422bf4f0_0, 4, 32;
    %load/vec4 v000001e4422bf270_0;
    %addi 1, 0, 32;
    %store/vec4 v000001e4422bf270_0, 0, 32;
    %jmp T_2.0;
T_2.1 ;
    %jmp T_2;
    .thread T_2, $push;
    .scope S_000001e4421b6c70;
T_3 ;
    %vpi_call 2 43 "$dumpfile", "pe_tb.vcd" {0 0 0};
    %vpi_call 2 44 "$dumpvars", 32'sb00000000000000000000000000000000, S_000001e4421b6c70 {0 0 0};
    %vpi_call 2 47 "$display", "\012==========================================================================" {0 0 0};
    %vpi_call 2 48 "$display", "   TEST CASE: FULL UTILIZATION (31 REGISTERS ACTIVE)" {0 0 0};
    %vpi_call 2 49 "$display", "==========================================================================" {0 0 0};
    %vpi_call 2 50 "$display", " Time |   Status   |   Bias   |   Alpha  |   Total X  |   Output Y  " {0 0 0};
    %vpi_call 2 51 "$display", "--------------------------------------------------------------------------" {0 0 0};
    %pushi/vec4 8388608, 0, 32;
    %store/vec4 v000001e4422beb90_0, 0, 32;
    %pushi/vec4 0, 0, 32;
    %store/vec4 v000001e4422bf270_0, 0, 32;
T_3.0 ;
    %load/vec4 v000001e4422bf270_0;
    %cmpi/s 31, 0, 32;
    %jmp/0xz T_3.1, 5;
    %load/vec4 v000001e4422bf270_0;
    %store/vec4 v000001e4421a0260_0, 0, 32;
    %pushi/real 1717986918, 4063; load=0.200000
    %pushi/real 1677722, 4041; load=0.200000
    %add/wr;
    %store/real v000001e44219fcc0_0;
    %pushi/real 1073741824, 4065; load=0.500000
    %store/real v000001e44219fa40_0;
    %fork TD_pe_tb.set_val, S_000001e4421b1290;
    %join;
    %load/vec4 v000001e4422bf270_0;
    %addi 1, 0, 32;
    %store/vec4 v000001e4422bf270_0, 0, 32;
    %jmp T_3.0;
T_3.1 ;
    %pushi/vec4 15099494, 0, 32;
    %store/vec4 v000001e4422be910_0, 0, 32;
    %delay 20000, 0;
    %vpi_func/r 2 65 "$itor", v000001e4422be910_0 {0 0 0};
    %pushi/vec4 16777216, 0, 32;
    %cvt/rv/s;
    %div/wr;
    %vpi_func/r 2 65 "$itor", v000001e4422beb90_0 {0 0 0};
    %pushi/vec4 16777216, 0, 32;
    %cvt/rv/s;
    %div/wr;
    %pushi/real 1073741824, 4068; load=4.00000
    %vpi_func/r 2 66 "$itor", v000001e4422bee10_0 {0 0 0};
    %pushi/vec4 16777216, 0, 32;
    %cvt/rv/s;
    %div/wr;
    %vpi_call 2 64 "$display", "%4tns | POSITIF  | %8.4f | %8.4f | %10.4f | %10.4f", $time, W<3,r>, W<2,r>, W<1,r>, W<0,r> {0 4 0};
    %pushi/vec4 0, 0, 32;
    %store/vec4 v000001e4422bf270_0, 0, 32;
T_3.2 ;
    %load/vec4 v000001e4422bf270_0;
    %cmpi/s 31, 0, 32;
    %jmp/0xz T_3.3, 5;
    %load/vec4 v000001e4422bf270_0;
    %store/vec4 v000001e4421a0260_0, 0, 32;
    %pushi/real 1073741824, 4066; load=1.00000
    %store/real v000001e44219fcc0_0;
    %pushi/real 1717986918, 20446; load=-0.100000
    %pushi/real 1677722, 20424; load=-0.100000
    %add/wr;
    %store/real v000001e44219fa40_0;
    %fork TD_pe_tb.set_val, S_000001e4421b1290;
    %join;
    %load/vec4 v000001e4422bf270_0;
    %addi 1, 0, 32;
    %store/vec4 v000001e4422bf270_0, 0, 32;
    %jmp T_3.2;
T_3.3 ;
    %pushi/vec4 1677722, 0, 32;
    %store/vec4 v000001e4422be910_0, 0, 32;
    %delay 20000, 0;
    %vpi_func/r 2 78 "$itor", v000001e4422be910_0 {0 0 0};
    %pushi/vec4 16777216, 0, 32;
    %cvt/rv/s;
    %div/wr;
    %vpi_func/r 2 78 "$itor", v000001e4422beb90_0 {0 0 0};
    %pushi/vec4 16777216, 0, 32;
    %cvt/rv/s;
    %div/wr;
    %pushi/real 1610612736, 20451; load=-3.00000
    %vpi_func/r 2 79 "$itor", v000001e4422bee10_0 {0 0 0};
    %pushi/vec4 16777216, 0, 32;
    %cvt/rv/s;
    %div/wr;
    %vpi_call 2 77 "$display", "%4tns | NEGATIF  | %8.4f | %8.4f | %10.4f | %10.4f", $time, W<3,r>, W<2,r>, W<1,r>, W<0,r> {0 4 0};
    %vpi_call 2 81 "$display", "==========================================================================\012" {0 0 0};
    %vpi_call 2 82 "$finish" {0 0 0};
    %end;
    .thread T_3;
# The file index is used to find the file name in the following table.
:file_names 8;
    "N/A";
    "<interactive>";
    "pe_tb.v";
    "./pe.v";
    "./elmnt_add_all.v";
    "./elmnt_wise_mult.v";
    "./mult_Q.v";
    "./prelu_Q.v";
