#! /c/Source/iverilog-install/bin/vvp
:ivl_version "12.0 (devel)" "(s20150603-1539-g2693dd32b)";
:ivl_delay_selection "TYPICAL";
:vpi_time_precision + 0;
:vpi_module "C:\iverilog\lib\ivl\system.vpi";
:vpi_module "C:\iverilog\lib\ivl\vhdl_sys.vpi";
:vpi_module "C:\iverilog\lib\ivl\vhdl_textio.vpi";
:vpi_module "C:\iverilog\lib\ivl\v2005_math.vpi";
:vpi_module "C:\iverilog\lib\ivl\va_math.vpi";
S_000002275cb50e00 .scope module, "reg_file_input" "reg_file_input" 2 1;
 .timescale 0 0;
    .port_info 0 /INPUT 1 "clk";
    .port_info 1 /INPUT 1 "rst";
    .port_info 2 /INPUT 1 "en";
    .port_info 3 /INPUT 32 "in_1";
    .port_info 4 /INPUT 32 "in_2";
    .port_info 5 /OUTPUT 992 "all_outputs";
P_000002275cb44da0 .param/l "N_REG" 0 2 3, +C4<00000000000000000000000000011111>;
P_000002275cb44dd8 .param/l "WIDTH" 0 2 2, +C4<00000000000000000000000000100000>;
v000002275cbc4e90_0 .net/s "all_outputs", 991 0, L_000002275cbc5390;  1 drivers
o000002275cb6ade8 .functor BUFZ 1, C4<z>; HiZ drive
v000002275cbc57f0_0 .net "clk", 0 0, o000002275cb6ade8;  0 drivers
o000002275cb6ae18 .functor BUFZ 1, C4<z>; HiZ drive
v000002275cbc5930_0 .net "en", 0 0, o000002275cb6ae18;  0 drivers
v000002275cbc3db0_0 .var/i "i", 31 0;
o000002275cb6ae78 .functor BUFZ 32, C4<zzzzzzzzzzzzzzzzzzzzzzzzzzzzzzzz>; HiZ drive
v000002275cbc47b0_0 .net/s "in_1", 31 0, o000002275cb6ae78;  0 drivers
o000002275cb6aea8 .functor BUFZ 32, C4<zzzzzzzzzzzzzzzzzzzzzzzzzzzzzzzz>; HiZ drive
v000002275cbc4a30_0 .net/s "in_2", 31 0, o000002275cb6aea8;  0 drivers
v000002275cbc5110 .array/s "reg_f", 0 30, 31 0;
o000002275cb6b4a8 .functor BUFZ 1, C4<z>; HiZ drive
v000002275cbc4c10_0 .net "rst", 0 0, o000002275cb6b4a8;  0 drivers
E_000002275cb68280 .event posedge, v000002275cbc57f0_0;
v000002275cbc5110_0 .array/port v000002275cbc5110, 0;
v000002275cbc5110_1 .array/port v000002275cbc5110, 1;
v000002275cbc5110_2 .array/port v000002275cbc5110, 2;
v000002275cbc5110_3 .array/port v000002275cbc5110, 3;
LS_000002275cbc5390_0_0 .concat8 [ 32 32 32 32], v000002275cbc5110_0, v000002275cbc5110_1, v000002275cbc5110_2, v000002275cbc5110_3;
v000002275cbc5110_4 .array/port v000002275cbc5110, 4;
v000002275cbc5110_5 .array/port v000002275cbc5110, 5;
v000002275cbc5110_6 .array/port v000002275cbc5110, 6;
v000002275cbc5110_7 .array/port v000002275cbc5110, 7;
LS_000002275cbc5390_0_4 .concat8 [ 32 32 32 32], v000002275cbc5110_4, v000002275cbc5110_5, v000002275cbc5110_6, v000002275cbc5110_7;
v000002275cbc5110_8 .array/port v000002275cbc5110, 8;
v000002275cbc5110_9 .array/port v000002275cbc5110, 9;
v000002275cbc5110_10 .array/port v000002275cbc5110, 10;
v000002275cbc5110_11 .array/port v000002275cbc5110, 11;
LS_000002275cbc5390_0_8 .concat8 [ 32 32 32 32], v000002275cbc5110_8, v000002275cbc5110_9, v000002275cbc5110_10, v000002275cbc5110_11;
v000002275cbc5110_12 .array/port v000002275cbc5110, 12;
v000002275cbc5110_13 .array/port v000002275cbc5110, 13;
v000002275cbc5110_14 .array/port v000002275cbc5110, 14;
v000002275cbc5110_15 .array/port v000002275cbc5110, 15;
LS_000002275cbc5390_0_12 .concat8 [ 32 32 32 32], v000002275cbc5110_12, v000002275cbc5110_13, v000002275cbc5110_14, v000002275cbc5110_15;
v000002275cbc5110_16 .array/port v000002275cbc5110, 16;
v000002275cbc5110_17 .array/port v000002275cbc5110, 17;
v000002275cbc5110_18 .array/port v000002275cbc5110, 18;
v000002275cbc5110_19 .array/port v000002275cbc5110, 19;
LS_000002275cbc5390_0_16 .concat8 [ 32 32 32 32], v000002275cbc5110_16, v000002275cbc5110_17, v000002275cbc5110_18, v000002275cbc5110_19;
v000002275cbc5110_20 .array/port v000002275cbc5110, 20;
v000002275cbc5110_21 .array/port v000002275cbc5110, 21;
v000002275cbc5110_22 .array/port v000002275cbc5110, 22;
v000002275cbc5110_23 .array/port v000002275cbc5110, 23;
LS_000002275cbc5390_0_20 .concat8 [ 32 32 32 32], v000002275cbc5110_20, v000002275cbc5110_21, v000002275cbc5110_22, v000002275cbc5110_23;
v000002275cbc5110_24 .array/port v000002275cbc5110, 24;
v000002275cbc5110_25 .array/port v000002275cbc5110, 25;
v000002275cbc5110_26 .array/port v000002275cbc5110, 26;
v000002275cbc5110_27 .array/port v000002275cbc5110, 27;
LS_000002275cbc5390_0_24 .concat8 [ 32 32 32 32], v000002275cbc5110_24, v000002275cbc5110_25, v000002275cbc5110_26, v000002275cbc5110_27;
v000002275cbc5110_28 .array/port v000002275cbc5110, 28;
v000002275cbc5110_29 .array/port v000002275cbc5110, 29;
v000002275cbc5110_30 .array/port v000002275cbc5110, 30;
LS_000002275cbc5390_0_28 .concat8 [ 32 32 32 0], v000002275cbc5110_28, v000002275cbc5110_29, v000002275cbc5110_30;
LS_000002275cbc5390_1_0 .concat8 [ 128 128 128 128], LS_000002275cbc5390_0_0, LS_000002275cbc5390_0_4, LS_000002275cbc5390_0_8, LS_000002275cbc5390_0_12;
LS_000002275cbc5390_1_4 .concat8 [ 128 128 128 96], LS_000002275cbc5390_0_16, LS_000002275cbc5390_0_20, LS_000002275cbc5390_0_24, LS_000002275cbc5390_0_28;
L_000002275cbc5390 .concat8 [ 512 480 0 0], LS_000002275cbc5390_1_0, LS_000002275cbc5390_1_4;
S_000002275cb4f700 .scope generate, "output_map[0]" "output_map[0]" 2 27, 2 27 0, S_000002275cb50e00;
 .timescale 0 0;
P_000002275cb677c0 .param/l "g" 0 2 27, +C4<00>;
v000002275cb535e0_0 .net *"_ivl_2", 31 0, v000002275cbc5110_0;  1 drivers
S_000002275cb4f420 .scope generate, "output_map[1]" "output_map[1]" 2 27, 2 27 0, S_000002275cb50e00;
 .timescale 0 0;
P_000002275cb67c00 .param/l "g" 0 2 27, +C4<01>;
v000002275cb52fa0_0 .net *"_ivl_2", 31 0, v000002275cbc5110_1;  1 drivers
S_000002275cb4ec30 .scope generate, "output_map[2]" "output_map[2]" 2 27, 2 27 0, S_000002275cb50e00;
 .timescale 0 0;
P_000002275cb67f40 .param/l "g" 0 2 27, +C4<010>;
v000002275cb53540_0 .net *"_ivl_2", 31 0, v000002275cbc5110_2;  1 drivers
S_000002275cb54360 .scope generate, "output_map[3]" "output_map[3]" 2 27, 2 27 0, S_000002275cb50e00;
 .timescale 0 0;
P_000002275cb68180 .param/l "g" 0 2 27, +C4<011>;
v000002275cb53680_0 .net *"_ivl_2", 31 0, v000002275cbc5110_3;  1 drivers
S_000002275cc565c0 .scope generate, "output_map[4]" "output_map[4]" 2 27, 2 27 0, S_000002275cb50e00;
 .timescale 0 0;
P_000002275cb68200 .param/l "g" 0 2 27, +C4<0100>;
v000002275cb53e00_0 .net *"_ivl_2", 31 0, v000002275cbc5110_4;  1 drivers
S_000002275cc56750 .scope generate, "output_map[5]" "output_map[5]" 2 27, 2 27 0, S_000002275cb50e00;
 .timescale 0 0;
P_000002275cb67a80 .param/l "g" 0 2 27, +C4<0101>;
v000002275cb530e0_0 .net *"_ivl_2", 31 0, v000002275cbc5110_5;  1 drivers
S_000002275cb69cf0 .scope generate, "output_map[6]" "output_map[6]" 2 27, 2 27 0, S_000002275cb50e00;
 .timescale 0 0;
P_000002275cb67880 .param/l "g" 0 2 27, +C4<0110>;
v000002275cb53040_0 .net *"_ivl_2", 31 0, v000002275cbc5110_6;  1 drivers
S_000002275cb69e80 .scope generate, "output_map[7]" "output_map[7]" 2 27, 2 27 0, S_000002275cb50e00;
 .timescale 0 0;
P_000002275cb678c0 .param/l "g" 0 2 27, +C4<0111>;
v000002275cb53220_0 .net *"_ivl_2", 31 0, v000002275cbc5110_7;  1 drivers
S_000002275cb6a010 .scope generate, "output_map[8]" "output_map[8]" 2 27, 2 27 0, S_000002275cb50e00;
 .timescale 0 0;
P_000002275cb67b40 .param/l "g" 0 2 27, +C4<01000>;
v000002275cb53b80_0 .net *"_ivl_2", 31 0, v000002275cbc5110_8;  1 drivers
S_000002275cb6a1a0 .scope generate, "output_map[9]" "output_map[9]" 2 27, 2 27 0, S_000002275cb50e00;
 .timescale 0 0;
P_000002275cb67740 .param/l "g" 0 2 27, +C4<01001>;
v000002275cb53cc0_0 .net *"_ivl_2", 31 0, v000002275cbc5110_9;  1 drivers
S_000002275cbc08b0 .scope generate, "output_map[10]" "output_map[10]" 2 27, 2 27 0, S_000002275cb50e00;
 .timescale 0 0;
P_000002275cb67900 .param/l "g" 0 2 27, +C4<01010>;
v000002275cb53180_0 .net *"_ivl_2", 31 0, v000002275cbc5110_10;  1 drivers
S_000002275cbc1a50 .scope generate, "output_map[11]" "output_map[11]" 2 27, 2 27 0, S_000002275cb50e00;
 .timescale 0 0;
P_000002275cb676c0 .param/l "g" 0 2 27, +C4<01011>;
v000002275cb537c0_0 .net *"_ivl_2", 31 0, v000002275cbc5110_11;  1 drivers
S_000002275cbc1be0 .scope generate, "output_map[12]" "output_map[12]" 2 27, 2 27 0, S_000002275cb50e00;
 .timescale 0 0;
P_000002275cb683c0 .param/l "g" 0 2 27, +C4<01100>;
v000002275cb53720_0 .net *"_ivl_2", 31 0, v000002275cbc5110_12;  1 drivers
S_000002275cbc1d70 .scope generate, "output_map[13]" "output_map[13]" 2 27, 2 27 0, S_000002275cb50e00;
 .timescale 0 0;
P_000002275cb68300 .param/l "g" 0 2 27, +C4<01101>;
v000002275cb53860_0 .net *"_ivl_2", 31 0, v000002275cbc5110_13;  1 drivers
S_000002275cbc1f00 .scope generate, "output_map[14]" "output_map[14]" 2 27, 2 27 0, S_000002275cb50e00;
 .timescale 0 0;
P_000002275cb67ac0 .param/l "g" 0 2 27, +C4<01110>;
v000002275cb53a40_0 .net *"_ivl_2", 31 0, v000002275cbc5110_14;  1 drivers
S_000002275cbc2090 .scope generate, "output_map[15]" "output_map[15]" 2 27, 2 27 0, S_000002275cb50e00;
 .timescale 0 0;
P_000002275cb68340 .param/l "g" 0 2 27, +C4<01111>;
v000002275cb53900_0 .net *"_ivl_2", 31 0, v000002275cbc5110_15;  1 drivers
S_000002275cbc28b0 .scope generate, "output_map[16]" "output_map[16]" 2 27, 2 27 0, S_000002275cb50e00;
 .timescale 0 0;
P_000002275cb67800 .param/l "g" 0 2 27, +C4<010000>;
v000002275cb53ea0_0 .net *"_ivl_2", 31 0, v000002275cbc5110_16;  1 drivers
S_000002275cbc2590 .scope generate, "output_map[17]" "output_map[17]" 2 27, 2 27 0, S_000002275cb50e00;
 .timescale 0 0;
P_000002275cb681c0 .param/l "g" 0 2 27, +C4<010001>;
v000002275cb53c20_0 .net *"_ivl_2", 31 0, v000002275cbc5110_17;  1 drivers
S_000002275cbc2d60 .scope generate, "output_map[18]" "output_map[18]" 2 27, 2 27 0, S_000002275cb50e00;
 .timescale 0 0;
P_000002275cb68240 .param/l "g" 0 2 27, +C4<010010>;
v000002275cb534a0_0 .net *"_ivl_2", 31 0, v000002275cbc5110_18;  1 drivers
S_000002275cbc2a40 .scope generate, "output_map[19]" "output_map[19]" 2 27, 2 27 0, S_000002275cb50e00;
 .timescale 0 0;
P_000002275cb67980 .param/l "g" 0 2 27, +C4<010011>;
v000002275cb53d60_0 .net *"_ivl_2", 31 0, v000002275cbc5110_19;  1 drivers
S_000002275cbc3080 .scope generate, "output_map[20]" "output_map[20]" 2 27, 2 27 0, S_000002275cb50e00;
 .timescale 0 0;
P_000002275cb67e40 .param/l "g" 0 2 27, +C4<010100>;
v000002275cb53360_0 .net *"_ivl_2", 31 0, v000002275cbc5110_20;  1 drivers
S_000002275cbc2400 .scope generate, "output_map[21]" "output_map[21]" 2 27, 2 27 0, S_000002275cb50e00;
 .timescale 0 0;
P_000002275cb67700 .param/l "g" 0 2 27, +C4<010101>;
v000002275cb539a0_0 .net *"_ivl_2", 31 0, v000002275cbc5110_21;  1 drivers
S_000002275cbc2720 .scope generate, "output_map[22]" "output_map[22]" 2 27, 2 27 0, S_000002275cb50e00;
 .timescale 0 0;
P_000002275cb68040 .param/l "g" 0 2 27, +C4<010110>;
v000002275cb53400_0 .net *"_ivl_2", 31 0, v000002275cbc5110_22;  1 drivers
S_000002275cbc2ef0 .scope generate, "output_map[23]" "output_map[23]" 2 27, 2 27 0, S_000002275cb50e00;
 .timescale 0 0;
P_000002275cb682c0 .param/l "g" 0 2 27, +C4<010111>;
v000002275cb53ae0_0 .net *"_ivl_2", 31 0, v000002275cbc5110_23;  1 drivers
S_000002275cbc2bd0 .scope generate, "output_map[24]" "output_map[24]" 2 27, 2 27 0, S_000002275cb50e00;
 .timescale 0 0;
P_000002275cb67d80 .param/l "g" 0 2 27, +C4<011000>;
v000002275cbc48f0_0 .net *"_ivl_2", 31 0, v000002275cbc5110_24;  1 drivers
S_000002275cbc2270 .scope generate, "output_map[25]" "output_map[25]" 2 27, 2 27 0, S_000002275cb50e00;
 .timescale 0 0;
P_000002275cb679c0 .param/l "g" 0 2 27, +C4<011001>;
v000002275cbc5750_0 .net *"_ivl_2", 31 0, v000002275cbc5110_25;  1 drivers
S_000002275cbc68b0 .scope generate, "output_map[26]" "output_map[26]" 2 27, 2 27 0, S_000002275cb50e00;
 .timescale 0 0;
P_000002275cb67b00 .param/l "g" 0 2 27, +C4<011010>;
v000002275cbc5430_0 .net *"_ivl_2", 31 0, v000002275cbc5110_26;  1 drivers
S_000002275cbc6590 .scope generate, "output_map[27]" "output_map[27]" 2 27, 2 27 0, S_000002275cb50e00;
 .timescale 0 0;
P_000002275cb67840 .param/l "g" 0 2 27, +C4<011011>;
v000002275cbc4990_0 .net *"_ivl_2", 31 0, v000002275cbc5110_27;  1 drivers
S_000002275cbc6720 .scope generate, "output_map[28]" "output_map[28]" 2 27, 2 27 0, S_000002275cb50e00;
 .timescale 0 0;
P_000002275cb68380 .param/l "g" 0 2 27, +C4<011100>;
v000002275cbc5890_0 .net *"_ivl_2", 31 0, v000002275cbc5110_28;  1 drivers
S_000002275cbc5f50 .scope generate, "output_map[29]" "output_map[29]" 2 27, 2 27 0, S_000002275cb50e00;
 .timescale 0 0;
P_000002275cb67e80 .param/l "g" 0 2 27, +C4<011101>;
v000002275cbc4210_0 .net *"_ivl_2", 31 0, v000002275cbc5110_29;  1 drivers
S_000002275cbc73a0 .scope generate, "output_map[30]" "output_map[30]" 2 27, 2 27 0, S_000002275cb50e00;
 .timescale 0 0;
P_000002275cb67940 .param/l "g" 0 2 27, +C4<011110>;
v000002275cbc3d10_0 .net *"_ivl_2", 31 0, v000002275cbc5110_30;  1 drivers
    .scope S_000002275cb50e00;
T_0 ;
    %wait E_000002275cb68280;
    %load/vec4 v000002275cbc4c10_0;
    %flag_set/vec4 8;
    %jmp/0xz  T_0.0, 8;
    %pushi/vec4 0, 0, 32;
    %store/vec4 v000002275cbc3db0_0, 0, 32;
T_0.2 ;
    %load/vec4 v000002275cbc3db0_0;
    %cmpi/s 31, 0, 32;
    %jmp/0xz T_0.3, 5;
    %pushi/vec4 0, 0, 32;
    %ix/getv/s 3, v000002275cbc3db0_0;
    %ix/load 4, 0, 0; Constant delay
    %assign/vec4/a/d v000002275cbc5110, 0, 4;
    %load/vec4 v000002275cbc3db0_0;
    %addi 1, 0, 32;
    %store/vec4 v000002275cbc3db0_0, 0, 32;
    %jmp T_0.2;
T_0.3 ;
    %jmp T_0.1;
T_0.0 ;
    %load/vec4 v000002275cbc5930_0;
    %flag_set/vec4 8;
    %jmp/0xz  T_0.4, 8;
    %pushi/vec4 0, 0, 32;
    %store/vec4 v000002275cbc3db0_0, 0, 32;
T_0.6 ;
    %load/vec4 v000002275cbc3db0_0;
    %cmpi/s 29, 0, 32;
    %jmp/0xz T_0.7, 5;
    %load/vec4 v000002275cbc3db0_0;
    %addi 2, 0, 32;
    %ix/vec4/s 4;
    %load/vec4a v000002275cbc5110, 4;
    %ix/getv/s 3, v000002275cbc3db0_0;
    %ix/load 4, 0, 0; Constant delay
    %assign/vec4/a/d v000002275cbc5110, 0, 4;
    %load/vec4 v000002275cbc3db0_0;
    %addi 1, 0, 32;
    %store/vec4 v000002275cbc3db0_0, 0, 32;
    %jmp T_0.6;
T_0.7 ;
    %load/vec4 v000002275cbc47b0_0;
    %ix/load 3, 29, 0;
    %flag_set/imm 4, 0;
    %ix/load 4, 0, 0; Constant delay
    %assign/vec4/a/d v000002275cbc5110, 0, 4;
    %load/vec4 v000002275cbc4a30_0;
    %ix/load 3, 30, 0;
    %flag_set/imm 4, 0;
    %ix/load 4, 0, 0; Constant delay
    %assign/vec4/a/d v000002275cbc5110, 0, 4;
T_0.4 ;
T_0.1 ;
    %jmp T_0;
    .thread T_0;
# The file index is used to find the file name in the following table.
:file_names 3;
    "N/A";
    "<interactive>";
    "reg_file_input.v";
