#! /c/Source/iverilog-install/bin/vvp
:ivl_version "12.0 (devel)" "(s20150603-1539-g2693dd32b)";
:ivl_delay_selection "TYPICAL";
:vpi_time_precision + 0;
:vpi_module "C:\iverilog\lib\ivl\system.vpi";
:vpi_module "C:\iverilog\lib\ivl\vhdl_sys.vpi";
:vpi_module "C:\iverilog\lib\ivl\vhdl_textio.vpi";
:vpi_module "C:\iverilog\lib\ivl\v2005_math.vpi";
:vpi_module "C:\iverilog\lib\ivl\va_math.vpi";
S_000001e388d60bc0 .scope module, "reg_file_weight" "reg_file_weight" 2 1;
 .timescale 0 0;
    .port_info 0 /INPUT 1 "clk";
    .port_info 1 /INPUT 1 "rst";
    .port_info 2 /INPUT 1 "en";
    .port_info 3 /INPUT 32 "w_1";
    .port_info 4 /INPUT 32 "w_2";
    .port_info 5 /OUTPUT 992 "all_weight";
P_000001e388d55070 .param/l "N_REG" 0 2 3, +C4<00000000000000000000000000011111>;
P_000001e388d550a8 .param/l "WIDTH" 0 2 2, +C4<00000000000000000000000000100000>;
v000001e388dce060_0 .net/s "all_weight", 991 0, L_000001e388dce380;  1 drivers
o000001e388d7b348 .functor BUFZ 1, C4<z>; HiZ drive
v000001e388dcc800_0 .net "clk", 0 0, o000001e388d7b348;  0 drivers
o000001e388d7b378 .functor BUFZ 1, C4<z>; HiZ drive
v000001e388dcdde0_0 .net "en", 0 0, o000001e388d7b378;  0 drivers
v000001e388dcdc00_0 .var/i "i", 31 0;
v000001e388dcc8a0 .array/s "reg_f", 0 30, 31 0;
o000001e388d7b9a8 .functor BUFZ 1, C4<z>; HiZ drive
v000001e388dcd5c0_0 .net "rst", 0 0, o000001e388d7b9a8;  0 drivers
o000001e388d7b9d8 .functor BUFZ 32, C4<zzzzzzzzzzzzzzzzzzzzzzzzzzzzzzzz>; HiZ drive
v000001e388dcdb60_0 .net/s "w_1", 31 0, o000001e388d7b9d8;  0 drivers
o000001e388d7ba08 .functor BUFZ 32, C4<zzzzzzzzzzzzzzzzzzzzzzzzzzzzzzzz>; HiZ drive
v000001e388dcd020_0 .net/s "w_2", 31 0, o000001e388d7ba08;  0 drivers
E_000001e388d77f60 .event posedge, v000001e388dcd5c0_0, v000001e388dcc800_0;
v000001e388dcc8a0_0 .array/port v000001e388dcc8a0, 0;
v000001e388dcc8a0_1 .array/port v000001e388dcc8a0, 1;
v000001e388dcc8a0_2 .array/port v000001e388dcc8a0, 2;
v000001e388dcc8a0_3 .array/port v000001e388dcc8a0, 3;
LS_000001e388dce380_0_0 .concat8 [ 32 32 32 32], v000001e388dcc8a0_0, v000001e388dcc8a0_1, v000001e388dcc8a0_2, v000001e388dcc8a0_3;
v000001e388dcc8a0_4 .array/port v000001e388dcc8a0, 4;
v000001e388dcc8a0_5 .array/port v000001e388dcc8a0, 5;
v000001e388dcc8a0_6 .array/port v000001e388dcc8a0, 6;
v000001e388dcc8a0_7 .array/port v000001e388dcc8a0, 7;
LS_000001e388dce380_0_4 .concat8 [ 32 32 32 32], v000001e388dcc8a0_4, v000001e388dcc8a0_5, v000001e388dcc8a0_6, v000001e388dcc8a0_7;
v000001e388dcc8a0_8 .array/port v000001e388dcc8a0, 8;
v000001e388dcc8a0_9 .array/port v000001e388dcc8a0, 9;
v000001e388dcc8a0_10 .array/port v000001e388dcc8a0, 10;
v000001e388dcc8a0_11 .array/port v000001e388dcc8a0, 11;
LS_000001e388dce380_0_8 .concat8 [ 32 32 32 32], v000001e388dcc8a0_8, v000001e388dcc8a0_9, v000001e388dcc8a0_10, v000001e388dcc8a0_11;
v000001e388dcc8a0_12 .array/port v000001e388dcc8a0, 12;
v000001e388dcc8a0_13 .array/port v000001e388dcc8a0, 13;
v000001e388dcc8a0_14 .array/port v000001e388dcc8a0, 14;
v000001e388dcc8a0_15 .array/port v000001e388dcc8a0, 15;
LS_000001e388dce380_0_12 .concat8 [ 32 32 32 32], v000001e388dcc8a0_12, v000001e388dcc8a0_13, v000001e388dcc8a0_14, v000001e388dcc8a0_15;
v000001e388dcc8a0_16 .array/port v000001e388dcc8a0, 16;
v000001e388dcc8a0_17 .array/port v000001e388dcc8a0, 17;
v000001e388dcc8a0_18 .array/port v000001e388dcc8a0, 18;
v000001e388dcc8a0_19 .array/port v000001e388dcc8a0, 19;
LS_000001e388dce380_0_16 .concat8 [ 32 32 32 32], v000001e388dcc8a0_16, v000001e388dcc8a0_17, v000001e388dcc8a0_18, v000001e388dcc8a0_19;
v000001e388dcc8a0_20 .array/port v000001e388dcc8a0, 20;
v000001e388dcc8a0_21 .array/port v000001e388dcc8a0, 21;
v000001e388dcc8a0_22 .array/port v000001e388dcc8a0, 22;
v000001e388dcc8a0_23 .array/port v000001e388dcc8a0, 23;
LS_000001e388dce380_0_20 .concat8 [ 32 32 32 32], v000001e388dcc8a0_20, v000001e388dcc8a0_21, v000001e388dcc8a0_22, v000001e388dcc8a0_23;
v000001e388dcc8a0_24 .array/port v000001e388dcc8a0, 24;
v000001e388dcc8a0_25 .array/port v000001e388dcc8a0, 25;
v000001e388dcc8a0_26 .array/port v000001e388dcc8a0, 26;
v000001e388dcc8a0_27 .array/port v000001e388dcc8a0, 27;
LS_000001e388dce380_0_24 .concat8 [ 32 32 32 32], v000001e388dcc8a0_24, v000001e388dcc8a0_25, v000001e388dcc8a0_26, v000001e388dcc8a0_27;
v000001e388dcc8a0_28 .array/port v000001e388dcc8a0, 28;
v000001e388dcc8a0_29 .array/port v000001e388dcc8a0, 29;
v000001e388dcc8a0_30 .array/port v000001e388dcc8a0, 30;
LS_000001e388dce380_0_28 .concat8 [ 32 32 32 0], v000001e388dcc8a0_28, v000001e388dcc8a0_29, v000001e388dcc8a0_30;
LS_000001e388dce380_1_0 .concat8 [ 128 128 128 128], LS_000001e388dce380_0_0, LS_000001e388dce380_0_4, LS_000001e388dce380_0_8, LS_000001e388dce380_0_12;
LS_000001e388dce380_1_4 .concat8 [ 128 128 128 96], LS_000001e388dce380_0_16, LS_000001e388dce380_0_20, LS_000001e388dce380_0_24, LS_000001e388dce380_0_28;
L_000001e388dce380 .concat8 [ 512 480 0 0], LS_000001e388dce380_1_0, LS_000001e388dce380_1_4;
S_000001e388d608e0 .scope generate, "output_map[0]" "output_map[0]" 2 27, 2 27 0, S_000001e388d60bc0;
 .timescale 0 0;
P_000001e388d78220 .param/l "g" 0 2 27, +C4<00>;
v000001e388d64840_0 .net *"_ivl_2", 31 0, v000001e388dcc8a0_0;  1 drivers
S_000001e388d600f0 .scope generate, "output_map[1]" "output_map[1]" 2 27, 2 27 0, S_000001e388d60bc0;
 .timescale 0 0;
P_000001e388d787e0 .param/l "g" 0 2 27, +C4<01>;
v000001e388d64160_0 .net *"_ivl_2", 31 0, v000001e388dcc8a0_1;  1 drivers
S_000001e388d625a0 .scope generate, "output_map[2]" "output_map[2]" 2 27, 2 27 0, S_000001e388d60bc0;
 .timescale 0 0;
P_000001e388d77c20 .param/l "g" 0 2 27, +C4<010>;
v000001e388d640c0_0 .net *"_ivl_2", 31 0, v000001e388dcc8a0_2;  1 drivers
S_000001e388d62730 .scope generate, "output_map[3]" "output_map[3]" 2 27, 2 27 0, S_000001e388d60bc0;
 .timescale 0 0;
P_000001e388d77e60 .param/l "g" 0 2 27, +C4<011>;
v000001e388d64a20_0 .net *"_ivl_2", 31 0, v000001e388dcc8a0_3;  1 drivers
S_000001e388d638e0 .scope generate, "output_map[4]" "output_map[4]" 2 27, 2 27 0, S_000001e388d60bc0;
 .timescale 0 0;
P_000001e388d77de0 .param/l "g" 0 2 27, +C4<0100>;
v000001e388d645c0_0 .net *"_ivl_2", 31 0, v000001e388dcc8a0_4;  1 drivers
S_000001e388d63a70 .scope generate, "output_map[5]" "output_map[5]" 2 27, 2 27 0, S_000001e388d60bc0;
 .timescale 0 0;
P_000001e388d77fa0 .param/l "g" 0 2 27, +C4<0101>;
v000001e388d63e40_0 .net *"_ivl_2", 31 0, v000001e388dcc8a0_5;  1 drivers
S_000001e388d7a250 .scope generate, "output_map[6]" "output_map[6]" 2 27, 2 27 0, S_000001e388d60bc0;
 .timescale 0 0;
P_000001e388d78460 .param/l "g" 0 2 27, +C4<0110>;
v000001e388d64980_0 .net *"_ivl_2", 31 0, v000001e388dcc8a0_6;  1 drivers
S_000001e388d7a3e0 .scope generate, "output_map[7]" "output_map[7]" 2 27, 2 27 0, S_000001e388d60bc0;
 .timescale 0 0;
P_000001e388d78260 .param/l "g" 0 2 27, +C4<0111>;
v000001e388d643e0_0 .net *"_ivl_2", 31 0, v000001e388dcc8a0_7;  1 drivers
S_000001e388d7a570 .scope generate, "output_map[8]" "output_map[8]" 2 27, 2 27 0, S_000001e388d60bc0;
 .timescale 0 0;
P_000001e388d780a0 .param/l "g" 0 2 27, +C4<01000>;
v000001e388d63c60_0 .net *"_ivl_2", 31 0, v000001e388dcc8a0_8;  1 drivers
S_000001e388d7a700 .scope generate, "output_map[9]" "output_map[9]" 2 27, 2 27 0, S_000001e388d60bc0;
 .timescale 0 0;
P_000001e388d782e0 .param/l "g" 0 2 27, +C4<01001>;
v000001e388d64200_0 .net *"_ivl_2", 31 0, v000001e388dcc8a0_9;  1 drivers
S_000001e388dc9e30 .scope generate, "output_map[10]" "output_map[10]" 2 27, 2 27 0, S_000001e388d60bc0;
 .timescale 0 0;
P_000001e388d780e0 .param/l "g" 0 2 27, +C4<01010>;
v000001e388d63ee0_0 .net *"_ivl_2", 31 0, v000001e388dcc8a0_10;  1 drivers
S_000001e388dcafd0 .scope generate, "output_map[11]" "output_map[11]" 2 27, 2 27 0, S_000001e388d60bc0;
 .timescale 0 0;
P_000001e388d781a0 .param/l "g" 0 2 27, +C4<01011>;
v000001e388d63d00_0 .net *"_ivl_2", 31 0, v000001e388dcc8a0_11;  1 drivers
S_000001e388dcb160 .scope generate, "output_map[12]" "output_map[12]" 2 27, 2 27 0, S_000001e388d60bc0;
 .timescale 0 0;
P_000001e388d77ca0 .param/l "g" 0 2 27, +C4<01100>;
v000001e388d642a0_0 .net *"_ivl_2", 31 0, v000001e388dcc8a0_12;  1 drivers
S_000001e388dcb2f0 .scope generate, "output_map[13]" "output_map[13]" 2 27, 2 27 0, S_000001e388d60bc0;
 .timescale 0 0;
P_000001e388d78360 .param/l "g" 0 2 27, +C4<01101>;
v000001e388d647a0_0 .net *"_ivl_2", 31 0, v000001e388dcc8a0_13;  1 drivers
S_000001e388dcb480 .scope generate, "output_map[14]" "output_map[14]" 2 27, 2 27 0, S_000001e388d60bc0;
 .timescale 0 0;
P_000001e388d78660 .param/l "g" 0 2 27, +C4<01110>;
v000001e388d64660_0 .net *"_ivl_2", 31 0, v000001e388dcc8a0_14;  1 drivers
S_000001e388dcb610 .scope generate, "output_map[15]" "output_map[15]" 2 27, 2 27 0, S_000001e388d60bc0;
 .timescale 0 0;
P_000001e388d785a0 .param/l "g" 0 2 27, +C4<01111>;
v000001e388d64480_0 .net *"_ivl_2", 31 0, v000001e388dcc8a0_15;  1 drivers
S_000001e388dcc600 .scope generate, "output_map[16]" "output_map[16]" 2 27, 2 27 0, S_000001e388d60bc0;
 .timescale 0 0;
P_000001e388d785e0 .param/l "g" 0 2 27, +C4<010000>;
v000001e388d64520_0 .net *"_ivl_2", 31 0, v000001e388dcc8a0_16;  1 drivers
S_000001e388dcbe30 .scope generate, "output_map[17]" "output_map[17]" 2 27, 2 27 0, S_000001e388d60bc0;
 .timescale 0 0;
P_000001e388d78120 .param/l "g" 0 2 27, +C4<010001>;
v000001e388d64700_0 .net *"_ivl_2", 31 0, v000001e388dcc8a0_17;  1 drivers
S_000001e388dcbca0 .scope generate, "output_map[18]" "output_map[18]" 2 27, 2 27 0, S_000001e388d60bc0;
 .timescale 0 0;
P_000001e388d77ea0 .param/l "g" 0 2 27, +C4<010010>;
v000001e388d64020_0 .net *"_ivl_2", 31 0, v000001e388dcc8a0_18;  1 drivers
S_000001e388dcc2e0 .scope generate, "output_map[19]" "output_map[19]" 2 27, 2 27 0, S_000001e388d60bc0;
 .timescale 0 0;
P_000001e388d77ce0 .param/l "g" 0 2 27, +C4<010011>;
v000001e388d648e0_0 .net *"_ivl_2", 31 0, v000001e388dcc8a0_19;  1 drivers
S_000001e388dcb7f0 .scope generate, "output_map[20]" "output_map[20]" 2 27, 2 27 0, S_000001e388d60bc0;
 .timescale 0 0;
P_000001e388d77d20 .param/l "g" 0 2 27, +C4<010100>;
v000001e388d63f80_0 .net *"_ivl_2", 31 0, v000001e388dcc8a0_20;  1 drivers
S_000001e388dcb980 .scope generate, "output_map[21]" "output_map[21]" 2 27, 2 27 0, S_000001e388d60bc0;
 .timescale 0 0;
P_000001e388d78160 .param/l "g" 0 2 27, +C4<010101>;
v000001e388d64ac0_0 .net *"_ivl_2", 31 0, v000001e388dcc8a0_21;  1 drivers
S_000001e388dcc470 .scope generate, "output_map[22]" "output_map[22]" 2 27, 2 27 0, S_000001e388d60bc0;
 .timescale 0 0;
P_000001e388d78520 .param/l "g" 0 2 27, +C4<010110>;
v000001e388d64b60_0 .net *"_ivl_2", 31 0, v000001e388dcc8a0_22;  1 drivers
S_000001e388dcc150 .scope generate, "output_map[23]" "output_map[23]" 2 27, 2 27 0, S_000001e388d60bc0;
 .timescale 0 0;
P_000001e388d781e0 .param/l "g" 0 2 27, +C4<010111>;
v000001e388dce560_0 .net *"_ivl_2", 31 0, v000001e388dcc8a0_23;  1 drivers
S_000001e388dcbfc0 .scope generate, "output_map[24]" "output_map[24]" 2 27, 2 27 0, S_000001e388d60bc0;
 .timescale 0 0;
P_000001e388d788a0 .param/l "g" 0 2 27, +C4<011000>;
v000001e388dcde80_0 .net *"_ivl_2", 31 0, v000001e388dcc8a0_24;  1 drivers
S_000001e388dcbb10 .scope generate, "output_map[25]" "output_map[25]" 2 27, 2 27 0, S_000001e388d60bc0;
 .timescale 0 0;
P_000001e388d77ee0 .param/l "g" 0 2 27, +C4<011001>;
v000001e388dccb20_0 .net *"_ivl_2", 31 0, v000001e388dcc8a0_25;  1 drivers
S_000001e388dcf260 .scope generate, "output_map[26]" "output_map[26]" 2 27, 2 27 0, S_000001e388d60bc0;
 .timescale 0 0;
P_000001e388d782a0 .param/l "g" 0 2 27, +C4<011010>;
v000001e388dccbc0_0 .net *"_ivl_2", 31 0, v000001e388dcc8a0_26;  1 drivers
S_000001e388dcfd50 .scope generate, "output_map[27]" "output_map[27]" 2 27, 2 27 0, S_000001e388d60bc0;
 .timescale 0 0;
P_000001e388d77ba0 .param/l "g" 0 2 27, +C4<011011>;
v000001e388dce600_0 .net *"_ivl_2", 31 0, v000001e388dcc8a0_27;  1 drivers
S_000001e388dd0200 .scope generate, "output_map[28]" "output_map[28]" 2 27, 2 27 0, S_000001e388d60bc0;
 .timescale 0 0;
P_000001e388d78020 .param/l "g" 0 2 27, +C4<011100>;
v000001e388dce2e0_0 .net *"_ivl_2", 31 0, v000001e388dcc8a0_28;  1 drivers
S_000001e388dcf580 .scope generate, "output_map[29]" "output_map[29]" 2 27, 2 27 0, S_000001e388d60bc0;
 .timescale 0 0;
P_000001e388d77f20 .param/l "g" 0 2 27, +C4<011101>;
v000001e388dccc60_0 .net *"_ivl_2", 31 0, v000001e388dcc8a0_29;  1 drivers
S_000001e388dcf3f0 .scope generate, "output_map[30]" "output_map[30]" 2 27, 2 27 0, S_000001e388d60bc0;
 .timescale 0 0;
P_000001e388d78320 .param/l "g" 0 2 27, +C4<011110>;
v000001e388dce6a0_0 .net *"_ivl_2", 31 0, v000001e388dcc8a0_30;  1 drivers
    .scope S_000001e388d60bc0;
T_0 ;
    %wait E_000001e388d77f60;
    %load/vec4 v000001e388dcd5c0_0;
    %flag_set/vec4 8;
    %jmp/0xz  T_0.0, 8;
    %pushi/vec4 0, 0, 32;
    %store/vec4 v000001e388dcdc00_0, 0, 32;
T_0.2 ;
    %load/vec4 v000001e388dcdc00_0;
    %cmpi/s 31, 0, 32;
    %jmp/0xz T_0.3, 5;
    %pushi/vec4 0, 0, 32;
    %ix/getv/s 3, v000001e388dcdc00_0;
    %ix/load 4, 0, 0; Constant delay
    %assign/vec4/a/d v000001e388dcc8a0, 0, 4;
    %load/vec4 v000001e388dcdc00_0;
    %addi 1, 0, 32;
    %store/vec4 v000001e388dcdc00_0, 0, 32;
    %jmp T_0.2;
T_0.3 ;
    %jmp T_0.1;
T_0.0 ;
    %load/vec4 v000001e388dcdde0_0;
    %flag_set/vec4 8;
    %jmp/0xz  T_0.4, 8;
    %pushi/vec4 1, 0, 32;
    %store/vec4 v000001e388dcdc00_0, 0, 32;
T_0.6 ;
    %load/vec4 v000001e388dcdc00_0;
    %cmpi/s 31, 0, 32;
    %jmp/0xz T_0.7, 5;
    %load/vec4 v000001e388dcdb60_0;
    %pushi/vec4 31, 0, 32;
    %load/vec4 v000001e388dcdc00_0;
    %muli 2, 0, 32;
    %sub;
    %ix/vec4/s 3;
    %ix/load 4, 0, 0; Constant delay
    %assign/vec4/a/d v000001e388dcc8a0, 0, 4;
    %load/vec4 v000001e388dcd020_0;
    %pushi/vec4 31, 0, 32;
    %load/vec4 v000001e388dcdc00_0;
    %muli 1, 0, 32;
    %sub;
    %ix/vec4/s 3;
    %ix/load 4, 0, 0; Constant delay
    %assign/vec4/a/d v000001e388dcc8a0, 0, 4;
    %load/vec4 v000001e388dcdc00_0;
    %addi 1, 0, 32;
    %store/vec4 v000001e388dcdc00_0, 0, 32;
    %jmp T_0.6;
T_0.7 ;
T_0.4 ;
T_0.1 ;
    %jmp T_0;
    .thread T_0;
# The file index is used to find the file name in the following table.
:file_names 3;
    "N/A";
    "<interactive>";
    "reg_file_weight.v";
