#! /c/Source/iverilog-install/bin/vvp
:ivl_version "12.0 (devel)" "(s20150603-1539-g2693dd32b)";
:ivl_delay_selection "TYPICAL";
:vpi_time_precision + 0;
:vpi_module "C:\iverilog\lib\ivl\system.vpi";
:vpi_module "C:\iverilog\lib\ivl\vhdl_sys.vpi";
:vpi_module "C:\iverilog\lib\ivl\vhdl_textio.vpi";
:vpi_module "C:\iverilog\lib\ivl\v2005_math.vpi";
:vpi_module "C:\iverilog\lib\ivl\va_math.vpi";
S_00000210a2342ce0 .scope module, "PReLu" "PReLu" 2 4;
 .timescale 0 0;
    .port_info 0 /INPUT 32 "x";
    .port_info 1 /INPUT 32 "a";
    .port_info 2 /OUTPUT 32 "y";
P_00000210a23433c0 .param/l "FBITS" 0 2 6, +C4<00000000000000000000000000011011>;
P_00000210a23433f8 .param/l "WIDTH" 0 2 5, +C4<00000000000000000000000000100000>;
v00000210a2343250_0 .net/s *"_ivl_2", 63 0, L_00000210a23710a0;  1 drivers
v00000210a232bd20_0 .net/s *"_ivl_4", 63 0, L_00000210a2371140;  1 drivers
v00000210a2328a80_0 .net *"_ivl_9", 31 0, L_00000210a2372290;  1 drivers
o00000210a2377028 .functor BUFZ 32, C4<zzzzzzzzzzzzzzzzzzzzzzzzzzzzzzzz>; HiZ drive
v00000210a232e320_0 .net/s "a", 31 0, o00000210a2377028;  0 drivers
v00000210a232e3c0_0 .net/s "product", 63 0, L_00000210a23711e0;  1 drivers
v00000210a2342e70_0 .net "sign", 0 0, L_00000210a2343050;  1 drivers
o00000210a23770b8 .functor BUFZ 32, C4<zzzzzzzzzzzzzzzzzzzzzzzzzzzzzzzz>; HiZ drive
v00000210a2342f10_0 .net/s "x", 31 0, o00000210a23770b8;  0 drivers
v00000210a2342fb0_0 .net/s "y", 31 0, L_00000210a2372330;  1 drivers
L_00000210a2343050 .part o00000210a23770b8, 31, 1;
L_00000210a23710a0 .extend/s 64, o00000210a23770b8;
L_00000210a2371140 .extend/s 64, o00000210a2377028;
L_00000210a23711e0 .arith/mult 64, L_00000210a23710a0, L_00000210a2371140;
L_00000210a2372290 .part L_00000210a23711e0, 27, 32;
L_00000210a2372330 .functor MUXZ 32, o00000210a23770b8, L_00000210a2372290, L_00000210a2343050, C4<>;
# The file index is used to find the file name in the following table.
:file_names 3;
    "N/A";
    "<interactive>";
    "PReLu.v";
